[2.339s] Invoking command in '/home/osboxes/ros2_proj4a/build/simulation': PYTHONPATH=/home/osboxes/ros2_proj4a/build/simulation/prefix_override:/home/osboxes/ros2_proj4a/install/simulation/lib/python3.10/site-packages:${PYTHONPATH} /usr/bin/python3 setup.py develop --uninstall --editable --build-directory /home/osboxes/ros2_proj4a/build/simulation/build
[3.255s] running develop
[3.981s] Invoked command in '/home/osboxes/ros2_proj4a/build/simulation' returned '0': PYTHONPATH=/home/osboxes/ros2_proj4a/build/simulation/prefix_override:/home/osboxes/ros2_proj4a/install/simulation/lib/python3.10/site-packages:${PYTHONPATH} /usr/bin/python3 setup.py develop --uninstall --editable --build-directory /home/osboxes/ros2_proj4a/build/simulation/build
[3.988s] Invoking command in '/home/osboxes/ros2_proj4a/src/simulation': PYTHONPATH=/home/osboxes/ros2_proj4a/build/simulation/prefix_override:/home/osboxes/ros2_proj4a/install/simulation/lib/python3.10/site-packages:${PYTHONPATH} /usr/bin/python3 setup.py egg_info --egg-base ../../build/simulation build --build-base /home/osboxes/ros2_proj4a/build/simulation/build install --record /home/osboxes/ros2_proj4a/build/simulation/install.log --single-version-externally-managed
[4.887s] running egg_info
[4.888s] writing ../../build/simulation/simulation.egg-info/PKG-INFO
[4.889s] writing dependency_links to ../../build/simulation/simulation.egg-info/dependency_links.txt
[4.889s] writing entry points to ../../build/simulation/simulation.egg-info/entry_points.txt
[4.890s] writing requirements to ../../build/simulation/simulation.egg-info/requires.txt
[4.890s] writing top-level names to ../../build/simulation/simulation.egg-info/top_level.txt
[4.899s] reading manifest file '../../build/simulation/simulation.egg-info/SOURCES.txt'
[4.902s] writing manifest file '../../build/simulation/simulation.egg-info/SOURCES.txt'
[4.903s] running build
[4.904s] running build_py
[4.904s] copying simulation/nav_controller.py -> /home/osboxes/ros2_proj4a/build/simulation/build/lib/simulation
[4.904s] running install
[4.907s] running install_lib
[4.909s] copying /home/osboxes/ros2_proj4a/build/simulation/build/lib/simulation/nav_controller.py -> /home/osboxes/ros2_proj4a/install/simulation/lib/python3.10/site-packages/simulation
[4.912s] byte-compiling /home/osboxes/ros2_proj4a/install/simulation/lib/python3.10/site-packages/simulation/nav_controller.py to nav_controller.cpython-310.pyc
[4.913s] running install_data
[4.916s] running install_egg_info
[4.920s] removing '/home/osboxes/ros2_proj4a/install/simulation/lib/python3.10/site-packages/simulation-0.0.0-py3.10.egg-info' (and everything under it)
[4.922s] Copying ../../build/simulation/simulation.egg-info to /home/osboxes/ros2_proj4a/install/simulation/lib/python3.10/site-packages/simulation-0.0.0-py3.10.egg-info
[4.923s] running install_scripts
[4.991s] Installing nav_controller script to /home/osboxes/ros2_proj4a/install/simulation/lib/simulation
[4.992s] Installing proj4a script to /home/osboxes/ros2_proj4a/install/simulation/lib/simulation
[4.992s] Installing vel_translator script to /home/osboxes/ros2_proj4a/install/simulation/lib/simulation
[4.996s] writing list of installed files to '/home/osboxes/ros2_proj4a/build/simulation/install.log'
[5.134s] Invoked command in '/home/osboxes/ros2_proj4a/src/simulation' returned '0': PYTHONPATH=/home/osboxes/ros2_proj4a/build/simulation/prefix_override:/home/osboxes/ros2_proj4a/install/simulation/lib/python3.10/site-packages:${PYTHONPATH} /usr/bin/python3 setup.py egg_info --egg-base ../../build/simulation build --build-base /home/osboxes/ros2_proj4a/build/simulation/build install --record /home/osboxes/ros2_proj4a/build/simulation/install.log --single-version-externally-managed
