[1.547s] Invoking command in '/home/osboxes/ros2_proj4a/build/simulation': PYTHONPATH=/home/osboxes/ros2_proj4a/build/simulation/prefix_override:/home/osboxes/ros2_proj4a/install/simulation/lib/python3.10/site-packages:${PYTHONPATH} /usr/bin/python3 setup.py develop --uninstall --editable --build-directory /home/osboxes/ros2_proj4a/build/simulation/build
[2.196s] running develop
[2.663s] Invoked command in '/home/osboxes/ros2_proj4a/build/simulation' returned '0': PYTHONPATH=/home/osboxes/ros2_proj4a/build/simulation/prefix_override:/home/osboxes/ros2_proj4a/install/simulation/lib/python3.10/site-packages:${PYTHONPATH} /usr/bin/python3 setup.py develop --uninstall --editable --build-directory /home/osboxes/ros2_proj4a/build/simulation/build
[2.663s] Invoking command in '/home/osboxes/ros2_proj4a/src/simulation': PYTHONPATH=/home/osboxes/ros2_proj4a/build/simulation/prefix_override:/home/osboxes/ros2_proj4a/install/simulation/lib/python3.10/site-packages:${PYTHONPATH} /usr/bin/python3 setup.py egg_info --egg-base ../../build/simulation build --build-base /home/osboxes/ros2_proj4a/build/simulation/build install --record /home/osboxes/ros2_proj4a/build/simulation/install.log --single-version-externally-managed
[3.229s] running egg_info
[3.230s] writing ../../build/simulation/simulation.egg-info/PKG-INFO
[3.233s] writing dependency_links to ../../build/simulation/simulation.egg-info/dependency_links.txt
[3.233s] writing entry points to ../../build/simulation/simulation.egg-info/entry_points.txt
[3.233s] writing requirements to ../../build/simulation/simulation.egg-info/requires.txt
[3.233s] writing top-level names to ../../build/simulation/simulation.egg-info/top_level.txt
[3.234s] reading manifest file '../../build/simulation/simulation.egg-info/SOURCES.txt'
[3.236s] writing manifest file '../../build/simulation/simulation.egg-info/SOURCES.txt'
[3.236s] running build
[3.236s] running build_py
[3.237s] copying simulation/proj4a.py -> /home/osboxes/ros2_proj4a/build/simulation/build/lib/simulation
[3.237s] running install
[3.238s] running install_lib
[3.241s] copying /home/osboxes/ros2_proj4a/build/simulation/build/lib/simulation/proj4a.py -> /home/osboxes/ros2_proj4a/install/simulation/lib/python3.10/site-packages/simulation
[3.241s] byte-compiling /home/osboxes/ros2_proj4a/install/simulation/lib/python3.10/site-packages/simulation/proj4a.py to proj4a.cpython-310.pyc
[3.248s] running install_data
[3.248s] running install_egg_info
[3.249s] removing '/home/osboxes/ros2_proj4a/install/simulation/lib/python3.10/site-packages/simulation-0.0.0-py3.10.egg-info' (and everything under it)
[3.249s] Copying ../../build/simulation/simulation.egg-info to /home/osboxes/ros2_proj4a/install/simulation/lib/python3.10/site-packages/simulation-0.0.0-py3.10.egg-info
[3.253s] running install_scripts
[3.291s] Installing proj4a script to /home/osboxes/ros2_proj4a/install/simulation/lib/simulation
[3.292s] Installing proj4anode2 script to /home/osboxes/ros2_proj4a/install/simulation/lib/simulation
[3.292s] writing list of installed files to '/home/osboxes/ros2_proj4a/build/simulation/install.log'
[3.350s] Invoked command in '/home/osboxes/ros2_proj4a/src/simulation' returned '0': PYTHONPATH=/home/osboxes/ros2_proj4a/build/simulation/prefix_override:/home/osboxes/ros2_proj4a/install/simulation/lib/python3.10/site-packages:${PYTHONPATH} /usr/bin/python3 setup.py egg_info --egg-base ../../build/simulation build --build-base /home/osboxes/ros2_proj4a/build/simulation/build install --record /home/osboxes/ros2_proj4a/build/simulation/install.log --single-version-externally-managed
