[1.599s] Invoking command in '/home/osboxes/ros2_proj4a/build/simulation': PYTHONPATH=/home/osboxes/ros2_proj4a/build/simulation/prefix_override:/home/osboxes/ros2_proj4a/install/simulation/lib/python3.10/site-packages:${PYTHONPATH} /usr/bin/python3 setup.py develop --uninstall --editable --build-directory /home/osboxes/ros2_proj4a/build/simulation/build
[2.159s] running develop
[2.634s] Invoked command in '/home/osboxes/ros2_proj4a/build/simulation' returned '0': PYTHONPATH=/home/osboxes/ros2_proj4a/build/simulation/prefix_override:/home/osboxes/ros2_proj4a/install/simulation/lib/python3.10/site-packages:${PYTHONPATH} /usr/bin/python3 setup.py develop --uninstall --editable --build-directory /home/osboxes/ros2_proj4a/build/simulation/build
[2.645s] Invoking command in '/home/osboxes/ros2_proj4a/src/simulation': PYTHONPATH=/home/osboxes/ros2_proj4a/build/simulation/prefix_override:/home/osboxes/ros2_proj4a/install/simulation/lib/python3.10/site-packages:${PYTHONPATH} /usr/bin/python3 setup.py egg_info --egg-base ../../build/simulation build --build-base /home/osboxes/ros2_proj4a/build/simulation/build install --record /home/osboxes/ros2_proj4a/build/simulation/install.log --single-version-externally-managed
[3.108s] running egg_info
[3.112s] writing ../../build/simulation/simulation.egg-info/PKG-INFO
[3.113s] writing dependency_links to ../../build/simulation/simulation.egg-info/dependency_links.txt
[3.123s] writing entry points to ../../build/simulation/simulation.egg-info/entry_points.txt
[3.147s] writing requirements to ../../build/simulation/simulation.egg-info/requires.txt
[3.149s] writing top-level names to ../../build/simulation/simulation.egg-info/top_level.txt
[3.175s] reading manifest file '../../build/simulation/simulation.egg-info/SOURCES.txt'
[3.175s] writing manifest file '../../build/simulation/simulation.egg-info/SOURCES.txt'
[3.176s] running build
[3.176s] running build_py
[3.179s] copying simulation/proj4a.py -> /home/osboxes/ros2_proj4a/build/simulation/build/lib/simulation
[3.180s] running install
[3.184s] running install_lib
[3.190s] copying /home/osboxes/ros2_proj4a/build/simulation/build/lib/simulation/proj4a.py -> /home/osboxes/ros2_proj4a/install/simulation/lib/python3.10/site-packages/simulation
[3.195s] byte-compiling /home/osboxes/ros2_proj4a/install/simulation/lib/python3.10/site-packages/simulation/proj4a.py to proj4a.cpython-310.pyc
[3.205s] running install_data
[3.210s] running install_egg_info
[3.212s] removing '/home/osboxes/ros2_proj4a/install/simulation/lib/python3.10/site-packages/simulation-0.0.0-py3.10.egg-info' (and everything under it)
[3.215s] Copying ../../build/simulation/simulation.egg-info to /home/osboxes/ros2_proj4a/install/simulation/lib/python3.10/site-packages/simulation-0.0.0-py3.10.egg-info
[3.221s] running install_scripts
[3.246s] Installing proj4a script to /home/osboxes/ros2_proj4a/install/simulation/lib/simulation
[3.254s] writing list of installed files to '/home/osboxes/ros2_proj4a/build/simulation/install.log'
[3.361s] Invoked command in '/home/osboxes/ros2_proj4a/src/simulation' returned '0': PYTHONPATH=/home/osboxes/ros2_proj4a/build/simulation/prefix_override:/home/osboxes/ros2_proj4a/install/simulation/lib/python3.10/site-packages:${PYTHONPATH} /usr/bin/python3 setup.py egg_info --egg-base ../../build/simulation build --build-base /home/osboxes/ros2_proj4a/build/simulation/build install --record /home/osboxes/ros2_proj4a/build/simulation/install.log --single-version-externally-managed
