[2.312s] Invoking command in '/home/osboxes/ros2_proj4a/build/simulation': PYTHONPATH=/home/osboxes/ros2_proj4a/build/simulation/prefix_override:/home/osboxes/ros2_proj4a/install/simulation/lib/python3.10/site-packages:${PYTHONPATH} /usr/bin/python3 setup.py develop --uninstall --editable --build-directory /home/osboxes/ros2_proj4a/build/simulation/build
[3.245s] running develop
[3.947s] Invoked command in '/home/osboxes/ros2_proj4a/build/simulation' returned '0': PYTHONPATH=/home/osboxes/ros2_proj4a/build/simulation/prefix_override:/home/osboxes/ros2_proj4a/install/simulation/lib/python3.10/site-packages:${PYTHONPATH} /usr/bin/python3 setup.py develop --uninstall --editable --build-directory /home/osboxes/ros2_proj4a/build/simulation/build
[3.952s] Invoking command in '/home/osboxes/ros2_proj4a/src/simulation': PYTHONPATH=/home/osboxes/ros2_proj4a/build/simulation/prefix_override:/home/osboxes/ros2_proj4a/install/simulation/lib/python3.10/site-packages:${PYTHONPATH} /usr/bin/python3 setup.py egg_info --egg-base ../../build/simulation build --build-base /home/osboxes/ros2_proj4a/build/simulation/build install --record /home/osboxes/ros2_proj4a/build/simulation/install.log --single-version-externally-managed
[4.816s] running egg_info
[4.818s] writing ../../build/simulation/simulation.egg-info/PKG-INFO
[4.818s] writing dependency_links to ../../build/simulation/simulation.egg-info/dependency_links.txt
[4.819s] writing entry points to ../../build/simulation/simulation.egg-info/entry_points.txt
[4.823s] writing requirements to ../../build/simulation/simulation.egg-info/requires.txt
[4.826s] writing top-level names to ../../build/simulation/simulation.egg-info/top_level.txt
[4.830s] reading manifest file '../../build/simulation/simulation.egg-info/SOURCES.txt'
[4.833s] writing manifest file '../../build/simulation/simulation.egg-info/SOURCES.txt'
[4.833s] running build
[4.833s] running build_py
[4.834s] running install
[4.835s] running install_lib
[4.842s] running install_data
[4.845s] copying urdf/example1.world -> /home/osboxes/ros2_proj4a/install/simulation/share/simulation
[4.848s] running install_egg_info
[4.853s] removing '/home/osboxes/ros2_proj4a/install/simulation/lib/python3.10/site-packages/simulation-0.0.0-py3.10.egg-info' (and everything under it)
[4.853s] Copying ../../build/simulation/simulation.egg-info to /home/osboxes/ros2_proj4a/install/simulation/lib/python3.10/site-packages/simulation-0.0.0-py3.10.egg-info
[4.855s] running install_scripts
[4.933s] Installing nav_controller script to /home/osboxes/ros2_proj4a/install/simulation/lib/simulation
[4.934s] Installing proj4a script to /home/osboxes/ros2_proj4a/install/simulation/lib/simulation
[4.934s] Installing vel_translator script to /home/osboxes/ros2_proj4a/install/simulation/lib/simulation
[4.934s] writing list of installed files to '/home/osboxes/ros2_proj4a/build/simulation/install.log'
[5.093s] Invoked command in '/home/osboxes/ros2_proj4a/src/simulation' returned '0': PYTHONPATH=/home/osboxes/ros2_proj4a/build/simulation/prefix_override:/home/osboxes/ros2_proj4a/install/simulation/lib/python3.10/site-packages:${PYTHONPATH} /usr/bin/python3 setup.py egg_info --egg-base ../../build/simulation build --build-base /home/osboxes/ros2_proj4a/build/simulation/build install --record /home/osboxes/ros2_proj4a/build/simulation/install.log --single-version-externally-managed
