[3.054s] Invoking command in '/home/osboxes/ros2_proj4a/build/simulation': PYTHONPATH=/home/osboxes/ros2_proj4a/build/simulation/prefix_override:/home/osboxes/ros2_proj4a/install/simulation/lib/python3.10/site-packages:${PYTHONPATH} /usr/bin/python3 setup.py develop --uninstall --editable --build-directory /home/osboxes/ros2_proj4a/build/simulation/build
[4.195s] running develop
[4.898s] Invoked command in '/home/osboxes/ros2_proj4a/build/simulation' returned '0': PYTHONPATH=/home/osboxes/ros2_proj4a/build/simulation/prefix_override:/home/osboxes/ros2_proj4a/install/simulation/lib/python3.10/site-packages:${PYTHONPATH} /usr/bin/python3 setup.py develop --uninstall --editable --build-directory /home/osboxes/ros2_proj4a/build/simulation/build
[4.898s] Invoking command in '/home/osboxes/ros2_proj4a/src/simulation': PYTHONPATH=/home/osboxes/ros2_proj4a/build/simulation/prefix_override:/home/osboxes/ros2_proj4a/install/simulation/lib/python3.10/site-packages:${PYTHONPATH} /usr/bin/python3 setup.py egg_info --egg-base ../../build/simulation build --build-base /home/osboxes/ros2_proj4a/build/simulation/build install --record /home/osboxes/ros2_proj4a/build/simulation/install.log --single-version-externally-managed
[5.558s] running egg_info
[5.559s] writing ../../build/simulation/simulation.egg-info/PKG-INFO
[5.560s] writing dependency_links to ../../build/simulation/simulation.egg-info/dependency_links.txt
[5.560s] writing entry points to ../../build/simulation/simulation.egg-info/entry_points.txt
[5.560s] writing requirements to ../../build/simulation/simulation.egg-info/requires.txt
[5.560s] writing top-level names to ../../build/simulation/simulation.egg-info/top_level.txt
[5.568s] reading manifest file '../../build/simulation/simulation.egg-info/SOURCES.txt'
[5.570s] writing manifest file '../../build/simulation/simulation.egg-info/SOURCES.txt'
[5.570s] running build
[5.570s] running build_py
[5.570s] copying simulation/proj4a.py -> /home/osboxes/ros2_proj4a/build/simulation/build/lib/simulation
[5.571s] copying simulation/proj4anode2.py -> /home/osboxes/ros2_proj4a/build/simulation/build/lib/simulation
[5.571s] running install
[5.572s] running install_lib
[5.572s] copying /home/osboxes/ros2_proj4a/build/simulation/build/lib/simulation/proj4a.py -> /home/osboxes/ros2_proj4a/install/simulation/lib/python3.10/site-packages/simulation
[5.573s] copying /home/osboxes/ros2_proj4a/build/simulation/build/lib/simulation/proj4anode2.py -> /home/osboxes/ros2_proj4a/install/simulation/lib/python3.10/site-packages/simulation
[5.574s] byte-compiling /home/osboxes/ros2_proj4a/install/simulation/lib/python3.10/site-packages/simulation/proj4a.py to proj4a.cpython-310.pyc
[5.577s] byte-compiling /home/osboxes/ros2_proj4a/install/simulation/lib/python3.10/site-packages/simulation/proj4anode2.py to proj4anode2.cpython-310.pyc
[5.579s] running install_data
[5.580s] running install_egg_info
[5.585s] removing '/home/osboxes/ros2_proj4a/install/simulation/lib/python3.10/site-packages/simulation-0.0.0-py3.10.egg-info' (and everything under it)
[5.585s] Copying ../../build/simulation/simulation.egg-info to /home/osboxes/ros2_proj4a/install/simulation/lib/python3.10/site-packages/simulation-0.0.0-py3.10.egg-info
[5.587s] running install_scripts
[5.630s] Installing proj4a script to /home/osboxes/ros2_proj4a/install/simulation/lib/simulation
[5.637s] Installing proj4anode2 script to /home/osboxes/ros2_proj4a/install/simulation/lib/simulation
[5.637s] writing list of installed files to '/home/osboxes/ros2_proj4a/build/simulation/install.log'
[5.692s] Invoked command in '/home/osboxes/ros2_proj4a/src/simulation' returned '0': PYTHONPATH=/home/osboxes/ros2_proj4a/build/simulation/prefix_override:/home/osboxes/ros2_proj4a/install/simulation/lib/python3.10/site-packages:${PYTHONPATH} /usr/bin/python3 setup.py egg_info --egg-base ../../build/simulation build --build-base /home/osboxes/ros2_proj4a/build/simulation/build install --record /home/osboxes/ros2_proj4a/build/simulation/install.log --single-version-externally-managed
