[2.226s] Invoking command in '/home/osboxes/ros2_proj4a/build/simulation': PYTHONPATH=/home/osboxes/ros2_proj4a/build/simulation/prefix_override:/home/osboxes/ros2_proj4a/install/simulation/lib/python3.10/site-packages:${PYTHONPATH} /usr/bin/python3 setup.py develop --uninstall --editable --build-directory /home/osboxes/ros2_proj4a/build/simulation/build
[3.194s] running develop
[3.889s] Invoked command in '/home/osboxes/ros2_proj4a/build/simulation' returned '0': PYTHONPATH=/home/osboxes/ros2_proj4a/build/simulation/prefix_override:/home/osboxes/ros2_proj4a/install/simulation/lib/python3.10/site-packages:${PYTHONPATH} /usr/bin/python3 setup.py develop --uninstall --editable --build-directory /home/osboxes/ros2_proj4a/build/simulation/build
[3.892s] Invoking command in '/home/osboxes/ros2_proj4a/src/simulation': PYTHONPATH=/home/osboxes/ros2_proj4a/build/simulation/prefix_override:/home/osboxes/ros2_proj4a/install/simulation/lib/python3.10/site-packages:${PYTHONPATH} /usr/bin/python3 setup.py egg_info --egg-base ../../build/simulation build --build-base /home/osboxes/ros2_proj4a/build/simulation/build install --record /home/osboxes/ros2_proj4a/build/simulation/install.log --single-version-externally-managed
[4.696s] running egg_info
[4.698s] writing ../../build/simulation/simulation.egg-info/PKG-INFO
[4.700s] writing dependency_links to ../../build/simulation/simulation.egg-info/dependency_links.txt
[4.700s] writing entry points to ../../build/simulation/simulation.egg-info/entry_points.txt
[4.700s] writing requirements to ../../build/simulation/simulation.egg-info/requires.txt
[4.700s] writing top-level names to ../../build/simulation/simulation.egg-info/top_level.txt
[4.706s] reading manifest file '../../build/simulation/simulation.egg-info/SOURCES.txt'
[4.709s] writing manifest file '../../build/simulation/simulation.egg-info/SOURCES.txt'
[4.710s] running build
[4.711s] running build_py
[4.711s] copying simulation/nav_controller.py -> /home/osboxes/ros2_proj4a/build/simulation/build/lib/simulation
[4.711s] running install
[4.711s] running install_lib
[4.713s] copying /home/osboxes/ros2_proj4a/build/simulation/build/lib/simulation/nav_controller.py -> /home/osboxes/ros2_proj4a/install/simulation/lib/python3.10/site-packages/simulation
[4.714s] byte-compiling /home/osboxes/ros2_proj4a/install/simulation/lib/python3.10/site-packages/simulation/nav_controller.py to nav_controller.cpython-310.pyc
[4.716s] running install_data
[4.721s] running install_egg_info
[4.728s] removing '/home/osboxes/ros2_proj4a/install/simulation/lib/python3.10/site-packages/simulation-0.0.0-py3.10.egg-info' (and everything under it)
[4.729s] Copying ../../build/simulation/simulation.egg-info to /home/osboxes/ros2_proj4a/install/simulation/lib/python3.10/site-packages/simulation-0.0.0-py3.10.egg-info
[4.732s] running install_scripts
[4.797s] Installing nav_controller script to /home/osboxes/ros2_proj4a/install/simulation/lib/simulation
[4.798s] Installing proj4a script to /home/osboxes/ros2_proj4a/install/simulation/lib/simulation
[4.800s] Installing vel_translator script to /home/osboxes/ros2_proj4a/install/simulation/lib/simulation
[4.801s] writing list of installed files to '/home/osboxes/ros2_proj4a/build/simulation/install.log'
[4.895s] Invoked command in '/home/osboxes/ros2_proj4a/src/simulation' returned '0': PYTHONPATH=/home/osboxes/ros2_proj4a/build/simulation/prefix_override:/home/osboxes/ros2_proj4a/install/simulation/lib/python3.10/site-packages:${PYTHONPATH} /usr/bin/python3 setup.py egg_info --egg-base ../../build/simulation build --build-base /home/osboxes/ros2_proj4a/build/simulation/build install --record /home/osboxes/ros2_proj4a/build/simulation/install.log --single-version-externally-managed
