[2.464s] Invoking command in '/home/osboxes/ros2_proj4a/build/simulation': PYTHONPATH=/home/osboxes/ros2_proj4a/build/simulation/prefix_override:/home/osboxes/ros2_proj4a/install/simulation/lib/python3.10/site-packages:${PYTHONPATH} /usr/bin/python3 setup.py develop --uninstall --editable --build-directory /home/osboxes/ros2_proj4a/build/simulation/build
[3.376s] running develop
[4.057s] Invoked command in '/home/osboxes/ros2_proj4a/build/simulation' returned '0': PYTHONPATH=/home/osboxes/ros2_proj4a/build/simulation/prefix_override:/home/osboxes/ros2_proj4a/install/simulation/lib/python3.10/site-packages:${PYTHONPATH} /usr/bin/python3 setup.py develop --uninstall --editable --build-directory /home/osboxes/ros2_proj4a/build/simulation/build
[4.059s] Invoking command in '/home/osboxes/ros2_proj4a/src/simulation': PYTHONPATH=/home/osboxes/ros2_proj4a/build/simulation/prefix_override:/home/osboxes/ros2_proj4a/install/simulation/lib/python3.10/site-packages:${PYTHONPATH} /usr/bin/python3 setup.py egg_info --egg-base ../../build/simulation build --build-base /home/osboxes/ros2_proj4a/build/simulation/build install --record /home/osboxes/ros2_proj4a/build/simulation/install.log --single-version-externally-managed
[4.931s] running egg_info
[4.934s] writing ../../build/simulation/simulation.egg-info/PKG-INFO
[4.935s] writing dependency_links to ../../build/simulation/simulation.egg-info/dependency_links.txt
[4.936s] writing entry points to ../../build/simulation/simulation.egg-info/entry_points.txt
[4.937s] writing requirements to ../../build/simulation/simulation.egg-info/requires.txt
[4.938s] writing top-level names to ../../build/simulation/simulation.egg-info/top_level.txt
[4.949s] reading manifest file '../../build/simulation/simulation.egg-info/SOURCES.txt'
[4.954s] writing manifest file '../../build/simulation/simulation.egg-info/SOURCES.txt'
[4.955s] running build
[4.956s] running build_py
[4.960s] copying simulation/proj4a.py -> /home/osboxes/ros2_proj4a/build/simulation/build/lib/simulation
[4.965s] running install
[4.968s] running install_lib
[4.981s] copying /home/osboxes/ros2_proj4a/build/simulation/build/lib/simulation/proj4a.py -> /home/osboxes/ros2_proj4a/install/simulation/lib/python3.10/site-packages/simulation
[4.985s] byte-compiling /home/osboxes/ros2_proj4a/install/simulation/lib/python3.10/site-packages/simulation/proj4a.py to proj4a.cpython-310.pyc
[4.996s] running install_data
[5.001s] running install_egg_info
[5.009s] removing '/home/osboxes/ros2_proj4a/install/simulation/lib/python3.10/site-packages/simulation-0.0.0-py3.10.egg-info' (and everything under it)
[5.010s] Copying ../../build/simulation/simulation.egg-info to /home/osboxes/ros2_proj4a/install/simulation/lib/python3.10/site-packages/simulation-0.0.0-py3.10.egg-info
[5.012s] running install_scripts
[5.090s] Installing nav_controller script to /home/osboxes/ros2_proj4a/install/simulation/lib/simulation
[5.092s] Installing proj4a script to /home/osboxes/ros2_proj4a/install/simulation/lib/simulation
[5.093s] Installing vel_translator script to /home/osboxes/ros2_proj4a/install/simulation/lib/simulation
[5.094s] writing list of installed files to '/home/osboxes/ros2_proj4a/build/simulation/install.log'
[5.232s] Invoked command in '/home/osboxes/ros2_proj4a/src/simulation' returned '0': PYTHONPATH=/home/osboxes/ros2_proj4a/build/simulation/prefix_override:/home/osboxes/ros2_proj4a/install/simulation/lib/python3.10/site-packages:${PYTHONPATH} /usr/bin/python3 setup.py egg_info --egg-base ../../build/simulation build --build-base /home/osboxes/ros2_proj4a/build/simulation/build install --record /home/osboxes/ros2_proj4a/build/simulation/install.log --single-version-externally-managed
