[2.301s] Invoking command in '/home/osboxes/ros2_proj4a/build/simulation': PYTHONPATH=/home/osboxes/ros2_proj4a/build/simulation/prefix_override:/home/osboxes/ros2_proj4a/install/simulation/lib/python3.10/site-packages:${PYTHONPATH} /usr/bin/python3 setup.py develop --uninstall --editable --build-directory /home/osboxes/ros2_proj4a/build/simulation/build
[3.119s] running develop
[3.736s] Invoked command in '/home/osboxes/ros2_proj4a/build/simulation' returned '0': PYTHONPATH=/home/osboxes/ros2_proj4a/build/simulation/prefix_override:/home/osboxes/ros2_proj4a/install/simulation/lib/python3.10/site-packages:${PYTHONPATH} /usr/bin/python3 setup.py develop --uninstall --editable --build-directory /home/osboxes/ros2_proj4a/build/simulation/build
[3.740s] Invoking command in '/home/osboxes/ros2_proj4a/src/simulation': PYTHONPATH=/home/osboxes/ros2_proj4a/build/simulation/prefix_override:/home/osboxes/ros2_proj4a/install/simulation/lib/python3.10/site-packages:${PYTHONPATH} /usr/bin/python3 setup.py egg_info --egg-base ../../build/simulation build --build-base /home/osboxes/ros2_proj4a/build/simulation/build install --record /home/osboxes/ros2_proj4a/build/simulation/install.log --single-version-externally-managed
[4.519s] running egg_info
[4.524s] writing ../../build/simulation/simulation.egg-info/PKG-INFO
[4.526s] writing dependency_links to ../../build/simulation/simulation.egg-info/dependency_links.txt
[4.527s] writing entry points to ../../build/simulation/simulation.egg-info/entry_points.txt
[4.528s] writing requirements to ../../build/simulation/simulation.egg-info/requires.txt
[4.528s] writing top-level names to ../../build/simulation/simulation.egg-info/top_level.txt
[4.536s] reading manifest file '../../build/simulation/simulation.egg-info/SOURCES.txt'
[4.537s] writing manifest file '../../build/simulation/simulation.egg-info/SOURCES.txt'
[4.537s] running build
[4.537s] running build_py
[4.538s] running install
[4.539s] running install_lib
[4.543s] running install_data
[4.548s] copying urdf/example1.world -> /home/osboxes/ros2_proj4a/install/simulation/share/simulation
[4.549s] running install_egg_info
[4.554s] removing '/home/osboxes/ros2_proj4a/install/simulation/lib/python3.10/site-packages/simulation-0.0.0-py3.10.egg-info' (and everything under it)
[4.554s] Copying ../../build/simulation/simulation.egg-info to /home/osboxes/ros2_proj4a/install/simulation/lib/python3.10/site-packages/simulation-0.0.0-py3.10.egg-info
[4.560s] running install_scripts
[4.612s] Installing nav_controller script to /home/osboxes/ros2_proj4a/install/simulation/lib/simulation
[4.616s] Installing proj4a script to /home/osboxes/ros2_proj4a/install/simulation/lib/simulation
[4.616s] Installing vel_translator script to /home/osboxes/ros2_proj4a/install/simulation/lib/simulation
[4.616s] writing list of installed files to '/home/osboxes/ros2_proj4a/build/simulation/install.log'
[4.716s] Invoked command in '/home/osboxes/ros2_proj4a/src/simulation' returned '0': PYTHONPATH=/home/osboxes/ros2_proj4a/build/simulation/prefix_override:/home/osboxes/ros2_proj4a/install/simulation/lib/python3.10/site-packages:${PYTHONPATH} /usr/bin/python3 setup.py egg_info --egg-base ../../build/simulation build --build-base /home/osboxes/ros2_proj4a/build/simulation/build install --record /home/osboxes/ros2_proj4a/build/simulation/install.log --single-version-externally-managed
