[1.602s] Invoking command in '/home/osboxes/ros2_proj4a/build/simulation': PYTHONPATH=/home/osboxes/ros2_proj4a/build/simulation/prefix_override:/home/osboxes/ros2_proj4a/install/simulation/lib/python3.10/site-packages:${PYTHONPATH} /usr/bin/python3 setup.py develop --uninstall --editable --build-directory /home/osboxes/ros2_proj4a/build/simulation/build
[2.226s] running develop
[2.695s] Invoked command in '/home/osboxes/ros2_proj4a/build/simulation' returned '0': PYTHONPATH=/home/osboxes/ros2_proj4a/build/simulation/prefix_override:/home/osboxes/ros2_proj4a/install/simulation/lib/python3.10/site-packages:${PYTHONPATH} /usr/bin/python3 setup.py develop --uninstall --editable --build-directory /home/osboxes/ros2_proj4a/build/simulation/build
[2.701s] Invoking command in '/home/osboxes/ros2_proj4a/src/simulation': PYTHONPATH=/home/osboxes/ros2_proj4a/build/simulation/prefix_override:/home/osboxes/ros2_proj4a/install/simulation/lib/python3.10/site-packages:${PYTHONPATH} /usr/bin/python3 setup.py egg_info --egg-base ../../build/simulation build --build-base /home/osboxes/ros2_proj4a/build/simulation/build install --record /home/osboxes/ros2_proj4a/build/simulation/install.log --single-version-externally-managed
[3.309s] running egg_info
[3.310s] writing ../../build/simulation/simulation.egg-info/PKG-INFO
[3.311s] writing dependency_links to ../../build/simulation/simulation.egg-info/dependency_links.txt
[3.312s] writing entry points to ../../build/simulation/simulation.egg-info/entry_points.txt
[3.312s] writing requirements to ../../build/simulation/simulation.egg-info/requires.txt
[3.313s] writing top-level names to ../../build/simulation/simulation.egg-info/top_level.txt
[3.316s] reading manifest file '../../build/simulation/simulation.egg-info/SOURCES.txt'
[3.320s] writing manifest file '../../build/simulation/simulation.egg-info/SOURCES.txt'
[3.320s] running build
[3.320s] running build_py
[3.321s] copying simulation/proj4anode2.py -> /home/osboxes/ros2_proj4a/build/simulation/build/lib/simulation
[3.321s] running install
[3.322s] running install_lib
[3.324s] copying /home/osboxes/ros2_proj4a/build/simulation/build/lib/simulation/proj4anode2.py -> /home/osboxes/ros2_proj4a/install/simulation/lib/python3.10/site-packages/simulation
[3.325s] byte-compiling /home/osboxes/ros2_proj4a/install/simulation/lib/python3.10/site-packages/simulation/proj4anode2.py to proj4anode2.cpython-310.pyc
[3.329s] running install_data
[3.331s] running install_egg_info
[3.334s] removing '/home/osboxes/ros2_proj4a/install/simulation/lib/python3.10/site-packages/simulation-0.0.0-py3.10.egg-info' (and everything under it)
[3.335s] Copying ../../build/simulation/simulation.egg-info to /home/osboxes/ros2_proj4a/install/simulation/lib/python3.10/site-packages/simulation-0.0.0-py3.10.egg-info
[3.336s] running install_scripts
[3.379s] Installing proj4a script to /home/osboxes/ros2_proj4a/install/simulation/lib/simulation
[3.379s] Installing proj4anode2 script to /home/osboxes/ros2_proj4a/install/simulation/lib/simulation
[3.380s] writing list of installed files to '/home/osboxes/ros2_proj4a/build/simulation/install.log'
[3.440s] Invoked command in '/home/osboxes/ros2_proj4a/src/simulation' returned '0': PYTHONPATH=/home/osboxes/ros2_proj4a/build/simulation/prefix_override:/home/osboxes/ros2_proj4a/install/simulation/lib/python3.10/site-packages:${PYTHONPATH} /usr/bin/python3 setup.py egg_info --egg-base ../../build/simulation build --build-base /home/osboxes/ros2_proj4a/build/simulation/build install --record /home/osboxes/ros2_proj4a/build/simulation/install.log --single-version-externally-managed
