[2.470s] Invoking command in '/home/osboxes/ros2_proj4a/build/simulation': PYTHONPATH=/home/osboxes/ros2_proj4a/build/simulation/prefix_override:/home/osboxes/ros2_proj4a/install/simulation/lib/python3.10/site-packages:${PYTHONPATH} /usr/bin/python3 setup.py develop --uninstall --editable --build-directory /home/osboxes/ros2_proj4a/build/simulation/build
[3.412s] running develop
[4.147s] Invoked command in '/home/osboxes/ros2_proj4a/build/simulation' returned '0': PYTHONPATH=/home/osboxes/ros2_proj4a/build/simulation/prefix_override:/home/osboxes/ros2_proj4a/install/simulation/lib/python3.10/site-packages:${PYTHONPATH} /usr/bin/python3 setup.py develop --uninstall --editable --build-directory /home/osboxes/ros2_proj4a/build/simulation/build
[4.153s] Invoking command in '/home/osboxes/ros2_proj4a/src/simulation': PYTHONPATH=/home/osboxes/ros2_proj4a/build/simulation/prefix_override:/home/osboxes/ros2_proj4a/install/simulation/lib/python3.10/site-packages:${PYTHONPATH} /usr/bin/python3 setup.py egg_info --egg-base ../../build/simulation build --build-base /home/osboxes/ros2_proj4a/build/simulation/build install --record /home/osboxes/ros2_proj4a/build/simulation/install.log --single-version-externally-managed
[5.111s] running egg_info
[5.115s] writing ../../build/simulation/simulation.egg-info/PKG-INFO
[5.117s] writing dependency_links to ../../build/simulation/simulation.egg-info/dependency_links.txt
[5.118s] writing entry points to ../../build/simulation/simulation.egg-info/entry_points.txt
[5.120s] writing requirements to ../../build/simulation/simulation.egg-info/requires.txt
[5.121s] writing top-level names to ../../build/simulation/simulation.egg-info/top_level.txt
[5.126s] reading manifest file '../../build/simulation/simulation.egg-info/SOURCES.txt'
[5.130s] writing manifest file '../../build/simulation/simulation.egg-info/SOURCES.txt'
[5.135s] running build
[5.138s] running build_py
[5.139s] copying simulation/nav_controller.py -> /home/osboxes/ros2_proj4a/build/simulation/build/lib/simulation
[5.140s] running install
[5.141s] running install_lib
[5.145s] copying /home/osboxes/ros2_proj4a/build/simulation/build/lib/simulation/nav_controller.py -> /home/osboxes/ros2_proj4a/install/simulation/lib/python3.10/site-packages/simulation
[5.145s] byte-compiling /home/osboxes/ros2_proj4a/install/simulation/lib/python3.10/site-packages/simulation/nav_controller.py to nav_controller.cpython-310.pyc
[5.149s] running install_data
[5.155s] running install_egg_info
[5.161s] removing '/home/osboxes/ros2_proj4a/install/simulation/lib/python3.10/site-packages/simulation-0.0.0-py3.10.egg-info' (and everything under it)
[5.163s] Copying ../../build/simulation/simulation.egg-info to /home/osboxes/ros2_proj4a/install/simulation/lib/python3.10/site-packages/simulation-0.0.0-py3.10.egg-info
[5.166s] running install_scripts
[5.234s] Installing nav_controller script to /home/osboxes/ros2_proj4a/install/simulation/lib/simulation
[5.241s] Installing proj4a script to /home/osboxes/ros2_proj4a/install/simulation/lib/simulation
[5.244s] Installing vel_translator script to /home/osboxes/ros2_proj4a/install/simulation/lib/simulation
[5.245s] writing list of installed files to '/home/osboxes/ros2_proj4a/build/simulation/install.log'
[5.390s] Invoked command in '/home/osboxes/ros2_proj4a/src/simulation' returned '0': PYTHONPATH=/home/osboxes/ros2_proj4a/build/simulation/prefix_override:/home/osboxes/ros2_proj4a/install/simulation/lib/python3.10/site-packages:${PYTHONPATH} /usr/bin/python3 setup.py egg_info --egg-base ../../build/simulation build --build-base /home/osboxes/ros2_proj4a/build/simulation/build install --record /home/osboxes/ros2_proj4a/build/simulation/install.log --single-version-externally-managed
