[1.436s] Invoking command in '/home/osboxes/ros2_proj4a/build/simulation': PYTHONPATH=/home/osboxes/ros2_proj4a/build/simulation/prefix_override:/home/osboxes/ros2_proj4a/install/simulation/lib/python3.10/site-packages:${PYTHONPATH} /usr/bin/python3 setup.py develop --uninstall --editable --build-directory /home/osboxes/ros2_proj4a/build/simulation/build
[1.995s] running develop
[2.405s] Invoked command in '/home/osboxes/ros2_proj4a/build/simulation' returned '0': PYTHONPATH=/home/osboxes/ros2_proj4a/build/simulation/prefix_override:/home/osboxes/ros2_proj4a/install/simulation/lib/python3.10/site-packages:${PYTHONPATH} /usr/bin/python3 setup.py develop --uninstall --editable --build-directory /home/osboxes/ros2_proj4a/build/simulation/build
[2.409s] Invoking command in '/home/osboxes/ros2_proj4a/src/simulation': PYTHONPATH=/home/osboxes/ros2_proj4a/build/simulation/prefix_override:/home/osboxes/ros2_proj4a/install/simulation/lib/python3.10/site-packages:${PYTHONPATH} /usr/bin/python3 setup.py egg_info --egg-base ../../build/simulation build --build-base /home/osboxes/ros2_proj4a/build/simulation/build install --record /home/osboxes/ros2_proj4a/build/simulation/install.log --single-version-externally-managed
[2.948s] running egg_info
[2.949s] writing ../../build/simulation/simulation.egg-info/PKG-INFO
[2.949s] writing dependency_links to ../../build/simulation/simulation.egg-info/dependency_links.txt
[2.950s] writing entry points to ../../build/simulation/simulation.egg-info/entry_points.txt
[2.950s] writing requirements to ../../build/simulation/simulation.egg-info/requires.txt
[2.950s] writing top-level names to ../../build/simulation/simulation.egg-info/top_level.txt
[2.954s] reading manifest file '../../build/simulation/simulation.egg-info/SOURCES.txt'
[2.957s] writing manifest file '../../build/simulation/simulation.egg-info/SOURCES.txt'
[2.957s] running build
[2.957s] running build_py
[2.958s] copying simulation/nav_controller.py -> /home/osboxes/ros2_proj4a/build/simulation/build/lib/simulation
[2.959s] running install
[2.959s] running install_lib
[2.960s] copying /home/osboxes/ros2_proj4a/build/simulation/build/lib/simulation/nav_controller.py -> /home/osboxes/ros2_proj4a/install/simulation/lib/python3.10/site-packages/simulation
[2.962s] byte-compiling /home/osboxes/ros2_proj4a/install/simulation/lib/python3.10/site-packages/simulation/nav_controller.py to nav_controller.cpython-310.pyc
[2.963s] running install_data
[2.966s] running install_egg_info
[2.969s] removing '/home/osboxes/ros2_proj4a/install/simulation/lib/python3.10/site-packages/simulation-0.0.0-py3.10.egg-info' (and everything under it)
[2.969s] Copying ../../build/simulation/simulation.egg-info to /home/osboxes/ros2_proj4a/install/simulation/lib/python3.10/site-packages/simulation-0.0.0-py3.10.egg-info
[2.970s] running install_scripts
[3.012s] Installing nav_controller script to /home/osboxes/ros2_proj4a/install/simulation/lib/simulation
[3.012s] Installing proj4a script to /home/osboxes/ros2_proj4a/install/simulation/lib/simulation
[3.012s] Installing vel_translator script to /home/osboxes/ros2_proj4a/install/simulation/lib/simulation
[3.013s] writing list of installed files to '/home/osboxes/ros2_proj4a/build/simulation/install.log'
[3.073s] Invoked command in '/home/osboxes/ros2_proj4a/src/simulation' returned '0': PYTHONPATH=/home/osboxes/ros2_proj4a/build/simulation/prefix_override:/home/osboxes/ros2_proj4a/install/simulation/lib/python3.10/site-packages:${PYTHONPATH} /usr/bin/python3 setup.py egg_info --egg-base ../../build/simulation build --build-base /home/osboxes/ros2_proj4a/build/simulation/build install --record /home/osboxes/ros2_proj4a/build/simulation/install.log --single-version-externally-managed
