[3.302s] Invoking command in '/home/osboxes/ros2_proj4a/build/simulation': PYTHONPATH=/home/osboxes/ros2_proj4a/build/simulation/prefix_override:/home/osboxes/ros2_proj4a/install/simulation/lib/python3.10/site-packages:${PYTHONPATH} /usr/bin/python3 setup.py develop --uninstall --editable --build-directory /home/osboxes/ros2_proj4a/build/simulation/build
[4.599s] running develop
[5.374s] Invoked command in '/home/osboxes/ros2_proj4a/build/simulation' returned '0': PYTHONPATH=/home/osboxes/ros2_proj4a/build/simulation/prefix_override:/home/osboxes/ros2_proj4a/install/simulation/lib/python3.10/site-packages:${PYTHONPATH} /usr/bin/python3 setup.py develop --uninstall --editable --build-directory /home/osboxes/ros2_proj4a/build/simulation/build
[5.374s] Invoking command in '/home/osboxes/ros2_proj4a/src/simulation': PYTHONPATH=/home/osboxes/ros2_proj4a/build/simulation/prefix_override:/home/osboxes/ros2_proj4a/install/simulation/lib/python3.10/site-packages:${PYTHONPATH} /usr/bin/python3 setup.py egg_info --egg-base ../../build/simulation build --build-base /home/osboxes/ros2_proj4a/build/simulation/build install --record /home/osboxes/ros2_proj4a/build/simulation/install.log --single-version-externally-managed
[6.292s] running egg_info
[6.295s] writing ../../build/simulation/simulation.egg-info/PKG-INFO
[6.302s] writing dependency_links to ../../build/simulation/simulation.egg-info/dependency_links.txt
[6.312s] writing entry points to ../../build/simulation/simulation.egg-info/entry_points.txt
[6.321s] writing requirements to ../../build/simulation/simulation.egg-info/requires.txt
[6.328s] writing top-level names to ../../build/simulation/simulation.egg-info/top_level.txt
[6.354s] reading manifest file '../../build/simulation/simulation.egg-info/SOURCES.txt'
[6.357s] writing manifest file '../../build/simulation/simulation.egg-info/SOURCES.txt'
[6.362s] running build
[6.375s] running build_py
[6.415s] running install
[6.416s] running install_lib
[6.416s] running install_data
[6.431s] running install_egg_info
[6.433s] removing '/home/osboxes/ros2_proj4a/install/simulation/lib/python3.10/site-packages/simulation-0.0.0-py3.10.egg-info' (and everything under it)
[6.434s] Copying ../../build/simulation/simulation.egg-info to /home/osboxes/ros2_proj4a/install/simulation/lib/python3.10/site-packages/simulation-0.0.0-py3.10.egg-info
[6.453s] running install_scripts
[6.492s] Installing proj4a script to /home/osboxes/ros2_proj4a/install/simulation/lib/simulation
[6.494s] writing list of installed files to '/home/osboxes/ros2_proj4a/build/simulation/install.log'
[6.565s] Invoked command in '/home/osboxes/ros2_proj4a/src/simulation' returned '0': PYTHONPATH=/home/osboxes/ros2_proj4a/build/simulation/prefix_override:/home/osboxes/ros2_proj4a/install/simulation/lib/python3.10/site-packages:${PYTHONPATH} /usr/bin/python3 setup.py egg_info --egg-base ../../build/simulation build --build-base /home/osboxes/ros2_proj4a/build/simulation/build install --record /home/osboxes/ros2_proj4a/build/simulation/install.log --single-version-externally-managed
