[0.336s] Invoking command in '/home/osboxes/ros2_proj4a/build/simulation': PYTHONPATH=/home/osboxes/ros2_proj4a/build/simulation/prefix_override:/home/osboxes/ros2_proj4a/install/simulation/lib/python3.10/site-packages:${PYTHONPATH} /usr/bin/python3 setup.py develop --uninstall --editable --build-directory /home/osboxes/ros2_proj4a/build/simulation/build
[0.468s] running develop
[0.542s] Invoked command in '/home/osboxes/ros2_proj4a/build/simulation' returned '0': PYTHONPATH=/home/osboxes/ros2_proj4a/build/simulation/prefix_override:/home/osboxes/ros2_proj4a/install/simulation/lib/python3.10/site-packages:${PYTHONPATH} /usr/bin/python3 setup.py develop --uninstall --editable --build-directory /home/osboxes/ros2_proj4a/build/simulation/build
[0.544s] Invoking command in '/home/osboxes/ros2_proj4a/src/simulation': PYTHONPATH=/home/osboxes/ros2_proj4a/build/simulation/prefix_override:/home/osboxes/ros2_proj4a/install/simulation/lib/python3.10/site-packages:${PYTHONPATH} /usr/bin/python3 setup.py egg_info --egg-base ../../build/simulation build --build-base /home/osboxes/ros2_proj4a/build/simulation/build install --record /home/osboxes/ros2_proj4a/build/simulation/install.log --single-version-externally-managed
[0.644s] running egg_info
[0.645s] writing ../../build/simulation/simulation.egg-info/PKG-INFO
[0.646s] writing dependency_links to ../../build/simulation/simulation.egg-info/dependency_links.txt
[0.648s] writing entry points to ../../build/simulation/simulation.egg-info/entry_points.txt
[0.650s] writing requirements to ../../build/simulation/simulation.egg-info/requires.txt
[0.651s] writing top-level names to ../../build/simulation/simulation.egg-info/top_level.txt
[0.658s] reading manifest file '../../build/simulation/simulation.egg-info/SOURCES.txt'
[0.660s] writing manifest file '../../build/simulation/simulation.egg-info/SOURCES.txt'
[0.661s] running build
[0.661s] running build_py
[0.662s] running install
[0.662s] running install_lib
[0.664s] running install_data
[0.664s] copying launch/launch.py -> /home/osboxes/ros2_proj4a/install/simulation/share/simulation
[0.665s] running install_egg_info
[0.667s] removing '/home/osboxes/ros2_proj4a/install/simulation/lib/python3.10/site-packages/simulation-0.0.0-py3.10.egg-info' (and everything under it)
[0.668s] Copying ../../build/simulation/simulation.egg-info to /home/osboxes/ros2_proj4a/install/simulation/lib/python3.10/site-packages/simulation-0.0.0-py3.10.egg-info
[0.672s] running install_scripts
[0.680s] Installing proj4a script to /home/osboxes/ros2_proj4a/install/simulation/lib/simulation
[0.681s] writing list of installed files to '/home/osboxes/ros2_proj4a/build/simulation/install.log'
[0.697s] Invoked command in '/home/osboxes/ros2_proj4a/src/simulation' returned '0': PYTHONPATH=/home/osboxes/ros2_proj4a/build/simulation/prefix_override:/home/osboxes/ros2_proj4a/install/simulation/lib/python3.10/site-packages:${PYTHONPATH} /usr/bin/python3 setup.py egg_info --egg-base ../../build/simulation build --build-base /home/osboxes/ros2_proj4a/build/simulation/build install --record /home/osboxes/ros2_proj4a/build/simulation/install.log --single-version-externally-managed
