[1.196s] Invoking command in '/home/osboxes/ros2_proj4a/build/simulation': PYTHONPATH=/home/osboxes/ros2_proj4a/build/simulation/prefix_override:/home/osboxes/ros2_proj4a/install/simulation/lib/python3.10/site-packages:${PYTHONPATH} /usr/bin/python3 setup.py develop --uninstall --editable --build-directory /home/osboxes/ros2_proj4a/build/simulation/build
[1.580s] running develop
[1.941s] Invoked command in '/home/osboxes/ros2_proj4a/build/simulation' returned '0': PYTHONPATH=/home/osboxes/ros2_proj4a/build/simulation/prefix_override:/home/osboxes/ros2_proj4a/install/simulation/lib/python3.10/site-packages:${PYTHONPATH} /usr/bin/python3 setup.py develop --uninstall --editable --build-directory /home/osboxes/ros2_proj4a/build/simulation/build
[1.942s] Invoking command in '/home/osboxes/ros2_proj4a/src/simulation': PYTHONPATH=/home/osboxes/ros2_proj4a/build/simulation/prefix_override:/home/osboxes/ros2_proj4a/install/simulation/lib/python3.10/site-packages:${PYTHONPATH} /usr/bin/python3 setup.py egg_info --egg-base ../../build/simulation build --build-base /home/osboxes/ros2_proj4a/build/simulation/build install --record /home/osboxes/ros2_proj4a/build/simulation/install.log --single-version-externally-managed
[2.304s] running egg_info
[2.306s] writing ../../build/simulation/simulation.egg-info/PKG-INFO
[2.307s] writing dependency_links to ../../build/simulation/simulation.egg-info/dependency_links.txt
[2.309s] writing entry points to ../../build/simulation/simulation.egg-info/entry_points.txt
[2.311s] writing requirements to ../../build/simulation/simulation.egg-info/requires.txt
[2.312s] writing top-level names to ../../build/simulation/simulation.egg-info/top_level.txt
[2.318s] reading manifest file '../../build/simulation/simulation.egg-info/SOURCES.txt'
[2.321s] writing manifest file '../../build/simulation/simulation.egg-info/SOURCES.txt'
[2.323s] running build
[2.324s] running build_py
[2.326s] running install
[2.328s] running install_lib
[2.330s] running install_data
[2.331s] copying launch/launch.py -> /home/osboxes/ros2_proj4a/install/simulation/share/simulation
[2.332s] running install_egg_info
[2.333s] removing '/home/osboxes/ros2_proj4a/install/simulation/lib/python3.10/site-packages/simulation-0.0.0-py3.10.egg-info' (and everything under it)
[2.334s] Copying ../../build/simulation/simulation.egg-info to /home/osboxes/ros2_proj4a/install/simulation/lib/python3.10/site-packages/simulation-0.0.0-py3.10.egg-info
[2.335s] running install_scripts
[2.361s] Installing proj4a script to /home/osboxes/ros2_proj4a/install/simulation/lib/simulation
[2.363s] writing list of installed files to '/home/osboxes/ros2_proj4a/build/simulation/install.log'
[2.395s] Invoked command in '/home/osboxes/ros2_proj4a/src/simulation' returned '0': PYTHONPATH=/home/osboxes/ros2_proj4a/build/simulation/prefix_override:/home/osboxes/ros2_proj4a/install/simulation/lib/python3.10/site-packages:${PYTHONPATH} /usr/bin/python3 setup.py egg_info --egg-base ../../build/simulation build --build-base /home/osboxes/ros2_proj4a/build/simulation/build install --record /home/osboxes/ros2_proj4a/build/simulation/install.log --single-version-externally-managed
