[2.157s] DEBUG:colcon:Command line arguments: ['/usr/bin/colcon', 'build']
[2.159s] DEBUG:colcon:Parsed command line arguments: Namespace(log_base=None, log_level=None, verb_name='build', build_base='build', install_base='install', merge_install=False, symlink_install=False, test_result_base=None, continue_on_error=False, executor='parallel', parallel_workers=5, event_handlers=None, ignore_user_meta=False, metas=['./colcon.meta'], base_paths=['.'], packages_ignore=None, packages_ignore_regex=None, paths=None, packages_up_to=None, packages_up_to_regex=None, packages_above=None, packages_above_and_dependencies=None, packages_above_depth=None, packages_select_by_dep=None, packages_skip_by_dep=None, packages_skip_up_to=None, packages_select_build_failed=False, packages_skip_build_finished=False, packages_select_test_failures=False, packages_skip_test_passed=False, packages_select=None, packages_skip=None, packages_select_regex=None, packages_skip_regex=None, packages_start=None, packages_end=None, allow_overriding=[], cmake_args=None, cmake_target=None, cmake_target_skip_unavailable=False, cmake_clean_cache=False, cmake_clean_first=False, cmake_force_configure=False, ament_cmake_args=None, catkin_cmake_args=None, catkin_skip_building_tests=False, verb_parser=<colcon_defaults.argument_parser.defaults.DefaultArgumentsDecorator object at 0x7f1f26bdd390>, verb_extension=<colcon_core.verb.build.BuildVerb object at 0x7f1f26bdce20>, main=<bound method BuildVerb.main of <colcon_core.verb.build.BuildVerb object at 0x7f1f26bdce20>>)
[2.429s] Level 1:colcon.colcon_core.package_discovery:discover_packages(colcon_meta) check parameters
[2.430s] Level 1:colcon.colcon_core.package_discovery:discover_packages(recursive) check parameters
[2.430s] Level 1:colcon.colcon_core.package_discovery:discover_packages(ignore) check parameters
[2.430s] Level 1:colcon.colcon_core.package_discovery:discover_packages(path) check parameters
[2.430s] Level 1:colcon.colcon_core.package_discovery:discover_packages(colcon_meta) discover
[2.430s] Level 1:colcon.colcon_core.package_discovery:discover_packages(recursive) discover
[2.430s] INFO:colcon.colcon_core.package_discovery:Crawling recursively for packages in '/home/osboxes/ros2_proj4a'
[2.431s] Level 1:colcon.colcon_core.package_identification:_identify(.) by extensions ['ignore', 'ignore_ament_install']
[2.431s] Level 1:colcon.colcon_core.package_identification:_identify(.) by extension 'ignore'
[2.431s] Level 1:colcon.colcon_core.package_identification:_identify(.) by extension 'ignore_ament_install'
[2.431s] Level 1:colcon.colcon_core.package_identification:_identify(.) by extensions ['colcon_pkg']
[2.431s] Level 1:colcon.colcon_core.package_identification:_identify(.) by extension 'colcon_pkg'
[2.431s] Level 1:colcon.colcon_core.package_identification:_identify(.) by extensions ['colcon_meta']
[2.432s] Level 1:colcon.colcon_core.package_identification:_identify(.) by extension 'colcon_meta'
[2.432s] Level 1:colcon.colcon_core.package_identification:_identify(.) by extensions ['ros']
[2.432s] Level 1:colcon.colcon_core.package_identification:_identify(.) by extension 'ros'
[2.485s] Level 1:colcon.colcon_core.package_identification:_identify(.) by extensions ['cmake', 'python']
[2.486s] Level 1:colcon.colcon_core.package_identification:_identify(.) by extension 'cmake'
[2.486s] Level 1:colcon.colcon_core.package_identification:_identify(.) by extension 'python'
[2.486s] Level 1:colcon.colcon_core.package_identification:_identify(.) by extensions ['python_setup_py']
[2.486s] Level 1:colcon.colcon_core.package_identification:_identify(.) by extension 'python_setup_py'
[2.487s] Level 1:colcon.colcon_core.package_identification:_identify(bags) by extensions ['ignore', 'ignore_ament_install']
[2.487s] Level 1:colcon.colcon_core.package_identification:_identify(bags) by extension 'ignore'
[2.487s] Level 1:colcon.colcon_core.package_identification:_identify(bags) by extension 'ignore_ament_install'
[2.487s] Level 1:colcon.colcon_core.package_identification:_identify(bags) by extensions ['colcon_pkg']
[2.487s] Level 1:colcon.colcon_core.package_identification:_identify(bags) by extension 'colcon_pkg'
[2.487s] Level 1:colcon.colcon_core.package_identification:_identify(bags) by extensions ['colcon_meta']
[2.488s] Level 1:colcon.colcon_core.package_identification:_identify(bags) by extension 'colcon_meta'
[2.488s] Level 1:colcon.colcon_core.package_identification:_identify(bags) by extensions ['ros']
[2.488s] Level 1:colcon.colcon_core.package_identification:_identify(bags) by extension 'ros'
[2.488s] Level 1:colcon.colcon_core.package_identification:_identify(bags) by extensions ['cmake', 'python']
[2.488s] Level 1:colcon.colcon_core.package_identification:_identify(bags) by extension 'cmake'
[2.488s] Level 1:colcon.colcon_core.package_identification:_identify(bags) by extension 'python'
[2.488s] Level 1:colcon.colcon_core.package_identification:_identify(bags) by extensions ['python_setup_py']
[2.488s] Level 1:colcon.colcon_core.package_identification:_identify(bags) by extension 'python_setup_py'
[2.489s] Level 1:colcon.colcon_core.package_identification:_identify(bags/input1) by extensions ['ignore', 'ignore_ament_install']
[2.489s] Level 1:colcon.colcon_core.package_identification:_identify(bags/input1) by extension 'ignore'
[2.489s] Level 1:colcon.colcon_core.package_identification:_identify(bags/input1) by extension 'ignore_ament_install'
[2.489s] Level 1:colcon.colcon_core.package_identification:_identify(bags/input1) by extensions ['colcon_pkg']
[2.490s] Level 1:colcon.colcon_core.package_identification:_identify(bags/input1) by extension 'colcon_pkg'
[2.490s] Level 1:colcon.colcon_core.package_identification:_identify(bags/input1) by extensions ['colcon_meta']
[2.490s] Level 1:colcon.colcon_core.package_identification:_identify(bags/input1) by extension 'colcon_meta'
[2.490s] Level 1:colcon.colcon_core.package_identification:_identify(bags/input1) by extensions ['ros']
[2.490s] Level 1:colcon.colcon_core.package_identification:_identify(bags/input1) by extension 'ros'
[2.490s] Level 1:colcon.colcon_core.package_identification:_identify(bags/input1) by extensions ['cmake', 'python']
[2.490s] Level 1:colcon.colcon_core.package_identification:_identify(bags/input1) by extension 'cmake'
[2.490s] Level 1:colcon.colcon_core.package_identification:_identify(bags/input1) by extension 'python'
[2.491s] Level 1:colcon.colcon_core.package_identification:_identify(bags/input1) by extensions ['python_setup_py']
[2.491s] Level 1:colcon.colcon_core.package_identification:_identify(bags/input1) by extension 'python_setup_py'
[2.491s] Level 1:colcon.colcon_core.package_identification:_identify(bags/input2) by extensions ['ignore', 'ignore_ament_install']
[2.491s] Level 1:colcon.colcon_core.package_identification:_identify(bags/input2) by extension 'ignore'
[2.492s] Level 1:colcon.colcon_core.package_identification:_identify(bags/input2) by extension 'ignore_ament_install'
[2.492s] Level 1:colcon.colcon_core.package_identification:_identify(bags/input2) by extensions ['colcon_pkg']
[2.492s] Level 1:colcon.colcon_core.package_identification:_identify(bags/input2) by extension 'colcon_pkg'
[2.492s] Level 1:colcon.colcon_core.package_identification:_identify(bags/input2) by extensions ['colcon_meta']
[2.492s] Level 1:colcon.colcon_core.package_identification:_identify(bags/input2) by extension 'colcon_meta'
[2.492s] Level 1:colcon.colcon_core.package_identification:_identify(bags/input2) by extensions ['ros']
[2.493s] Level 1:colcon.colcon_core.package_identification:_identify(bags/input2) by extension 'ros'
[2.493s] Level 1:colcon.colcon_core.package_identification:_identify(bags/input2) by extensions ['cmake', 'python']
[2.493s] Level 1:colcon.colcon_core.package_identification:_identify(bags/input2) by extension 'cmake'
[2.494s] Level 1:colcon.colcon_core.package_identification:_identify(bags/input2) by extension 'python'
[2.494s] Level 1:colcon.colcon_core.package_identification:_identify(bags/input2) by extensions ['python_setup_py']
[2.494s] Level 1:colcon.colcon_core.package_identification:_identify(bags/input2) by extension 'python_setup_py'
[2.495s] Level 1:colcon.colcon_core.package_identification:_identify(build) by extensions ['ignore', 'ignore_ament_install']
[2.495s] Level 1:colcon.colcon_core.package_identification:_identify(build) by extension 'ignore'
[2.495s] Level 1:colcon.colcon_core.package_identification:_identify(build) ignored
[2.495s] Level 1:colcon.colcon_core.package_identification:_identify(install) by extensions ['ignore', 'ignore_ament_install']
[2.495s] Level 1:colcon.colcon_core.package_identification:_identify(install) by extension 'ignore'
[2.496s] Level 1:colcon.colcon_core.package_identification:_identify(install) ignored
[2.496s] Level 1:colcon.colcon_core.package_identification:_identify(log) by extensions ['ignore', 'ignore_ament_install']
[2.496s] Level 1:colcon.colcon_core.package_identification:_identify(log) by extension 'ignore'
[2.496s] Level 1:colcon.colcon_core.package_identification:_identify(log) ignored
[2.497s] Level 1:colcon.colcon_core.package_identification:_identify(src) by extensions ['ignore', 'ignore_ament_install']
[2.497s] Level 1:colcon.colcon_core.package_identification:_identify(src) by extension 'ignore'
[2.498s] Level 1:colcon.colcon_core.package_identification:_identify(src) by extension 'ignore_ament_install'
[2.498s] Level 1:colcon.colcon_core.package_identification:_identify(src) by extensions ['colcon_pkg']
[2.498s] Level 1:colcon.colcon_core.package_identification:_identify(src) by extension 'colcon_pkg'
[2.499s] Level 1:colcon.colcon_core.package_identification:_identify(src) by extensions ['colcon_meta']
[2.499s] Level 1:colcon.colcon_core.package_identification:_identify(src) by extension 'colcon_meta'
[2.499s] Level 1:colcon.colcon_core.package_identification:_identify(src) by extensions ['ros']
[2.499s] Level 1:colcon.colcon_core.package_identification:_identify(src) by extension 'ros'
[2.499s] Level 1:colcon.colcon_core.package_identification:_identify(src) by extensions ['cmake', 'python']
[2.500s] Level 1:colcon.colcon_core.package_identification:_identify(src) by extension 'cmake'
[2.500s] Level 1:colcon.colcon_core.package_identification:_identify(src) by extension 'python'
[2.500s] Level 1:colcon.colcon_core.package_identification:_identify(src) by extensions ['python_setup_py']
[2.500s] Level 1:colcon.colcon_core.package_identification:_identify(src) by extension 'python_setup_py'
[2.501s] Level 1:colcon.colcon_core.package_identification:_identify(src/simulation) by extensions ['ignore', 'ignore_ament_install']
[2.508s] Level 1:colcon.colcon_core.package_identification:_identify(src/simulation) by extension 'ignore'
[2.510s] Level 1:colcon.colcon_core.package_identification:_identify(src/simulation) by extension 'ignore_ament_install'
[2.510s] Level 1:colcon.colcon_core.package_identification:_identify(src/simulation) by extensions ['colcon_pkg']
[2.511s] Level 1:colcon.colcon_core.package_identification:_identify(src/simulation) by extension 'colcon_pkg'
[2.511s] Level 1:colcon.colcon_core.package_identification:_identify(src/simulation) by extensions ['colcon_meta']
[2.511s] Level 1:colcon.colcon_core.package_identification:_identify(src/simulation) by extension 'colcon_meta'
[2.511s] Level 1:colcon.colcon_core.package_identification:_identify(src/simulation) by extensions ['ros']
[2.511s] Level 1:colcon.colcon_core.package_identification:_identify(src/simulation) by extension 'ros'
[2.527s] DEBUG:colcon.colcon_core.package_identification:Package 'src/simulation' with type 'ros.ament_python' and name 'simulation'
[2.527s] Level 1:colcon.colcon_core.package_discovery:discover_packages(recursive) using defaults
[2.527s] Level 1:colcon.colcon_core.package_discovery:discover_packages(ignore) discover
[2.528s] Level 1:colcon.colcon_core.package_discovery:discover_packages(ignore) using defaults
[2.528s] Level 1:colcon.colcon_core.package_discovery:discover_packages(path) discover
[2.528s] Level 1:colcon.colcon_core.package_discovery:discover_packages(path) using defaults
[2.628s] Level 1:colcon.colcon_core.package_discovery:discover_packages(prefix_path) check parameters
[2.628s] Level 1:colcon.colcon_core.package_discovery:discover_packages(prefix_path) discover
[2.636s] DEBUG:colcon.colcon_installed_package_information.package_discovery:Found 1 installed packages in /home/osboxes/ros2_proj4a/install
[2.644s] DEBUG:colcon.colcon_installed_package_information.package_discovery:Found 284 installed packages in /opt/ros/humble
[2.649s] Level 1:colcon.colcon_core.package_discovery:discover_packages(prefix_path) using defaults
[2.931s] Level 5:colcon.colcon_core.verb:set package 'simulation' build argument 'cmake_args' from command line to 'None'
[2.931s] Level 5:colcon.colcon_core.verb:set package 'simulation' build argument 'cmake_target' from command line to 'None'
[2.931s] Level 5:colcon.colcon_core.verb:set package 'simulation' build argument 'cmake_target_skip_unavailable' from command line to 'False'
[2.931s] Level 5:colcon.colcon_core.verb:set package 'simulation' build argument 'cmake_clean_cache' from command line to 'False'
[2.931s] Level 5:colcon.colcon_core.verb:set package 'simulation' build argument 'cmake_clean_first' from command line to 'False'
[2.931s] Level 5:colcon.colcon_core.verb:set package 'simulation' build argument 'cmake_force_configure' from command line to 'False'
[2.931s] Level 5:colcon.colcon_core.verb:set package 'simulation' build argument 'ament_cmake_args' from command line to 'None'
[2.932s] Level 5:colcon.colcon_core.verb:set package 'simulation' build argument 'catkin_cmake_args' from command line to 'None'
[2.932s] Level 5:colcon.colcon_core.verb:set package 'simulation' build argument 'catkin_skip_building_tests' from command line to 'False'
[2.932s] DEBUG:colcon.colcon_core.verb:Building package 'simulation' with the following arguments: {'ament_cmake_args': None, 'build_base': '/home/osboxes/ros2_proj4a/build/simulation', 'catkin_cmake_args': None, 'catkin_skip_building_tests': False, 'cmake_args': None, 'cmake_clean_cache': False, 'cmake_clean_first': False, 'cmake_force_configure': False, 'cmake_target': None, 'cmake_target_skip_unavailable': False, 'install_base': '/home/osboxes/ros2_proj4a/install/simulation', 'merge_install': False, 'path': '/home/osboxes/ros2_proj4a/src/simulation', 'symlink_install': False, 'test_result_base': None}
[2.933s] INFO:colcon.colcon_core.executor:Executing jobs using 'parallel' executor
[2.974s] DEBUG:colcon.colcon_parallel_executor.executor.parallel:run_until_complete
[2.978s] INFO:colcon.colcon_ros.task.ament_python.build:Building ROS package in '/home/osboxes/ros2_proj4a/src/simulation' with build type 'ament_python'
[2.979s] Level 1:colcon.colcon_core.shell:create_environment_hook('simulation', 'ament_prefix_path')
[3.052s] INFO:colcon.colcon_core.plugin_system:Skipping extension 'colcon_core.shell.bat': Not used on non-Windows systems
[3.075s] INFO:colcon.colcon_core.shell:Creating environment hook '/home/osboxes/ros2_proj4a/install/simulation/share/simulation/hook/ament_prefix_path.ps1'
[3.107s] INFO:colcon.colcon_core.shell:Creating environment descriptor '/home/osboxes/ros2_proj4a/install/simulation/share/simulation/hook/ament_prefix_path.dsv'
[3.113s] INFO:colcon.colcon_core.shell:Creating environment hook '/home/osboxes/ros2_proj4a/install/simulation/share/simulation/hook/ament_prefix_path.sh'
[3.132s] INFO:colcon.colcon_core.shell:Skip shell extension 'powershell' for command environment: Not usable outside of PowerShell
[3.133s] DEBUG:colcon.colcon_core.shell:Skip shell extension 'dsv' for command environment
[4.918s] INFO:colcon.colcon_core.task.python.build:Building Python package in '/home/osboxes/ros2_proj4a/src/simulation'
[4.925s] INFO:colcon.colcon_core.shell:Skip shell extension 'powershell' for command environment: Not usable outside of PowerShell
[4.925s] DEBUG:colcon.colcon_core.shell:Skip shell extension 'dsv' for command environment
[7.299s] DEBUG:colcon.colcon_core.event_handler.log_command:Invoking command in '/home/osboxes/ros2_proj4a/build/simulation': PYTHONPATH=/home/osboxes/ros2_proj4a/build/simulation/prefix_override:/home/osboxes/ros2_proj4a/install/simulation/lib/python3.10/site-packages:${PYTHONPATH} /usr/bin/python3 setup.py develop --uninstall --editable --build-directory /home/osboxes/ros2_proj4a/build/simulation/build
[10.151s] DEBUG:colcon.colcon_core.event_handler.log_command:Invoked command in '/home/osboxes/ros2_proj4a/build/simulation' returned '0': PYTHONPATH=/home/osboxes/ros2_proj4a/build/simulation/prefix_override:/home/osboxes/ros2_proj4a/install/simulation/lib/python3.10/site-packages:${PYTHONPATH} /usr/bin/python3 setup.py develop --uninstall --editable --build-directory /home/osboxes/ros2_proj4a/build/simulation/build
[10.187s] DEBUG:colcon.colcon_core.event_handler.log_command:Invoking command in '/home/osboxes/ros2_proj4a/src/simulation': PYTHONPATH=/home/osboxes/ros2_proj4a/build/simulation/prefix_override:/home/osboxes/ros2_proj4a/install/simulation/lib/python3.10/site-packages:${PYTHONPATH} /usr/bin/python3 setup.py egg_info --egg-base ../../build/simulation build --build-base /home/osboxes/ros2_proj4a/build/simulation/build install --record /home/osboxes/ros2_proj4a/build/simulation/install.log --single-version-externally-managed
[11.838s] DEBUG:colcon.colcon_core.event_handler.log_command:Invoked command in '/home/osboxes/ros2_proj4a/src/simulation' returned '0': PYTHONPATH=/home/osboxes/ros2_proj4a/build/simulation/prefix_override:/home/osboxes/ros2_proj4a/install/simulation/lib/python3.10/site-packages:${PYTHONPATH} /usr/bin/python3 setup.py egg_info --egg-base ../../build/simulation build --build-base /home/osboxes/ros2_proj4a/build/simulation/build install --record /home/osboxes/ros2_proj4a/build/simulation/install.log --single-version-externally-managed
[11.893s] Level 1:colcon.colcon_core.environment:checking '/home/osboxes/ros2_proj4a/install/simulation' for CMake module files
[11.897s] Level 1:colcon.colcon_core.environment:checking '/home/osboxes/ros2_proj4a/install/simulation' for CMake config files
[11.899s] Level 1:colcon.colcon_core.environment:checking '/home/osboxes/ros2_proj4a/install/simulation/lib'
[11.900s] Level 1:colcon.colcon_core.environment:checking '/home/osboxes/ros2_proj4a/install/simulation/bin'
[11.900s] Level 1:colcon.colcon_core.environment:checking '/home/osboxes/ros2_proj4a/install/simulation/lib/pkgconfig/simulation.pc'
[11.902s] Level 1:colcon.colcon_core.environment:checking '/home/osboxes/ros2_proj4a/install/simulation/lib/python3.10/site-packages'
[11.902s] Level 1:colcon.colcon_core.shell:create_environment_hook('simulation', 'pythonpath')
[11.925s] INFO:colcon.colcon_core.shell:Creating environment hook '/home/osboxes/ros2_proj4a/install/simulation/share/simulation/hook/pythonpath.ps1'
[11.939s] INFO:colcon.colcon_core.shell:Creating environment descriptor '/home/osboxes/ros2_proj4a/install/simulation/share/simulation/hook/pythonpath.dsv'
[11.942s] INFO:colcon.colcon_core.shell:Creating environment hook '/home/osboxes/ros2_proj4a/install/simulation/share/simulation/hook/pythonpath.sh'
[11.950s] Level 1:colcon.colcon_core.environment:checking '/home/osboxes/ros2_proj4a/install/simulation/bin'
[11.951s] Level 1:colcon.colcon_core.environment:create_environment_scripts_only(simulation)
[11.971s] INFO:colcon.colcon_core.shell:Creating package script '/home/osboxes/ros2_proj4a/install/simulation/share/simulation/package.ps1'
[11.974s] INFO:colcon.colcon_core.shell:Creating package descriptor '/home/osboxes/ros2_proj4a/install/simulation/share/simulation/package.dsv'
[11.980s] INFO:colcon.colcon_core.shell:Creating package script '/home/osboxes/ros2_proj4a/install/simulation/share/simulation/package.sh'
[12.033s] INFO:colcon.colcon_core.shell:Creating package script '/home/osboxes/ros2_proj4a/install/simulation/share/simulation/package.bash'
[12.053s] INFO:colcon.colcon_core.shell:Creating package script '/home/osboxes/ros2_proj4a/install/simulation/share/simulation/package.zsh'
[12.090s] Level 1:colcon.colcon_core.environment:create_file_with_runtime_dependencies(/home/osboxes/ros2_proj4a/install/simulation/share/colcon-core/packages/simulation)
[12.094s] DEBUG:colcon.colcon_parallel_executor.executor.parallel:closing loop
[12.095s] DEBUG:colcon.colcon_parallel_executor.executor.parallel:loop closed
[12.095s] DEBUG:colcon.colcon_parallel_executor.executor.parallel:run_until_complete finished with '0'
[12.095s] DEBUG:colcon.colcon_core.event_reactor:joining thread
[12.121s] INFO:colcon.colcon_core.plugin_system:Skipping extension 'colcon_notification.desktop_notification.terminal_notifier': Not used on non-Darwin systems
[12.122s] INFO:colcon.colcon_core.plugin_system:Skipping extension 'colcon_notification.desktop_notification.win32': Not used on non-Windows systems
[12.122s] INFO:colcon.colcon_notification.desktop_notification:Sending desktop notification using 'notify2'
[12.349s] DEBUG:colcon.colcon_core.event_reactor:joined thread
[12.352s] INFO:colcon.colcon_core.shell:Creating prefix script '/home/osboxes/ros2_proj4a/install/local_setup.ps1'
[12.358s] INFO:colcon.colcon_core.shell:Creating prefix util module '/home/osboxes/ros2_proj4a/install/_local_setup_util_ps1.py'
[12.368s] INFO:colcon.colcon_core.shell:Creating prefix chain script '/home/osboxes/ros2_proj4a/install/setup.ps1'
[12.392s] INFO:colcon.colcon_core.shell:Creating prefix script '/home/osboxes/ros2_proj4a/install/local_setup.sh'
[12.425s] INFO:colcon.colcon_core.shell:Creating prefix util module '/home/osboxes/ros2_proj4a/install/_local_setup_util_sh.py'
[12.436s] INFO:colcon.colcon_core.shell:Creating prefix chain script '/home/osboxes/ros2_proj4a/install/setup.sh'
[12.443s] INFO:colcon.colcon_core.shell:Creating prefix script '/home/osboxes/ros2_proj4a/install/local_setup.bash'
[12.452s] INFO:colcon.colcon_core.shell:Creating prefix chain script '/home/osboxes/ros2_proj4a/install/setup.bash'
[12.457s] INFO:colcon.colcon_core.shell:Creating prefix script '/home/osboxes/ros2_proj4a/install/local_setup.zsh'
[12.460s] INFO:colcon.colcon_core.shell:Creating prefix chain script '/home/osboxes/ros2_proj4a/install/setup.zsh'
