[0.988s] Invoking command in '/home/osboxes/ros2_proj4a/build/simulation': PYTHONPATH=/home/osboxes/ros2_proj4a/build/simulation/prefix_override:/home/osboxes/ros2_proj4a/install/simulation/lib/python3.10/site-packages:${PYTHONPATH} /usr/bin/python3 setup.py develop --uninstall --editable --build-directory /home/osboxes/ros2_proj4a/build/simulation/build
[1.411s] running develop
[1.709s] Invoked command in '/home/osboxes/ros2_proj4a/build/simulation' returned '0': PYTHONPATH=/home/osboxes/ros2_proj4a/build/simulation/prefix_override:/home/osboxes/ros2_proj4a/install/simulation/lib/python3.10/site-packages:${PYTHONPATH} /usr/bin/python3 setup.py develop --uninstall --editable --build-directory /home/osboxes/ros2_proj4a/build/simulation/build
[1.711s] Invoking command in '/home/osboxes/ros2_proj4a/src/simulation': PYTHONPATH=/home/osboxes/ros2_proj4a/build/simulation/prefix_override:/home/osboxes/ros2_proj4a/install/simulation/lib/python3.10/site-packages:${PYTHONPATH} /usr/bin/python3 setup.py egg_info --egg-base ../../build/simulation build --build-base /home/osboxes/ros2_proj4a/build/simulation/build install --record /home/osboxes/ros2_proj4a/build/simulation/install.log --single-version-externally-managed
[2.059s] running egg_info
[2.060s] writing ../../build/simulation/simulation.egg-info/PKG-INFO
[2.062s] writing dependency_links to ../../build/simulation/simulation.egg-info/dependency_links.txt
[2.063s] writing entry points to ../../build/simulation/simulation.egg-info/entry_points.txt
[2.064s] writing requirements to ../../build/simulation/simulation.egg-info/requires.txt
[2.065s] writing top-level names to ../../build/simulation/simulation.egg-info/top_level.txt
[2.067s] reading manifest file '../../build/simulation/simulation.egg-info/SOURCES.txt'
[2.069s] writing manifest file '../../build/simulation/simulation.egg-info/SOURCES.txt'
[2.070s] running build
[2.071s] running build_py
[2.071s] running install
[2.078s] running install_lib
[2.083s] running install_data
[2.084s] copying launch/launch.py -> /home/osboxes/ros2_proj4a/install/simulation/share/simulation
[2.085s] running install_egg_info
[2.088s] removing '/home/osboxes/ros2_proj4a/install/simulation/lib/python3.10/site-packages/simulation-0.0.0-py3.10.egg-info' (and everything under it)
[2.089s] Copying ../../build/simulation/simulation.egg-info to /home/osboxes/ros2_proj4a/install/simulation/lib/python3.10/site-packages/simulation-0.0.0-py3.10.egg-info
[2.090s] running install_scripts
[2.123s] Installing disc_robot script to /home/osboxes/ros2_proj4a/install/simulation/lib/simulation
[2.123s] Installing project4a script to /home/osboxes/ros2_proj4a/install/simulation/lib/simulation
[2.124s] writing list of installed files to '/home/osboxes/ros2_proj4a/build/simulation/install.log'
[2.154s] Invoked command in '/home/osboxes/ros2_proj4a/src/simulation' returned '0': PYTHONPATH=/home/osboxes/ros2_proj4a/build/simulation/prefix_override:/home/osboxes/ros2_proj4a/install/simulation/lib/python3.10/site-packages:${PYTHONPATH} /usr/bin/python3 setup.py egg_info --egg-base ../../build/simulation build --build-base /home/osboxes/ros2_proj4a/build/simulation/build install --record /home/osboxes/ros2_proj4a/build/simulation/install.log --single-version-externally-managed
