[1.424s] Invoking command in '/home/osboxes/ros2_proj4a/build/simulation': PYTHONPATH=/home/osboxes/ros2_proj4a/build/simulation/prefix_override:/home/osboxes/ros2_proj4a/install/simulation/lib/python3.10/site-packages:${PYTHONPATH} /usr/bin/python3 setup.py develop --uninstall --editable --build-directory /home/osboxes/ros2_proj4a/build/simulation/build
[1.941s] running develop
[2.403s] Invoked command in '/home/osboxes/ros2_proj4a/build/simulation' returned '0': PYTHONPATH=/home/osboxes/ros2_proj4a/build/simulation/prefix_override:/home/osboxes/ros2_proj4a/install/simulation/lib/python3.10/site-packages:${PYTHONPATH} /usr/bin/python3 setup.py develop --uninstall --editable --build-directory /home/osboxes/ros2_proj4a/build/simulation/build
[2.406s] Invoking command in '/home/osboxes/ros2_proj4a/src/simulation': PYTHONPATH=/home/osboxes/ros2_proj4a/build/simulation/prefix_override:/home/osboxes/ros2_proj4a/install/simulation/lib/python3.10/site-packages:${PYTHONPATH} /usr/bin/python3 setup.py egg_info --egg-base ../../build/simulation build --build-base /home/osboxes/ros2_proj4a/build/simulation/build install --record /home/osboxes/ros2_proj4a/build/simulation/install.log --single-version-externally-managed
[2.967s] running egg_info
[2.969s] writing ../../build/simulation/simulation.egg-info/PKG-INFO
[2.971s] writing dependency_links to ../../build/simulation/simulation.egg-info/dependency_links.txt
[2.972s] writing entry points to ../../build/simulation/simulation.egg-info/entry_points.txt
[2.974s] writing requirements to ../../build/simulation/simulation.egg-info/requires.txt
[2.976s] writing top-level names to ../../build/simulation/simulation.egg-info/top_level.txt
[2.997s] reading manifest file '../../build/simulation/simulation.egg-info/SOURCES.txt'
[2.998s] writing manifest file '../../build/simulation/simulation.egg-info/SOURCES.txt'
[2.999s] running build
[2.999s] running build_py
[2.999s] running install
[3.000s] running install_lib
[3.001s] running install_data
[3.001s] running install_egg_info
[3.008s] removing '/home/osboxes/ros2_proj4a/install/simulation/lib/python3.10/site-packages/simulation-0.0.0-py3.10.egg-info' (and everything under it)
[3.009s] Copying ../../build/simulation/simulation.egg-info to /home/osboxes/ros2_proj4a/install/simulation/lib/python3.10/site-packages/simulation-0.0.0-py3.10.egg-info
[3.009s] running install_scripts
[3.032s] Installing proj4a script to /home/osboxes/ros2_proj4a/install/simulation/lib/simulation
[3.033s] writing list of installed files to '/home/osboxes/ros2_proj4a/build/simulation/install.log'
[3.159s] Invoked command in '/home/osboxes/ros2_proj4a/src/simulation' returned '0': PYTHONPATH=/home/osboxes/ros2_proj4a/build/simulation/prefix_override:/home/osboxes/ros2_proj4a/install/simulation/lib/python3.10/site-packages:${PYTHONPATH} /usr/bin/python3 setup.py egg_info --egg-base ../../build/simulation build --build-base /home/osboxes/ros2_proj4a/build/simulation/build install --record /home/osboxes/ros2_proj4a/build/simulation/install.log --single-version-externally-managed
