[4.780s] Invoking command in '/home/osboxes/ros2_proj4a/build/simulation': PYTHONPATH=/home/osboxes/ros2_proj4a/build/simulation/prefix_override:/home/osboxes/ros2_proj4a/install/simulation/lib/python3.10/site-packages:${PYTHONPATH} /usr/bin/python3 setup.py develop --uninstall --editable --build-directory /home/osboxes/ros2_proj4a/build/simulation/build
[6.074s] running develop
[7.320s] Invoked command in '/home/osboxes/ros2_proj4a/build/simulation' returned '0': PYTHONPATH=/home/osboxes/ros2_proj4a/build/simulation/prefix_override:/home/osboxes/ros2_proj4a/install/simulation/lib/python3.10/site-packages:${PYTHONPATH} /usr/bin/python3 setup.py develop --uninstall --editable --build-directory /home/osboxes/ros2_proj4a/build/simulation/build
[7.322s] Invoking command in '/home/osboxes/ros2_proj4a/src/simulation': PYTHONPATH=/home/osboxes/ros2_proj4a/build/simulation/prefix_override:/home/osboxes/ros2_proj4a/install/simulation/lib/python3.10/site-packages:${PYTHONPATH} /usr/bin/python3 setup.py egg_info --egg-base ../../build/simulation build --build-base /home/osboxes/ros2_proj4a/build/simulation/build install --record /home/osboxes/ros2_proj4a/build/simulation/install.log --single-version-externally-managed
[8.990s] running egg_info
[8.991s] writing ../../build/simulation/simulation.egg-info/PKG-INFO
[8.992s] writing dependency_links to ../../build/simulation/simulation.egg-info/dependency_links.txt
[8.992s] writing entry points to ../../build/simulation/simulation.egg-info/entry_points.txt
[8.993s] writing requirements to ../../build/simulation/simulation.egg-info/requires.txt
[9.005s] writing top-level names to ../../build/simulation/simulation.egg-info/top_level.txt
[9.016s] reading manifest file '../../build/simulation/simulation.egg-info/SOURCES.txt'
[9.017s] writing manifest file '../../build/simulation/simulation.egg-info/SOURCES.txt'
[9.018s] running build
[9.019s] running build_py
[9.019s] copying simulation/proj4a.py -> /home/osboxes/ros2_proj4a/build/simulation/build/lib/simulation
[9.024s] running install
[9.024s] running install_lib
[9.024s] copying /home/osboxes/ros2_proj4a/build/simulation/build/lib/simulation/proj4a.py -> /home/osboxes/ros2_proj4a/install/simulation/lib/python3.10/site-packages/simulation
[9.036s] byte-compiling /home/osboxes/ros2_proj4a/install/simulation/lib/python3.10/site-packages/simulation/proj4a.py to proj4a.cpython-310.pyc
[9.055s] running install_data
[9.060s] running install_egg_info
[9.089s] removing '/home/osboxes/ros2_proj4a/install/simulation/lib/python3.10/site-packages/simulation-0.0.0-py3.10.egg-info' (and everything under it)
[9.090s] Copying ../../build/simulation/simulation.egg-info to /home/osboxes/ros2_proj4a/install/simulation/lib/python3.10/site-packages/simulation-0.0.0-py3.10.egg-info
[9.093s] running install_scripts
[9.240s] Installing nav_controller script to /home/osboxes/ros2_proj4a/install/simulation/lib/simulation
[9.241s] Installing proj4a script to /home/osboxes/ros2_proj4a/install/simulation/lib/simulation
[9.241s] Installing vel_translator script to /home/osboxes/ros2_proj4a/install/simulation/lib/simulation
[9.244s] writing list of installed files to '/home/osboxes/ros2_proj4a/build/simulation/install.log'
[9.441s] Invoked command in '/home/osboxes/ros2_proj4a/src/simulation' returned '0': PYTHONPATH=/home/osboxes/ros2_proj4a/build/simulation/prefix_override:/home/osboxes/ros2_proj4a/install/simulation/lib/python3.10/site-packages:${PYTHONPATH} /usr/bin/python3 setup.py egg_info --egg-base ../../build/simulation build --build-base /home/osboxes/ros2_proj4a/build/simulation/build install --record /home/osboxes/ros2_proj4a/build/simulation/install.log --single-version-externally-managed
