[1.488s] Invoking command in '/home/osboxes/ros2_proj4a/build/simulation': PYTHONPATH=/home/osboxes/ros2_proj4a/build/simulation/prefix_override:/home/osboxes/ros2_proj4a/install/simulation/lib/python3.10/site-packages:${PYTHONPATH} /usr/bin/python3 setup.py develop --uninstall --editable --build-directory /home/osboxes/ros2_proj4a/build/simulation/build
[1.841s] running develop
[2.138s] Invoked command in '/home/osboxes/ros2_proj4a/build/simulation' returned '0': PYTHONPATH=/home/osboxes/ros2_proj4a/build/simulation/prefix_override:/home/osboxes/ros2_proj4a/install/simulation/lib/python3.10/site-packages:${PYTHONPATH} /usr/bin/python3 setup.py develop --uninstall --editable --build-directory /home/osboxes/ros2_proj4a/build/simulation/build
[2.139s] Invoking command in '/home/osboxes/ros2_proj4a/src/simulation': PYTHONPATH=/home/osboxes/ros2_proj4a/build/simulation/prefix_override:/home/osboxes/ros2_proj4a/install/simulation/lib/python3.10/site-packages:${PYTHONPATH} /usr/bin/python3 setup.py egg_info --egg-base ../../build/simulation build --build-base /home/osboxes/ros2_proj4a/build/simulation/build install --record /home/osboxes/ros2_proj4a/build/simulation/install.log --single-version-externally-managed
[2.444s] running egg_info
[2.445s] writing ../../build/simulation/simulation.egg-info/PKG-INFO
[2.447s] writing dependency_links to ../../build/simulation/simulation.egg-info/dependency_links.txt
[2.449s] writing entry points to ../../build/simulation/simulation.egg-info/entry_points.txt
[2.450s] writing requirements to ../../build/simulation/simulation.egg-info/requires.txt
[2.450s] writing top-level names to ../../build/simulation/simulation.egg-info/top_level.txt
[2.469s] reading manifest file '../../build/simulation/simulation.egg-info/SOURCES.txt'
[2.473s] writing manifest file '../../build/simulation/simulation.egg-info/SOURCES.txt'
[2.474s] running build
[2.474s] running build_py
[2.491s] running install
[2.492s] running install_lib
[2.501s] running install_data
[2.509s] running install_egg_info
[2.513s] removing '/home/osboxes/ros2_proj4a/install/simulation/lib/python3.10/site-packages/simulation-0.0.0-py3.10.egg-info' (and everything under it)
[2.514s] Copying ../../build/simulation/simulation.egg-info to /home/osboxes/ros2_proj4a/install/simulation/lib/python3.10/site-packages/simulation-0.0.0-py3.10.egg-info
[2.516s] running install_scripts
[2.541s] Installing proj4a script to /home/osboxes/ros2_proj4a/install/simulation/lib/simulation
[2.542s] writing list of installed files to '/home/osboxes/ros2_proj4a/build/simulation/install.log'
[2.601s] Invoked command in '/home/osboxes/ros2_proj4a/src/simulation' returned '0': PYTHONPATH=/home/osboxes/ros2_proj4a/build/simulation/prefix_override:/home/osboxes/ros2_proj4a/install/simulation/lib/python3.10/site-packages:${PYTHONPATH} /usr/bin/python3 setup.py egg_info --egg-base ../../build/simulation build --build-base /home/osboxes/ros2_proj4a/build/simulation/build install --record /home/osboxes/ros2_proj4a/build/simulation/install.log --single-version-externally-managed
