[0.963s] Invoking command in '/home/osboxes/ros2_proj4a/build/simulation': PYTHONPATH=/home/osboxes/ros2_proj4a/build/simulation/prefix_override:/home/osboxes/ros2_proj4a/install/simulation/lib/python3.10/site-packages:${PYTHONPATH} /usr/bin/python3 setup.py develop --uninstall --editable --build-directory /home/osboxes/ros2_proj4a/build/simulation/build
[1.413s] running develop
[1.666s] Invoked command in '/home/osboxes/ros2_proj4a/build/simulation' returned '0': PYTHONPATH=/home/osboxes/ros2_proj4a/build/simulation/prefix_override:/home/osboxes/ros2_proj4a/install/simulation/lib/python3.10/site-packages:${PYTHONPATH} /usr/bin/python3 setup.py develop --uninstall --editable --build-directory /home/osboxes/ros2_proj4a/build/simulation/build
[1.669s] Invoking command in '/home/osboxes/ros2_proj4a/src/simulation': PYTHONPATH=/home/osboxes/ros2_proj4a/build/simulation/prefix_override:/home/osboxes/ros2_proj4a/install/simulation/lib/python3.10/site-packages:${PYTHONPATH} /usr/bin/python3 setup.py egg_info --egg-base ../../build/simulation build --build-base /home/osboxes/ros2_proj4a/build/simulation/build install --record /home/osboxes/ros2_proj4a/build/simulation/install.log --single-version-externally-managed
[2.004s] running egg_info
[2.004s] writing ../../build/simulation/simulation.egg-info/PKG-INFO
[2.004s] writing dependency_links to ../../build/simulation/simulation.egg-info/dependency_links.txt
[2.004s] writing entry points to ../../build/simulation/simulation.egg-info/entry_points.txt
[2.006s] writing requirements to ../../build/simulation/simulation.egg-info/requires.txt
[2.007s] writing top-level names to ../../build/simulation/simulation.egg-info/top_level.txt
[2.009s] reading manifest file '../../build/simulation/simulation.egg-info/SOURCES.txt'
[2.010s] writing manifest file '../../build/simulation/simulation.egg-info/SOURCES.txt'
[2.011s] running build
[2.012s] running build_py
[2.012s] running install
[2.014s] running install_lib
[2.016s] running install_data
[2.017s] copying launch/launch.py -> /home/osboxes/ros2_proj4a/install/simulation/share/simulation
[2.018s] running install_egg_info
[2.020s] removing '/home/osboxes/ros2_proj4a/install/simulation/lib/python3.10/site-packages/simulation-0.0.0-py3.10.egg-info' (and everything under it)
[2.021s] Copying ../../build/simulation/simulation.egg-info to /home/osboxes/ros2_proj4a/install/simulation/lib/python3.10/site-packages/simulation-0.0.0-py3.10.egg-info
[2.022s] running install_scripts
[2.053s] Installing disc_robot script to /home/osboxes/ros2_proj4a/install/simulation/lib/simulation
[2.057s] Installing project4a script to /home/osboxes/ros2_proj4a/install/simulation/lib/simulation
[2.057s] writing list of installed files to '/home/osboxes/ros2_proj4a/build/simulation/install.log'
[2.110s] Invoked command in '/home/osboxes/ros2_proj4a/src/simulation' returned '0': PYTHONPATH=/home/osboxes/ros2_proj4a/build/simulation/prefix_override:/home/osboxes/ros2_proj4a/install/simulation/lib/python3.10/site-packages:${PYTHONPATH} /usr/bin/python3 setup.py egg_info --egg-base ../../build/simulation build --build-base /home/osboxes/ros2_proj4a/build/simulation/build install --record /home/osboxes/ros2_proj4a/build/simulation/install.log --single-version-externally-managed
