[2.472s] Invoking command in '/home/osboxes/ros2_proj4a/build/simulation': PYTHONPATH=/home/osboxes/ros2_proj4a/build/simulation/prefix_override:/home/osboxes/ros2_proj4a/install/simulation/lib/python3.10/site-packages:${PYTHONPATH} /usr/bin/python3 setup.py develop --uninstall --editable --build-directory /home/osboxes/ros2_proj4a/build/simulation/build
[3.448s] running develop
[4.113s] Invoked command in '/home/osboxes/ros2_proj4a/build/simulation' returned '0': PYTHONPATH=/home/osboxes/ros2_proj4a/build/simulation/prefix_override:/home/osboxes/ros2_proj4a/install/simulation/lib/python3.10/site-packages:${PYTHONPATH} /usr/bin/python3 setup.py develop --uninstall --editable --build-directory /home/osboxes/ros2_proj4a/build/simulation/build
[4.118s] Invoking command in '/home/osboxes/ros2_proj4a/src/simulation': PYTHONPATH=/home/osboxes/ros2_proj4a/build/simulation/prefix_override:/home/osboxes/ros2_proj4a/install/simulation/lib/python3.10/site-packages:${PYTHONPATH} /usr/bin/python3 setup.py egg_info --egg-base ../../build/simulation build --build-base /home/osboxes/ros2_proj4a/build/simulation/build install --record /home/osboxes/ros2_proj4a/build/simulation/install.log --single-version-externally-managed
[4.969s] running egg_info
[4.972s] writing ../../build/simulation/simulation.egg-info/PKG-INFO
[4.973s] writing dependency_links to ../../build/simulation/simulation.egg-info/dependency_links.txt
[4.973s] writing entry points to ../../build/simulation/simulation.egg-info/entry_points.txt
[4.974s] writing requirements to ../../build/simulation/simulation.egg-info/requires.txt
[4.979s] writing top-level names to ../../build/simulation/simulation.egg-info/top_level.txt
[4.988s] reading manifest file '../../build/simulation/simulation.egg-info/SOURCES.txt'
[4.991s] writing manifest file '../../build/simulation/simulation.egg-info/SOURCES.txt'
[4.992s] running build
[4.992s] running build_py
[4.993s] copying simulation/proj4anode2.py -> /home/osboxes/ros2_proj4a/build/simulation/build/lib/simulation
[5.004s] running install
[5.005s] running install_lib
[5.007s] copying /home/osboxes/ros2_proj4a/build/simulation/build/lib/simulation/proj4anode2.py -> /home/osboxes/ros2_proj4a/install/simulation/lib/python3.10/site-packages/simulation
[5.014s] byte-compiling /home/osboxes/ros2_proj4a/install/simulation/lib/python3.10/site-packages/simulation/proj4anode2.py to proj4anode2.cpython-310.pyc
[5.015s] Sorry: IndentationError: expected an indented block after function definition on line 48 (proj4anode2.py, line 51)
[5.016s] running install_data
[5.017s] running install_egg_info
[5.023s] removing '/home/osboxes/ros2_proj4a/install/simulation/lib/python3.10/site-packages/simulation-0.0.0-py3.10.egg-info' (and everything under it)
[5.027s] Copying ../../build/simulation/simulation.egg-info to /home/osboxes/ros2_proj4a/install/simulation/lib/python3.10/site-packages/simulation-0.0.0-py3.10.egg-info
[5.031s] running install_scripts
[5.088s] Installing proj4a script to /home/osboxes/ros2_proj4a/install/simulation/lib/simulation
[5.093s] writing list of installed files to '/home/osboxes/ros2_proj4a/build/simulation/install.log'
[5.199s] Invoked command in '/home/osboxes/ros2_proj4a/src/simulation' returned '0': PYTHONPATH=/home/osboxes/ros2_proj4a/build/simulation/prefix_override:/home/osboxes/ros2_proj4a/install/simulation/lib/python3.10/site-packages:${PYTHONPATH} /usr/bin/python3 setup.py egg_info --egg-base ../../build/simulation build --build-base /home/osboxes/ros2_proj4a/build/simulation/build install --record /home/osboxes/ros2_proj4a/build/simulation/install.log --single-version-externally-managed
