[1.481s] Invoking command in '/home/osboxes/ros2_proj4a/build/simulation': PYTHONPATH=/home/osboxes/ros2_proj4a/build/simulation/prefix_override:/home/osboxes/ros2_proj4a/install/simulation/lib/python3.10/site-packages:${PYTHONPATH} /usr/bin/python3 setup.py develop --uninstall --editable --build-directory /home/osboxes/ros2_proj4a/build/simulation/build
[2.062s] running develop
[2.511s] Invoked command in '/home/osboxes/ros2_proj4a/build/simulation' returned '0': PYTHONPATH=/home/osboxes/ros2_proj4a/build/simulation/prefix_override:/home/osboxes/ros2_proj4a/install/simulation/lib/python3.10/site-packages:${PYTHONPATH} /usr/bin/python3 setup.py develop --uninstall --editable --build-directory /home/osboxes/ros2_proj4a/build/simulation/build
[2.512s] Invoking command in '/home/osboxes/ros2_proj4a/src/simulation': PYTHONPATH=/home/osboxes/ros2_proj4a/build/simulation/prefix_override:/home/osboxes/ros2_proj4a/install/simulation/lib/python3.10/site-packages:${PYTHONPATH} /usr/bin/python3 setup.py egg_info --egg-base ../../build/simulation build --build-base /home/osboxes/ros2_proj4a/build/simulation/build install --record /home/osboxes/ros2_proj4a/build/simulation/install.log --single-version-externally-managed
[3.142s] running egg_info
[3.143s] writing ../../build/simulation/simulation.egg-info/PKG-INFO
[3.143s] writing dependency_links to ../../build/simulation/simulation.egg-info/dependency_links.txt
[3.143s] writing entry points to ../../build/simulation/simulation.egg-info/entry_points.txt
[3.143s] writing requirements to ../../build/simulation/simulation.egg-info/requires.txt
[3.144s] writing top-level names to ../../build/simulation/simulation.egg-info/top_level.txt
[3.147s] reading manifest file '../../build/simulation/simulation.egg-info/SOURCES.txt'
[3.150s] writing manifest file '../../build/simulation/simulation.egg-info/SOURCES.txt'
[3.150s] running build
[3.150s] running build_py
[3.151s] running install
[3.151s] running install_lib
[3.152s] running install_data
[3.154s] running install_egg_info
[3.158s] removing '/home/osboxes/ros2_proj4a/install/simulation/lib/python3.10/site-packages/simulation-0.0.0-py3.10.egg-info' (and everything under it)
[3.159s] Copying ../../build/simulation/simulation.egg-info to /home/osboxes/ros2_proj4a/install/simulation/lib/python3.10/site-packages/simulation-0.0.0-py3.10.egg-info
[3.160s] running install_scripts
[3.202s] Installing proj4a script to /home/osboxes/ros2_proj4a/install/simulation/lib/simulation
[3.203s] writing list of installed files to '/home/osboxes/ros2_proj4a/build/simulation/install.log'
[3.262s] Invoked command in '/home/osboxes/ros2_proj4a/src/simulation' returned '0': PYTHONPATH=/home/osboxes/ros2_proj4a/build/simulation/prefix_override:/home/osboxes/ros2_proj4a/install/simulation/lib/python3.10/site-packages:${PYTHONPATH} /usr/bin/python3 setup.py egg_info --egg-base ../../build/simulation build --build-base /home/osboxes/ros2_proj4a/build/simulation/build install --record /home/osboxes/ros2_proj4a/build/simulation/install.log --single-version-externally-managed
