/home/vboxuser/Desktop/CSCE 452/CSCE-452-Project-4/ros2_proj4a/install/simulation/lib/python3.10/site-packages/simulation/__init__.py
/home/vboxuser/Desktop/CSCE 452/CSCE-452-Project-4/ros2_proj4a/install/simulation/lib/python3.10/site-packages/simulation/disc_robot.py
/home/vboxuser/Desktop/CSCE 452/CSCE-452-Project-4/ros2_proj4a/install/simulation/lib/python3.10/site-packages/simulation/proj4a.py
/home/vboxuser/Desktop/CSCE 452/CSCE-452-Project-4/ros2_proj4a/install/simulation/lib/python3.10/site-packages/simulation/__pycache__/__init__.cpython-310.pyc
/home/vboxuser/Desktop/CSCE 452/CSCE-452-Project-4/ros2_proj4a/install/simulation/lib/python3.10/site-packages/simulation/__pycache__/disc_robot.cpython-310.pyc
/home/vboxuser/Desktop/CSCE 452/CSCE-452-Project-4/ros2_proj4a/install/simulation/lib/python3.10/site-packages/simulation/__pycache__/proj4a.cpython-310.pyc
/home/vboxuser/Desktop/CSCE 452/CSCE-452-Project-4/ros2_proj4a/install/simulation/share/ament_index/resource_index/packages/simulation
/home/vboxuser/Desktop/CSCE 452/CSCE-452-Project-4/ros2_proj4a/install/simulation/share/simulation/package.xml
/home/vboxuser/Desktop/CSCE 452/CSCE-452-Project-4/ros2_proj4a/install/simulation/share/simulation/disc_robot.py
/home/vboxuser/Desktop/CSCE 452/CSCE-452-Project-4/ros2_proj4a/install/simulation/share/simulation/launch.py
/home/vboxuser/Desktop/CSCE 452/CSCE-452-Project-4/ros2_proj4a/install/simulation/share/simulation/normal.robot
/home/vboxuser/Desktop/CSCE 452/CSCE-452-Project-4/ros2_proj4a/install/simulation/share/simulation/brick.world
/home/vboxuser/Desktop/CSCE 452/CSCE-452-Project-4/ros2_proj4a/install/simulation/share/simulation/pillars.world
/home/vboxuser/Desktop/CSCE 452/CSCE-452-Project-4/ros2_proj4a/install/simulation/lib/python3.10/site-packages/simulation-0.0.0-py3.10.egg-info/PKG-INFO
/home/vboxuser/Desktop/CSCE 452/CSCE-452-Project-4/ros2_proj4a/install/simulation/lib/python3.10/site-packages/simulation-0.0.0-py3.10.egg-info/zip-safe
/home/vboxuser/Desktop/CSCE 452/CSCE-452-Project-4/ros2_proj4a/install/simulation/lib/python3.10/site-packages/simulation-0.0.0-py3.10.egg-info/SOURCES.txt
/home/vboxuser/Desktop/CSCE 452/CSCE-452-Project-4/ros2_proj4a/install/simulation/lib/python3.10/site-packages/simulation-0.0.0-py3.10.egg-info/dependency_links.txt
/home/vboxuser/Desktop/CSCE 452/CSCE-452-Project-4/ros2_proj4a/install/simulation/lib/python3.10/site-packages/simulation-0.0.0-py3.10.egg-info/requires.txt
/home/vboxuser/Desktop/CSCE 452/CSCE-452-Project-4/ros2_proj4a/install/simulation/lib/python3.10/site-packages/simulation-0.0.0-py3.10.egg-info/top_level.txt
/home/vboxuser/Desktop/CSCE 452/CSCE-452-Project-4/ros2_proj4a/install/simulation/lib/python3.10/site-packages/simulation-0.0.0-py3.10.egg-info/entry_points.txt
/home/vboxuser/Desktop/CSCE 452/CSCE-452-Project-4/ros2_proj4a/install/simulation/lib/simulation/proj4a
