[3.073s] Invoking command in '/home/osboxes/ros2_proj4a/build/simulation': PYTHONPATH=/home/osboxes/ros2_proj4a/build/simulation/prefix_override:/home/osboxes/ros2_proj4a/install/simulation/lib/python3.10/site-packages:${PYTHONPATH} /usr/bin/python3 setup.py develop --uninstall --editable --build-directory /home/osboxes/ros2_proj4a/build/simulation/build
[4.016s] running develop
[4.826s] Invoked command in '/home/osboxes/ros2_proj4a/build/simulation' returned '0': PYTHONPATH=/home/osboxes/ros2_proj4a/build/simulation/prefix_override:/home/osboxes/ros2_proj4a/install/simulation/lib/python3.10/site-packages:${PYTHONPATH} /usr/bin/python3 setup.py develop --uninstall --editable --build-directory /home/osboxes/ros2_proj4a/build/simulation/build
[4.827s] Invoking command in '/home/osboxes/ros2_proj4a/src/simulation': PYTHONPATH=/home/osboxes/ros2_proj4a/build/simulation/prefix_override:/home/osboxes/ros2_proj4a/install/simulation/lib/python3.10/site-packages:${PYTHONPATH} /usr/bin/python3 setup.py egg_info --egg-base ../../build/simulation build --build-base /home/osboxes/ros2_proj4a/build/simulation/build install --record /home/osboxes/ros2_proj4a/build/simulation/install.log --single-version-externally-managed
[5.732s] running egg_info
[5.734s] writing ../../build/simulation/simulation.egg-info/PKG-INFO
[5.735s] writing dependency_links to ../../build/simulation/simulation.egg-info/dependency_links.txt
[5.776s] writing entry points to ../../build/simulation/simulation.egg-info/entry_points.txt
[5.792s] writing requirements to ../../build/simulation/simulation.egg-info/requires.txt
[5.801s] writing top-level names to ../../build/simulation/simulation.egg-info/top_level.txt
[5.802s] reading manifest file '../../build/simulation/simulation.egg-info/SOURCES.txt'
[5.803s] writing manifest file '../../build/simulation/simulation.egg-info/SOURCES.txt'
[5.807s] running build
[5.810s] running build_py
[5.811s] running install
[5.811s] running install_lib
[5.811s] running install_data
[5.812s] running install_egg_info
[5.814s] removing '/home/osboxes/ros2_proj4a/install/simulation/lib/python3.10/site-packages/simulation-0.0.0-py3.10.egg-info' (and everything under it)
[5.814s] Copying ../../build/simulation/simulation.egg-info to /home/osboxes/ros2_proj4a/install/simulation/lib/python3.10/site-packages/simulation-0.0.0-py3.10.egg-info
[5.815s] running install_scripts
[5.905s] Installing proj4a script to /home/osboxes/ros2_proj4a/install/simulation/lib/simulation
[5.906s] writing list of installed files to '/home/osboxes/ros2_proj4a/build/simulation/install.log'
[6.072s] Invoked command in '/home/osboxes/ros2_proj4a/src/simulation' returned '0': PYTHONPATH=/home/osboxes/ros2_proj4a/build/simulation/prefix_override:/home/osboxes/ros2_proj4a/install/simulation/lib/python3.10/site-packages:${PYTHONPATH} /usr/bin/python3 setup.py egg_info --egg-base ../../build/simulation build --build-base /home/osboxes/ros2_proj4a/build/simulation/build install --record /home/osboxes/ros2_proj4a/build/simulation/install.log --single-version-externally-managed
