[1.437s] Invoking command in '/home/osboxes/ros2_proj4a/build/simulation': PYTHONPATH=/home/osboxes/ros2_proj4a/build/simulation/prefix_override:/home/osboxes/ros2_proj4a/install/simulation/lib/python3.10/site-packages:${PYTHONPATH} /usr/bin/python3 setup.py develop --uninstall --editable --build-directory /home/osboxes/ros2_proj4a/build/simulation/build
[2.042s] running develop
[2.488s] Invoked command in '/home/osboxes/ros2_proj4a/build/simulation' returned '0': PYTHONPATH=/home/osboxes/ros2_proj4a/build/simulation/prefix_override:/home/osboxes/ros2_proj4a/install/simulation/lib/python3.10/site-packages:${PYTHONPATH} /usr/bin/python3 setup.py develop --uninstall --editable --build-directory /home/osboxes/ros2_proj4a/build/simulation/build
[2.494s] Invoking command in '/home/osboxes/ros2_proj4a/src/simulation': PYTHONPATH=/home/osboxes/ros2_proj4a/build/simulation/prefix_override:/home/osboxes/ros2_proj4a/install/simulation/lib/python3.10/site-packages:${PYTHONPATH} /usr/bin/python3 setup.py egg_info --egg-base ../../build/simulation build --build-base /home/osboxes/ros2_proj4a/build/simulation/build install --record /home/osboxes/ros2_proj4a/build/simulation/install.log --single-version-externally-managed
[3.067s] running egg_info
[3.069s] writing ../../build/simulation/simulation.egg-info/PKG-INFO
[3.070s] writing dependency_links to ../../build/simulation/simulation.egg-info/dependency_links.txt
[3.070s] writing entry points to ../../build/simulation/simulation.egg-info/entry_points.txt
[3.070s] writing requirements to ../../build/simulation/simulation.egg-info/requires.txt
[3.071s] writing top-level names to ../../build/simulation/simulation.egg-info/top_level.txt
[3.075s] reading manifest file '../../build/simulation/simulation.egg-info/SOURCES.txt'
[3.078s] writing manifest file '../../build/simulation/simulation.egg-info/SOURCES.txt'
[3.079s] running build
[3.079s] running build_py
[3.079s] copying simulation/proj4a.py -> /home/osboxes/ros2_proj4a/build/simulation/build/lib/simulation
[3.080s] running install
[3.081s] running install_lib
[3.082s] copying /home/osboxes/ros2_proj4a/build/simulation/build/lib/simulation/proj4a.py -> /home/osboxes/ros2_proj4a/install/simulation/lib/python3.10/site-packages/simulation
[3.083s] byte-compiling /home/osboxes/ros2_proj4a/install/simulation/lib/python3.10/site-packages/simulation/proj4a.py to proj4a.cpython-310.pyc
[3.087s] running install_data
[3.089s] copying urdf/ell.world -> /home/osboxes/ros2_proj4a/install/simulation/share/simulation
[3.090s] copying urdf/rectangle.world -> /home/osboxes/ros2_proj4a/install/simulation/share/simulation
[3.090s] copying urdf/open.world -> /home/osboxes/ros2_proj4a/install/simulation/share/simulation
[3.090s] copying urdf/bad.robot -> /home/osboxes/ros2_proj4a/install/simulation/share/simulation
[3.091s] copying urdf/ideal.robot -> /home/osboxes/ros2_proj4a/install/simulation/share/simulation
[3.091s] running install_egg_info
[3.096s] removing '/home/osboxes/ros2_proj4a/install/simulation/lib/python3.10/site-packages/simulation-0.0.0-py3.10.egg-info' (and everything under it)
[3.097s] Copying ../../build/simulation/simulation.egg-info to /home/osboxes/ros2_proj4a/install/simulation/lib/python3.10/site-packages/simulation-0.0.0-py3.10.egg-info
[3.098s] running install_scripts
[3.136s] Installing proj4a script to /home/osboxes/ros2_proj4a/install/simulation/lib/simulation
[3.137s] writing list of installed files to '/home/osboxes/ros2_proj4a/build/simulation/install.log'
[3.201s] Invoked command in '/home/osboxes/ros2_proj4a/src/simulation' returned '0': PYTHONPATH=/home/osboxes/ros2_proj4a/build/simulation/prefix_override:/home/osboxes/ros2_proj4a/install/simulation/lib/python3.10/site-packages:${PYTHONPATH} /usr/bin/python3 setup.py egg_info --egg-base ../../build/simulation build --build-base /home/osboxes/ros2_proj4a/build/simulation/build install --record /home/osboxes/ros2_proj4a/build/simulation/install.log --single-version-externally-managed
