[1.554s] Invoking command in '/home/osboxes/ros2_proj4a/build/simulation': PYTHONPATH=/home/osboxes/ros2_proj4a/build/simulation/prefix_override:/home/osboxes/ros2_proj4a/install/simulation/lib/python3.10/site-packages:${PYTHONPATH} /usr/bin/python3 setup.py develop --uninstall --editable --build-directory /home/osboxes/ros2_proj4a/build/simulation/build
[2.180s] running develop
[2.659s] Invoked command in '/home/osboxes/ros2_proj4a/build/simulation' returned '0': PYTHONPATH=/home/osboxes/ros2_proj4a/build/simulation/prefix_override:/home/osboxes/ros2_proj4a/install/simulation/lib/python3.10/site-packages:${PYTHONPATH} /usr/bin/python3 setup.py develop --uninstall --editable --build-directory /home/osboxes/ros2_proj4a/build/simulation/build
[2.662s] Invoking command in '/home/osboxes/ros2_proj4a/src/simulation': PYTHONPATH=/home/osboxes/ros2_proj4a/build/simulation/prefix_override:/home/osboxes/ros2_proj4a/install/simulation/lib/python3.10/site-packages:${PYTHONPATH} /usr/bin/python3 setup.py egg_info --egg-base ../../build/simulation build --build-base /home/osboxes/ros2_proj4a/build/simulation/build install --record /home/osboxes/ros2_proj4a/build/simulation/install.log --single-version-externally-managed
[3.272s] running egg_info
[3.273s] writing ../../build/simulation/simulation.egg-info/PKG-INFO
[3.275s] writing dependency_links to ../../build/simulation/simulation.egg-info/dependency_links.txt
[3.275s] writing entry points to ../../build/simulation/simulation.egg-info/entry_points.txt
[3.275s] writing requirements to ../../build/simulation/simulation.egg-info/requires.txt
[3.275s] writing top-level names to ../../build/simulation/simulation.egg-info/top_level.txt
[3.279s] reading manifest file '../../build/simulation/simulation.egg-info/SOURCES.txt'
[3.282s] writing manifest file '../../build/simulation/simulation.egg-info/SOURCES.txt'
[3.285s] running build
[3.285s] running build_py
[3.286s] copying simulation/proj4anode2.py -> /home/osboxes/ros2_proj4a/build/simulation/build/lib/simulation
[3.286s] running install
[3.287s] running install_lib
[3.289s] copying /home/osboxes/ros2_proj4a/build/simulation/build/lib/simulation/proj4anode2.py -> /home/osboxes/ros2_proj4a/install/simulation/lib/python3.10/site-packages/simulation
[3.290s] byte-compiling /home/osboxes/ros2_proj4a/install/simulation/lib/python3.10/site-packages/simulation/proj4anode2.py to proj4anode2.cpython-310.pyc
[3.293s] running install_data
[3.294s] running install_egg_info
[3.297s] removing '/home/osboxes/ros2_proj4a/install/simulation/lib/python3.10/site-packages/simulation-0.0.0-py3.10.egg-info' (and everything under it)
[3.298s] Copying ../../build/simulation/simulation.egg-info to /home/osboxes/ros2_proj4a/install/simulation/lib/python3.10/site-packages/simulation-0.0.0-py3.10.egg-info
[3.301s] running install_scripts
[3.338s] Installing proj4a script to /home/osboxes/ros2_proj4a/install/simulation/lib/simulation
[3.338s] Installing proj4anode2 script to /home/osboxes/ros2_proj4a/install/simulation/lib/simulation
[3.338s] writing list of installed files to '/home/osboxes/ros2_proj4a/build/simulation/install.log'
[3.413s] Invoked command in '/home/osboxes/ros2_proj4a/src/simulation' returned '0': PYTHONPATH=/home/osboxes/ros2_proj4a/build/simulation/prefix_override:/home/osboxes/ros2_proj4a/install/simulation/lib/python3.10/site-packages:${PYTHONPATH} /usr/bin/python3 setup.py egg_info --egg-base ../../build/simulation build --build-base /home/osboxes/ros2_proj4a/build/simulation/build install --record /home/osboxes/ros2_proj4a/build/simulation/install.log --single-version-externally-managed
