[1.462s] Invoking command in '/home/osboxes/ros2_proj4a/build/simulation': PYTHONPATH=/home/osboxes/ros2_proj4a/build/simulation/prefix_override:/home/osboxes/ros2_proj4a/install/simulation/lib/python3.10/site-packages:${PYTHONPATH} /usr/bin/python3 setup.py develop --uninstall --editable --build-directory /home/osboxes/ros2_proj4a/build/simulation/build
[1.930s] running develop
[2.303s] Invoked command in '/home/osboxes/ros2_proj4a/build/simulation' returned '0': PYTHONPATH=/home/osboxes/ros2_proj4a/build/simulation/prefix_override:/home/osboxes/ros2_proj4a/install/simulation/lib/python3.10/site-packages:${PYTHONPATH} /usr/bin/python3 setup.py develop --uninstall --editable --build-directory /home/osboxes/ros2_proj4a/build/simulation/build
[2.306s] Invoking command in '/home/osboxes/ros2_proj4a/src/simulation': PYTHONPATH=/home/osboxes/ros2_proj4a/build/simulation/prefix_override:/home/osboxes/ros2_proj4a/install/simulation/lib/python3.10/site-packages:${PYTHONPATH} /usr/bin/python3 setup.py egg_info --egg-base ../../build/simulation build --build-base /home/osboxes/ros2_proj4a/build/simulation/build install --record /home/osboxes/ros2_proj4a/build/simulation/install.log --single-version-externally-managed
[2.770s] running egg_info
[2.774s] writing ../../build/simulation/simulation.egg-info/PKG-INFO
[2.774s] writing dependency_links to ../../build/simulation/simulation.egg-info/dependency_links.txt
[2.774s] writing entry points to ../../build/simulation/simulation.egg-info/entry_points.txt
[2.775s] writing requirements to ../../build/simulation/simulation.egg-info/requires.txt
[2.775s] writing top-level names to ../../build/simulation/simulation.egg-info/top_level.txt
[2.778s] reading manifest file '../../build/simulation/simulation.egg-info/SOURCES.txt'
[2.781s] writing manifest file '../../build/simulation/simulation.egg-info/SOURCES.txt'
[2.781s] running build
[2.781s] running build_py
[2.784s] copying simulation/nav_controller.py -> /home/osboxes/ros2_proj4a/build/simulation/build/lib/simulation
[2.784s] copying simulation/vel_translator.py -> /home/osboxes/ros2_proj4a/build/simulation/build/lib/simulation
[2.785s] running install
[2.785s] running install_lib
[2.789s] copying /home/osboxes/ros2_proj4a/build/simulation/build/lib/simulation/nav_controller.py -> /home/osboxes/ros2_proj4a/install/simulation/lib/python3.10/site-packages/simulation
[2.789s] copying /home/osboxes/ros2_proj4a/build/simulation/build/lib/simulation/vel_translator.py -> /home/osboxes/ros2_proj4a/install/simulation/lib/python3.10/site-packages/simulation
[2.791s] byte-compiling /home/osboxes/ros2_proj4a/install/simulation/lib/python3.10/site-packages/simulation/nav_controller.py to nav_controller.cpython-310.pyc
[2.792s] byte-compiling /home/osboxes/ros2_proj4a/install/simulation/lib/python3.10/site-packages/simulation/vel_translator.py to vel_translator.cpython-310.pyc
[2.793s] running install_data
[2.794s] copying launch/launch.py -> /home/osboxes/ros2_proj4a/install/simulation/share/simulation
[2.797s] running install_egg_info
[2.799s] removing '/home/osboxes/ros2_proj4a/install/simulation/lib/python3.10/site-packages/simulation-0.0.0-py3.10.egg-info' (and everything under it)
[2.800s] Copying ../../build/simulation/simulation.egg-info to /home/osboxes/ros2_proj4a/install/simulation/lib/python3.10/site-packages/simulation-0.0.0-py3.10.egg-info
[2.801s] running install_scripts
[2.830s] Installing nav_controller script to /home/osboxes/ros2_proj4a/install/simulation/lib/simulation
[2.830s] Installing proj4a script to /home/osboxes/ros2_proj4a/install/simulation/lib/simulation
[2.830s] Installing vel_translator script to /home/osboxes/ros2_proj4a/install/simulation/lib/simulation
[2.831s] writing list of installed files to '/home/osboxes/ros2_proj4a/build/simulation/install.log'
[2.874s] Invoked command in '/home/osboxes/ros2_proj4a/src/simulation' returned '0': PYTHONPATH=/home/osboxes/ros2_proj4a/build/simulation/prefix_override:/home/osboxes/ros2_proj4a/install/simulation/lib/python3.10/site-packages:${PYTHONPATH} /usr/bin/python3 setup.py egg_info --egg-base ../../build/simulation build --build-base /home/osboxes/ros2_proj4a/build/simulation/build install --record /home/osboxes/ros2_proj4a/build/simulation/install.log --single-version-externally-managed
