[1.236s] Invoking command in '/home/osboxes/ros2_proj4a/build/simulation': PYTHONPATH=/home/osboxes/ros2_proj4a/build/simulation/prefix_override:/home/osboxes/ros2_proj4a/install/simulation/lib/python3.10/site-packages:${PYTHONPATH} /usr/bin/python3 setup.py develop --uninstall --editable --build-directory /home/osboxes/ros2_proj4a/build/simulation/build
[1.593s] running develop
[1.853s] Invoked command in '/home/osboxes/ros2_proj4a/build/simulation' returned '0': PYTHONPATH=/home/osboxes/ros2_proj4a/build/simulation/prefix_override:/home/osboxes/ros2_proj4a/install/simulation/lib/python3.10/site-packages:${PYTHONPATH} /usr/bin/python3 setup.py develop --uninstall --editable --build-directory /home/osboxes/ros2_proj4a/build/simulation/build
[1.854s] Invoking command in '/home/osboxes/ros2_proj4a/src/simulation': PYTHONPATH=/home/osboxes/ros2_proj4a/build/simulation/prefix_override:/home/osboxes/ros2_proj4a/install/simulation/lib/python3.10/site-packages:${PYTHONPATH} /usr/bin/python3 setup.py egg_info --egg-base ../../build/simulation build --build-base /home/osboxes/ros2_proj4a/build/simulation/build install --record /home/osboxes/ros2_proj4a/build/simulation/install.log --single-version-externally-managed
[2.173s] running egg_info
[2.175s] writing ../../build/simulation/simulation.egg-info/PKG-INFO
[2.176s] writing dependency_links to ../../build/simulation/simulation.egg-info/dependency_links.txt
[2.177s] writing entry points to ../../build/simulation/simulation.egg-info/entry_points.txt
[2.179s] writing requirements to ../../build/simulation/simulation.egg-info/requires.txt
[2.180s] writing top-level names to ../../build/simulation/simulation.egg-info/top_level.txt
[2.184s] reading manifest file '../../build/simulation/simulation.egg-info/SOURCES.txt'
[2.188s] writing manifest file '../../build/simulation/simulation.egg-info/SOURCES.txt'
[2.189s] running build
[2.190s] running build_py
[2.191s] running install
[2.192s] running install_lib
[2.194s] running install_data
[2.196s] copying launch/launch.py -> /home/osboxes/ros2_proj4a/install/simulation/share/simulation
[2.199s] running install_egg_info
[2.201s] removing '/home/osboxes/ros2_proj4a/install/simulation/lib/python3.10/site-packages/simulation-0.0.0-py3.10.egg-info' (and everything under it)
[2.202s] Copying ../../build/simulation/simulation.egg-info to /home/osboxes/ros2_proj4a/install/simulation/lib/python3.10/site-packages/simulation-0.0.0-py3.10.egg-info
[2.203s] running install_scripts
[2.224s] Installing disc_robot script to /home/osboxes/ros2_proj4a/install/simulation/lib/simulation
[2.237s] Installing project4a script to /home/osboxes/ros2_proj4a/install/simulation/lib/simulation
[2.237s] writing list of installed files to '/home/osboxes/ros2_proj4a/build/simulation/install.log'
[2.261s] Invoked command in '/home/osboxes/ros2_proj4a/src/simulation' returned '0': PYTHONPATH=/home/osboxes/ros2_proj4a/build/simulation/prefix_override:/home/osboxes/ros2_proj4a/install/simulation/lib/python3.10/site-packages:${PYTHONPATH} /usr/bin/python3 setup.py egg_info --egg-base ../../build/simulation build --build-base /home/osboxes/ros2_proj4a/build/simulation/build install --record /home/osboxes/ros2_proj4a/build/simulation/install.log --single-version-externally-managed
