[0.737s] DEBUG:colcon:Command line arguments: ['/usr/bin/colcon', 'build']
[0.738s] DEBUG:colcon:Parsed command line arguments: Namespace(log_base=None, log_level=None, verb_name='build', build_base='build', install_base='install', merge_install=False, symlink_install=False, test_result_base=None, continue_on_error=False, executor='parallel', parallel_workers=3, event_handlers=None, ignore_user_meta=False, metas=['./colcon.meta'], base_paths=['.'], packages_ignore=None, packages_ignore_regex=None, paths=None, packages_up_to=None, packages_up_to_regex=None, packages_above=None, packages_above_and_dependencies=None, packages_above_depth=None, packages_select_by_dep=None, packages_skip_by_dep=None, packages_skip_up_to=None, packages_select_build_failed=False, packages_skip_build_finished=False, packages_select_test_failures=False, packages_skip_test_passed=False, packages_select=None, packages_skip=None, packages_select_regex=None, packages_skip_regex=None, packages_start=None, packages_end=None, allow_overriding=[], cmake_args=None, cmake_target=None, cmake_target_skip_unavailable=False, cmake_clean_cache=False, cmake_clean_first=False, cmake_force_configure=False, ament_cmake_args=None, catkin_cmake_args=None, catkin_skip_building_tests=False, verb_parser=<colcon_defaults.argument_parser.defaults.DefaultArgumentsDecorator object at 0x7f23409d8dc0>, verb_extension=<colcon_core.verb.build.BuildVerb object at 0x7f23409d8850>, main=<bound method BuildVerb.main of <colcon_core.verb.build.BuildVerb object at 0x7f23409d8850>>)
[0.781s] Level 1:colcon.colcon_core.package_discovery:discover_packages(colcon_meta) check parameters
[0.781s] Level 1:colcon.colcon_core.package_discovery:discover_packages(recursive) check parameters
[0.782s] Level 1:colcon.colcon_core.package_discovery:discover_packages(ignore) check parameters
[0.782s] Level 1:colcon.colcon_core.package_discovery:discover_packages(path) check parameters
[0.782s] Level 1:colcon.colcon_core.package_discovery:discover_packages(colcon_meta) discover
[0.782s] Level 1:colcon.colcon_core.package_discovery:discover_packages(recursive) discover
[0.782s] INFO:colcon.colcon_core.package_discovery:Crawling recursively for packages in '/home/osboxes/ros2_proj4a'
[0.782s] Level 1:colcon.colcon_core.package_identification:_identify(.) by extensions ['ignore', 'ignore_ament_install']
[0.782s] Level 1:colcon.colcon_core.package_identification:_identify(.) by extension 'ignore'
[0.782s] Level 1:colcon.colcon_core.package_identification:_identify(.) by extension 'ignore_ament_install'
[0.782s] Level 1:colcon.colcon_core.package_identification:_identify(.) by extensions ['colcon_pkg']
[0.782s] Level 1:colcon.colcon_core.package_identification:_identify(.) by extension 'colcon_pkg'
[0.782s] Level 1:colcon.colcon_core.package_identification:_identify(.) by extensions ['colcon_meta']
[0.782s] Level 1:colcon.colcon_core.package_identification:_identify(.) by extension 'colcon_meta'
[0.783s] Level 1:colcon.colcon_core.package_identification:_identify(.) by extensions ['ros']
[0.783s] Level 1:colcon.colcon_core.package_identification:_identify(.) by extension 'ros'
[0.802s] Level 1:colcon.colcon_core.package_identification:_identify(.) by extensions ['cmake', 'python']
[0.802s] Level 1:colcon.colcon_core.package_identification:_identify(.) by extension 'cmake'
[0.802s] Level 1:colcon.colcon_core.package_identification:_identify(.) by extension 'python'
[0.802s] Level 1:colcon.colcon_core.package_identification:_identify(.) by extensions ['python_setup_py']
[0.802s] Level 1:colcon.colcon_core.package_identification:_identify(.) by extension 'python_setup_py'
[0.803s] Level 1:colcon.colcon_core.package_identification:_identify(bags) by extensions ['ignore', 'ignore_ament_install']
[0.803s] Level 1:colcon.colcon_core.package_identification:_identify(bags) by extension 'ignore'
[0.803s] Level 1:colcon.colcon_core.package_identification:_identify(bags) by extension 'ignore_ament_install'
[0.804s] Level 1:colcon.colcon_core.package_identification:_identify(bags) by extensions ['colcon_pkg']
[0.804s] Level 1:colcon.colcon_core.package_identification:_identify(bags) by extension 'colcon_pkg'
[0.804s] Level 1:colcon.colcon_core.package_identification:_identify(bags) by extensions ['colcon_meta']
[0.804s] Level 1:colcon.colcon_core.package_identification:_identify(bags) by extension 'colcon_meta'
[0.804s] Level 1:colcon.colcon_core.package_identification:_identify(bags) by extensions ['ros']
[0.804s] Level 1:colcon.colcon_core.package_identification:_identify(bags) by extension 'ros'
[0.804s] Level 1:colcon.colcon_core.package_identification:_identify(bags) by extensions ['cmake', 'python']
[0.804s] Level 1:colcon.colcon_core.package_identification:_identify(bags) by extension 'cmake'
[0.804s] Level 1:colcon.colcon_core.package_identification:_identify(bags) by extension 'python'
[0.805s] Level 1:colcon.colcon_core.package_identification:_identify(bags) by extensions ['python_setup_py']
[0.805s] Level 1:colcon.colcon_core.package_identification:_identify(bags) by extension 'python_setup_py'
[0.805s] Level 1:colcon.colcon_core.package_identification:_identify(bags/input1) by extensions ['ignore', 'ignore_ament_install']
[0.805s] Level 1:colcon.colcon_core.package_identification:_identify(bags/input1) by extension 'ignore'
[0.805s] Level 1:colcon.colcon_core.package_identification:_identify(bags/input1) by extension 'ignore_ament_install'
[0.805s] Level 1:colcon.colcon_core.package_identification:_identify(bags/input1) by extensions ['colcon_pkg']
[0.805s] Level 1:colcon.colcon_core.package_identification:_identify(bags/input1) by extension 'colcon_pkg'
[0.805s] Level 1:colcon.colcon_core.package_identification:_identify(bags/input1) by extensions ['colcon_meta']
[0.806s] Level 1:colcon.colcon_core.package_identification:_identify(bags/input1) by extension 'colcon_meta'
[0.806s] Level 1:colcon.colcon_core.package_identification:_identify(bags/input1) by extensions ['ros']
[0.806s] Level 1:colcon.colcon_core.package_identification:_identify(bags/input1) by extension 'ros'
[0.806s] Level 1:colcon.colcon_core.package_identification:_identify(bags/input1) by extensions ['cmake', 'python']
[0.806s] Level 1:colcon.colcon_core.package_identification:_identify(bags/input1) by extension 'cmake'
[0.806s] Level 1:colcon.colcon_core.package_identification:_identify(bags/input1) by extension 'python'
[0.806s] Level 1:colcon.colcon_core.package_identification:_identify(bags/input1) by extensions ['python_setup_py']
[0.806s] Level 1:colcon.colcon_core.package_identification:_identify(bags/input1) by extension 'python_setup_py'
[0.806s] Level 1:colcon.colcon_core.package_identification:_identify(bags/input2) by extensions ['ignore', 'ignore_ament_install']
[0.806s] Level 1:colcon.colcon_core.package_identification:_identify(bags/input2) by extension 'ignore'
[0.806s] Level 1:colcon.colcon_core.package_identification:_identify(bags/input2) by extension 'ignore_ament_install'
[0.807s] Level 1:colcon.colcon_core.package_identification:_identify(bags/input2) by extensions ['colcon_pkg']
[0.807s] Level 1:colcon.colcon_core.package_identification:_identify(bags/input2) by extension 'colcon_pkg'
[0.807s] Level 1:colcon.colcon_core.package_identification:_identify(bags/input2) by extensions ['colcon_meta']
[0.807s] Level 1:colcon.colcon_core.package_identification:_identify(bags/input2) by extension 'colcon_meta'
[0.807s] Level 1:colcon.colcon_core.package_identification:_identify(bags/input2) by extensions ['ros']
[0.807s] Level 1:colcon.colcon_core.package_identification:_identify(bags/input2) by extension 'ros'
[0.807s] Level 1:colcon.colcon_core.package_identification:_identify(bags/input2) by extensions ['cmake', 'python']
[0.807s] Level 1:colcon.colcon_core.package_identification:_identify(bags/input2) by extension 'cmake'
[0.807s] Level 1:colcon.colcon_core.package_identification:_identify(bags/input2) by extension 'python'
[0.807s] Level 1:colcon.colcon_core.package_identification:_identify(bags/input2) by extensions ['python_setup_py']
[0.807s] Level 1:colcon.colcon_core.package_identification:_identify(bags/input2) by extension 'python_setup_py'
[0.807s] Level 1:colcon.colcon_core.package_identification:_identify(bags/input3) by extensions ['ignore', 'ignore_ament_install']
[0.808s] Level 1:colcon.colcon_core.package_identification:_identify(bags/input3) by extension 'ignore'
[0.808s] Level 1:colcon.colcon_core.package_identification:_identify(bags/input3) by extension 'ignore_ament_install'
[0.808s] Level 1:colcon.colcon_core.package_identification:_identify(bags/input3) by extensions ['colcon_pkg']
[0.808s] Level 1:colcon.colcon_core.package_identification:_identify(bags/input3) by extension 'colcon_pkg'
[0.808s] Level 1:colcon.colcon_core.package_identification:_identify(bags/input3) by extensions ['colcon_meta']
[0.808s] Level 1:colcon.colcon_core.package_identification:_identify(bags/input3) by extension 'colcon_meta'
[0.808s] Level 1:colcon.colcon_core.package_identification:_identify(bags/input3) by extensions ['ros']
[0.808s] Level 1:colcon.colcon_core.package_identification:_identify(bags/input3) by extension 'ros'
[0.808s] Level 1:colcon.colcon_core.package_identification:_identify(bags/input3) by extensions ['cmake', 'python']
[0.808s] Level 1:colcon.colcon_core.package_identification:_identify(bags/input3) by extension 'cmake'
[0.808s] Level 1:colcon.colcon_core.package_identification:_identify(bags/input3) by extension 'python'
[0.808s] Level 1:colcon.colcon_core.package_identification:_identify(bags/input3) by extensions ['python_setup_py']
[0.808s] Level 1:colcon.colcon_core.package_identification:_identify(bags/input3) by extension 'python_setup_py'
[0.809s] Level 1:colcon.colcon_core.package_identification:_identify(bags/input4) by extensions ['ignore', 'ignore_ament_install']
[0.809s] Level 1:colcon.colcon_core.package_identification:_identify(bags/input4) by extension 'ignore'
[0.809s] Level 1:colcon.colcon_core.package_identification:_identify(bags/input4) by extension 'ignore_ament_install'
[0.809s] Level 1:colcon.colcon_core.package_identification:_identify(bags/input4) by extensions ['colcon_pkg']
[0.809s] Level 1:colcon.colcon_core.package_identification:_identify(bags/input4) by extension 'colcon_pkg'
[0.809s] Level 1:colcon.colcon_core.package_identification:_identify(bags/input4) by extensions ['colcon_meta']
[0.809s] Level 1:colcon.colcon_core.package_identification:_identify(bags/input4) by extension 'colcon_meta'
[0.809s] Level 1:colcon.colcon_core.package_identification:_identify(bags/input4) by extensions ['ros']
[0.809s] Level 1:colcon.colcon_core.package_identification:_identify(bags/input4) by extension 'ros'
[0.809s] Level 1:colcon.colcon_core.package_identification:_identify(bags/input4) by extensions ['cmake', 'python']
[0.809s] Level 1:colcon.colcon_core.package_identification:_identify(bags/input4) by extension 'cmake'
[0.809s] Level 1:colcon.colcon_core.package_identification:_identify(bags/input4) by extension 'python'
[0.810s] Level 1:colcon.colcon_core.package_identification:_identify(bags/input4) by extensions ['python_setup_py']
[0.810s] Level 1:colcon.colcon_core.package_identification:_identify(bags/input4) by extension 'python_setup_py'
[0.810s] Level 1:colcon.colcon_core.package_identification:_identify(bags/input5) by extensions ['ignore', 'ignore_ament_install']
[0.810s] Level 1:colcon.colcon_core.package_identification:_identify(bags/input5) by extension 'ignore'
[0.810s] Level 1:colcon.colcon_core.package_identification:_identify(bags/input5) by extension 'ignore_ament_install'
[0.810s] Level 1:colcon.colcon_core.package_identification:_identify(bags/input5) by extensions ['colcon_pkg']
[0.810s] Level 1:colcon.colcon_core.package_identification:_identify(bags/input5) by extension 'colcon_pkg'
[0.810s] Level 1:colcon.colcon_core.package_identification:_identify(bags/input5) by extensions ['colcon_meta']
[0.810s] Level 1:colcon.colcon_core.package_identification:_identify(bags/input5) by extension 'colcon_meta'
[0.810s] Level 1:colcon.colcon_core.package_identification:_identify(bags/input5) by extensions ['ros']
[0.810s] Level 1:colcon.colcon_core.package_identification:_identify(bags/input5) by extension 'ros'
[0.810s] Level 1:colcon.colcon_core.package_identification:_identify(bags/input5) by extensions ['cmake', 'python']
[0.811s] Level 1:colcon.colcon_core.package_identification:_identify(bags/input5) by extension 'cmake'
[0.811s] Level 1:colcon.colcon_core.package_identification:_identify(bags/input5) by extension 'python'
[0.811s] Level 1:colcon.colcon_core.package_identification:_identify(bags/input5) by extensions ['python_setup_py']
[0.811s] Level 1:colcon.colcon_core.package_identification:_identify(bags/input5) by extension 'python_setup_py'
[0.811s] Level 1:colcon.colcon_core.package_identification:_identify(build) by extensions ['ignore', 'ignore_ament_install']
[0.811s] Level 1:colcon.colcon_core.package_identification:_identify(build) by extension 'ignore'
[0.811s] Level 1:colcon.colcon_core.package_identification:_identify(build) ignored
[0.811s] Level 1:colcon.colcon_core.package_identification:_identify(install) by extensions ['ignore', 'ignore_ament_install']
[0.811s] Level 1:colcon.colcon_core.package_identification:_identify(install) by extension 'ignore'
[0.811s] Level 1:colcon.colcon_core.package_identification:_identify(install) ignored
[0.812s] Level 1:colcon.colcon_core.package_identification:_identify(log) by extensions ['ignore', 'ignore_ament_install']
[0.812s] Level 1:colcon.colcon_core.package_identification:_identify(log) by extension 'ignore'
[0.812s] Level 1:colcon.colcon_core.package_identification:_identify(log) ignored
[0.812s] Level 1:colcon.colcon_core.package_identification:_identify(src) by extensions ['ignore', 'ignore_ament_install']
[0.812s] Level 1:colcon.colcon_core.package_identification:_identify(src) by extension 'ignore'
[0.812s] Level 1:colcon.colcon_core.package_identification:_identify(src) by extension 'ignore_ament_install'
[0.813s] Level 1:colcon.colcon_core.package_identification:_identify(src) by extensions ['colcon_pkg']
[0.813s] Level 1:colcon.colcon_core.package_identification:_identify(src) by extension 'colcon_pkg'
[0.813s] Level 1:colcon.colcon_core.package_identification:_identify(src) by extensions ['colcon_meta']
[0.813s] Level 1:colcon.colcon_core.package_identification:_identify(src) by extension 'colcon_meta'
[0.813s] Level 1:colcon.colcon_core.package_identification:_identify(src) by extensions ['ros']
[0.813s] Level 1:colcon.colcon_core.package_identification:_identify(src) by extension 'ros'
[0.813s] Level 1:colcon.colcon_core.package_identification:_identify(src) by extensions ['cmake', 'python']
[0.813s] Level 1:colcon.colcon_core.package_identification:_identify(src) by extension 'cmake'
[0.813s] Level 1:colcon.colcon_core.package_identification:_identify(src) by extension 'python'
[0.813s] Level 1:colcon.colcon_core.package_identification:_identify(src) by extensions ['python_setup_py']
[0.813s] Level 1:colcon.colcon_core.package_identification:_identify(src) by extension 'python_setup_py'
[0.814s] Level 1:colcon.colcon_core.package_identification:_identify(src/simulation) by extensions ['ignore', 'ignore_ament_install']
[0.814s] Level 1:colcon.colcon_core.package_identification:_identify(src/simulation) by extension 'ignore'
[0.814s] Level 1:colcon.colcon_core.package_identification:_identify(src/simulation) by extension 'ignore_ament_install'
[0.814s] Level 1:colcon.colcon_core.package_identification:_identify(src/simulation) by extensions ['colcon_pkg']
[0.814s] Level 1:colcon.colcon_core.package_identification:_identify(src/simulation) by extension 'colcon_pkg'
[0.814s] Level 1:colcon.colcon_core.package_identification:_identify(src/simulation) by extensions ['colcon_meta']
[0.814s] Level 1:colcon.colcon_core.package_identification:_identify(src/simulation) by extension 'colcon_meta'
[0.814s] Level 1:colcon.colcon_core.package_identification:_identify(src/simulation) by extensions ['ros']
[0.814s] Level 1:colcon.colcon_core.package_identification:_identify(src/simulation) by extension 'ros'
[0.818s] DEBUG:colcon.colcon_core.package_identification:Package 'src/simulation' with type 'ros.ament_python' and name 'simulation'
[0.818s] Level 1:colcon.colcon_core.package_discovery:discover_packages(recursive) using defaults
[0.818s] Level 1:colcon.colcon_core.package_discovery:discover_packages(ignore) discover
[0.818s] Level 1:colcon.colcon_core.package_discovery:discover_packages(ignore) using defaults
[0.818s] Level 1:colcon.colcon_core.package_discovery:discover_packages(path) discover
[0.818s] Level 1:colcon.colcon_core.package_discovery:discover_packages(path) using defaults
[0.863s] Level 1:colcon.colcon_core.package_discovery:discover_packages(prefix_path) check parameters
[0.863s] Level 1:colcon.colcon_core.package_discovery:discover_packages(prefix_path) discover
[0.867s] DEBUG:colcon.colcon_installed_package_information.package_discovery:Found 1 installed packages in /home/osboxes/ros2_proj4a/install
[0.869s] DEBUG:colcon.colcon_installed_package_information.package_discovery:Found 2 installed packages in /home/osboxes/install
[0.873s] DEBUG:colcon.colcon_installed_package_information.package_discovery:Found 284 installed packages in /opt/ros/humble
[0.877s] Level 1:colcon.colcon_core.package_discovery:discover_packages(prefix_path) using defaults
[1.012s] Level 5:colcon.colcon_core.verb:set package 'simulation' build argument 'cmake_args' from command line to 'None'
[1.012s] Level 5:colcon.colcon_core.verb:set package 'simulation' build argument 'cmake_target' from command line to 'None'
[1.012s] Level 5:colcon.colcon_core.verb:set package 'simulation' build argument 'cmake_target_skip_unavailable' from command line to 'False'
[1.012s] Level 5:colcon.colcon_core.verb:set package 'simulation' build argument 'cmake_clean_cache' from command line to 'False'
[1.012s] Level 5:colcon.colcon_core.verb:set package 'simulation' build argument 'cmake_clean_first' from command line to 'False'
[1.012s] Level 5:colcon.colcon_core.verb:set package 'simulation' build argument 'cmake_force_configure' from command line to 'False'
[1.012s] Level 5:colcon.colcon_core.verb:set package 'simulation' build argument 'ament_cmake_args' from command line to 'None'
[1.012s] Level 5:colcon.colcon_core.verb:set package 'simulation' build argument 'catkin_cmake_args' from command line to 'None'
[1.012s] Level 5:colcon.colcon_core.verb:set package 'simulation' build argument 'catkin_skip_building_tests' from command line to 'False'
[1.012s] DEBUG:colcon.colcon_core.verb:Building package 'simulation' with the following arguments: {'ament_cmake_args': None, 'build_base': '/home/osboxes/ros2_proj4a/build/simulation', 'catkin_cmake_args': None, 'catkin_skip_building_tests': False, 'cmake_args': None, 'cmake_clean_cache': False, 'cmake_clean_first': False, 'cmake_force_configure': False, 'cmake_target': None, 'cmake_target_skip_unavailable': False, 'install_base': '/home/osboxes/ros2_proj4a/install/simulation', 'merge_install': False, 'path': '/home/osboxes/ros2_proj4a/src/simulation', 'symlink_install': False, 'test_result_base': None}
[1.014s] INFO:colcon.colcon_core.executor:Executing jobs using 'parallel' executor
[1.020s] DEBUG:colcon.colcon_parallel_executor.executor.parallel:run_until_complete
[1.020s] INFO:colcon.colcon_ros.task.ament_python.build:Building ROS package in '/home/osboxes/ros2_proj4a/src/simulation' with build type 'ament_python'
[1.020s] Level 1:colcon.colcon_core.shell:create_environment_hook('simulation', 'ament_prefix_path')
[1.033s] INFO:colcon.colcon_core.plugin_system:Skipping extension 'colcon_core.shell.bat': Not used on non-Windows systems
[1.034s] INFO:colcon.colcon_core.shell:Creating environment hook '/home/osboxes/ros2_proj4a/install/simulation/share/simulation/hook/ament_prefix_path.ps1'
[1.035s] INFO:colcon.colcon_core.shell:Creating environment descriptor '/home/osboxes/ros2_proj4a/install/simulation/share/simulation/hook/ament_prefix_path.dsv'
[1.035s] INFO:colcon.colcon_core.shell:Creating environment hook '/home/osboxes/ros2_proj4a/install/simulation/share/simulation/hook/ament_prefix_path.sh'
[1.039s] INFO:colcon.colcon_core.shell:Skip shell extension 'powershell' for command environment: Not usable outside of PowerShell
[1.039s] DEBUG:colcon.colcon_core.shell:Skip shell extension 'dsv' for command environment
[1.659s] INFO:colcon.colcon_core.task.python.build:Building Python package in '/home/osboxes/ros2_proj4a/src/simulation'
[1.662s] INFO:colcon.colcon_core.shell:Skip shell extension 'powershell' for command environment: Not usable outside of PowerShell
[1.662s] DEBUG:colcon.colcon_core.shell:Skip shell extension 'dsv' for command environment
[2.546s] DEBUG:colcon.colcon_core.event_handler.log_command:Invoking command in '/home/osboxes/ros2_proj4a/build/simulation': PYTHONPATH=/home/osboxes/ros2_proj4a/build/simulation/prefix_override:/home/osboxes/ros2_proj4a/install/simulation/lib/python3.10/site-packages:${PYTHONPATH} /usr/bin/python3 setup.py develop --uninstall --editable --build-directory /home/osboxes/ros2_proj4a/build/simulation/build
[3.641s] DEBUG:colcon.colcon_core.event_handler.log_command:Invoked command in '/home/osboxes/ros2_proj4a/build/simulation' returned '0': PYTHONPATH=/home/osboxes/ros2_proj4a/build/simulation/prefix_override:/home/osboxes/ros2_proj4a/install/simulation/lib/python3.10/site-packages:${PYTHONPATH} /usr/bin/python3 setup.py develop --uninstall --editable --build-directory /home/osboxes/ros2_proj4a/build/simulation/build
[3.644s] DEBUG:colcon.colcon_core.event_handler.log_command:Invoking command in '/home/osboxes/ros2_proj4a/src/simulation': PYTHONPATH=/home/osboxes/ros2_proj4a/build/simulation/prefix_override:/home/osboxes/ros2_proj4a/install/simulation/lib/python3.10/site-packages:${PYTHONPATH} /usr/bin/python3 setup.py egg_info --egg-base ../../build/simulation build --build-base /home/osboxes/ros2_proj4a/build/simulation/build install --record /home/osboxes/ros2_proj4a/build/simulation/install.log --single-version-externally-managed
[4.368s] DEBUG:colcon.colcon_core.event_handler.log_command:Invoked command in '/home/osboxes/ros2_proj4a/src/simulation' returned '0': PYTHONPATH=/home/osboxes/ros2_proj4a/build/simulation/prefix_override:/home/osboxes/ros2_proj4a/install/simulation/lib/python3.10/site-packages:${PYTHONPATH} /usr/bin/python3 setup.py egg_info --egg-base ../../build/simulation build --build-base /home/osboxes/ros2_proj4a/build/simulation/build install --record /home/osboxes/ros2_proj4a/build/simulation/install.log --single-version-externally-managed
[4.379s] Level 1:colcon.colcon_core.environment:checking '/home/osboxes/ros2_proj4a/install/simulation' for CMake module files
[4.380s] Level 1:colcon.colcon_core.environment:checking '/home/osboxes/ros2_proj4a/install/simulation' for CMake config files
[4.382s] Level 1:colcon.colcon_core.environment:checking '/home/osboxes/ros2_proj4a/install/simulation/lib'
[4.383s] Level 1:colcon.colcon_core.environment:checking '/home/osboxes/ros2_proj4a/install/simulation/bin'
[4.383s] Level 1:colcon.colcon_core.environment:checking '/home/osboxes/ros2_proj4a/install/simulation/lib/pkgconfig/simulation.pc'
[4.384s] Level 1:colcon.colcon_core.environment:checking '/home/osboxes/ros2_proj4a/install/simulation/lib/python3.10/site-packages'
[4.384s] Level 1:colcon.colcon_core.shell:create_environment_hook('simulation', 'pythonpath')
[4.387s] INFO:colcon.colcon_core.shell:Creating environment hook '/home/osboxes/ros2_proj4a/install/simulation/share/simulation/hook/pythonpath.ps1'
[4.388s] INFO:colcon.colcon_core.shell:Creating environment descriptor '/home/osboxes/ros2_proj4a/install/simulation/share/simulation/hook/pythonpath.dsv'
[4.388s] INFO:colcon.colcon_core.shell:Creating environment hook '/home/osboxes/ros2_proj4a/install/simulation/share/simulation/hook/pythonpath.sh'
[4.390s] Level 1:colcon.colcon_core.environment:checking '/home/osboxes/ros2_proj4a/install/simulation/bin'
[4.390s] Level 1:colcon.colcon_core.environment:create_environment_scripts_only(simulation)
[4.394s] INFO:colcon.colcon_core.shell:Creating package script '/home/osboxes/ros2_proj4a/install/simulation/share/simulation/package.ps1'
[4.396s] INFO:colcon.colcon_core.shell:Creating package descriptor '/home/osboxes/ros2_proj4a/install/simulation/share/simulation/package.dsv'
[4.399s] INFO:colcon.colcon_core.shell:Creating package script '/home/osboxes/ros2_proj4a/install/simulation/share/simulation/package.sh'
[4.401s] INFO:colcon.colcon_core.shell:Creating package script '/home/osboxes/ros2_proj4a/install/simulation/share/simulation/package.bash'
[4.402s] INFO:colcon.colcon_core.shell:Creating package script '/home/osboxes/ros2_proj4a/install/simulation/share/simulation/package.zsh'
[4.404s] Level 1:colcon.colcon_core.environment:create_file_with_runtime_dependencies(/home/osboxes/ros2_proj4a/install/simulation/share/colcon-core/packages/simulation)
[4.404s] DEBUG:colcon.colcon_parallel_executor.executor.parallel:closing loop
[4.405s] DEBUG:colcon.colcon_parallel_executor.executor.parallel:loop closed
[4.405s] DEBUG:colcon.colcon_parallel_executor.executor.parallel:run_until_complete finished with '0'
[4.405s] DEBUG:colcon.colcon_core.event_reactor:joining thread
[4.422s] INFO:colcon.colcon_core.plugin_system:Skipping extension 'colcon_notification.desktop_notification.terminal_notifier': Not used on non-Darwin systems
[4.422s] INFO:colcon.colcon_core.plugin_system:Skipping extension 'colcon_notification.desktop_notification.win32': Not used on non-Windows systems
[4.422s] INFO:colcon.colcon_notification.desktop_notification:Sending desktop notification using 'notify2'
[4.455s] DEBUG:colcon.colcon_core.event_reactor:joined thread
[4.458s] INFO:colcon.colcon_core.shell:Creating prefix script '/home/osboxes/ros2_proj4a/install/local_setup.ps1'
[4.460s] INFO:colcon.colcon_core.shell:Creating prefix util module '/home/osboxes/ros2_proj4a/install/_local_setup_util_ps1.py'
[4.463s] INFO:colcon.colcon_core.shell:Creating prefix chain script '/home/osboxes/ros2_proj4a/install/setup.ps1'
[4.467s] INFO:colcon.colcon_core.shell:Creating prefix script '/home/osboxes/ros2_proj4a/install/local_setup.sh'
[4.468s] INFO:colcon.colcon_core.shell:Creating prefix util module '/home/osboxes/ros2_proj4a/install/_local_setup_util_sh.py'
[4.469s] INFO:colcon.colcon_core.shell:Creating prefix chain script '/home/osboxes/ros2_proj4a/install/setup.sh'
[4.473s] INFO:colcon.colcon_core.shell:Creating prefix script '/home/osboxes/ros2_proj4a/install/local_setup.bash'
[4.474s] INFO:colcon.colcon_core.shell:Creating prefix chain script '/home/osboxes/ros2_proj4a/install/setup.bash'
[4.477s] INFO:colcon.colcon_core.shell:Creating prefix script '/home/osboxes/ros2_proj4a/install/local_setup.zsh'
[4.478s] INFO:colcon.colcon_core.shell:Creating prefix chain script '/home/osboxes/ros2_proj4a/install/setup.zsh'
