[0.671s] Invoking command in '/home/osboxes/ros2_proj4a/build/simulation': PYTHONPATH=/home/osboxes/ros2_proj4a/build/simulation/prefix_override:/home/osboxes/ros2_proj4a/install/simulation/lib/python3.10/site-packages:${PYTHONPATH} /usr/bin/python3 setup.py develop --uninstall --editable --build-directory /home/osboxes/ros2_proj4a/build/simulation/build
[0.850s] running develop
[1.015s] Invoked command in '/home/osboxes/ros2_proj4a/build/simulation' returned '0': PYTHONPATH=/home/osboxes/ros2_proj4a/build/simulation/prefix_override:/home/osboxes/ros2_proj4a/install/simulation/lib/python3.10/site-packages:${PYTHONPATH} /usr/bin/python3 setup.py develop --uninstall --editable --build-directory /home/osboxes/ros2_proj4a/build/simulation/build
[1.017s] Invoking command in '/home/osboxes/ros2_proj4a/src/simulation': PYTHONPATH=/home/osboxes/ros2_proj4a/build/simulation/prefix_override:/home/osboxes/ros2_proj4a/install/simulation/lib/python3.10/site-packages:${PYTHONPATH} /usr/bin/python3 setup.py egg_info --egg-base ../../build/simulation build --build-base /home/osboxes/ros2_proj4a/build/simulation/build install --record /home/osboxes/ros2_proj4a/build/simulation/install.log --single-version-externally-managed
[1.204s] running egg_info
[1.205s] writing ../../build/simulation/simulation.egg-info/PKG-INFO
[1.207s] writing dependency_links to ../../build/simulation/simulation.egg-info/dependency_links.txt
[1.209s] writing entry points to ../../build/simulation/simulation.egg-info/entry_points.txt
[1.211s] writing requirements to ../../build/simulation/simulation.egg-info/requires.txt
[1.212s] writing top-level names to ../../build/simulation/simulation.egg-info/top_level.txt
[1.214s] reading manifest file '../../build/simulation/simulation.egg-info/SOURCES.txt'
[1.216s] writing manifest file '../../build/simulation/simulation.egg-info/SOURCES.txt'
[1.221s] running build
[1.221s] running build_py
[1.223s] running install
[1.223s] running install_lib
[1.225s] running install_data
[1.227s] running install_egg_info
[1.235s] removing '/home/osboxes/ros2_proj4a/install/simulation/lib/python3.10/site-packages/simulation-0.0.0-py3.10.egg-info' (and everything under it)
[1.236s] Copying ../../build/simulation/simulation.egg-info to /home/osboxes/ros2_proj4a/install/simulation/lib/python3.10/site-packages/simulation-0.0.0-py3.10.egg-info
[1.239s] running install_scripts
[1.255s] Installing proj4a script to /home/osboxes/ros2_proj4a/install/simulation/lib/simulation
[1.259s] writing list of installed files to '/home/osboxes/ros2_proj4a/build/simulation/install.log'
[1.300s] Invoked command in '/home/osboxes/ros2_proj4a/src/simulation' returned '0': PYTHONPATH=/home/osboxes/ros2_proj4a/build/simulation/prefix_override:/home/osboxes/ros2_proj4a/install/simulation/lib/python3.10/site-packages:${PYTHONPATH} /usr/bin/python3 setup.py egg_info --egg-base ../../build/simulation build --build-base /home/osboxes/ros2_proj4a/build/simulation/build install --record /home/osboxes/ros2_proj4a/build/simulation/install.log --single-version-externally-managed
