[1.716s] Invoking command in '/home/osboxes/ros2_proj4a/build/simulation': PYTHONPATH=/home/osboxes/ros2_proj4a/build/simulation/prefix_override:/home/osboxes/ros2_proj4a/install/simulation/lib/python3.10/site-packages:${PYTHONPATH} /usr/bin/python3 setup.py develop --uninstall --editable --build-directory /home/osboxes/ros2_proj4a/build/simulation/build
[2.550s] running develop
[3.038s] Invoked command in '/home/osboxes/ros2_proj4a/build/simulation' returned '0': PYTHONPATH=/home/osboxes/ros2_proj4a/build/simulation/prefix_override:/home/osboxes/ros2_proj4a/install/simulation/lib/python3.10/site-packages:${PYTHONPATH} /usr/bin/python3 setup.py develop --uninstall --editable --build-directory /home/osboxes/ros2_proj4a/build/simulation/build
[3.040s] Invoking command in '/home/osboxes/ros2_proj4a/src/simulation': PYTHONPATH=/home/osboxes/ros2_proj4a/build/simulation/prefix_override:/home/osboxes/ros2_proj4a/install/simulation/lib/python3.10/site-packages:${PYTHONPATH} /usr/bin/python3 setup.py egg_info --egg-base ../../build/simulation build --build-base /home/osboxes/ros2_proj4a/build/simulation/build install --record /home/osboxes/ros2_proj4a/build/simulation/install.log --single-version-externally-managed
[3.661s] running egg_info
[3.663s] writing ../../build/simulation/simulation.egg-info/PKG-INFO
[3.665s] writing dependency_links to ../../build/simulation/simulation.egg-info/dependency_links.txt
[3.667s] writing entry points to ../../build/simulation/simulation.egg-info/entry_points.txt
[3.668s] writing requirements to ../../build/simulation/simulation.egg-info/requires.txt
[3.669s] writing top-level names to ../../build/simulation/simulation.egg-info/top_level.txt
[3.678s] reading manifest file '../../build/simulation/simulation.egg-info/SOURCES.txt'
[3.681s] writing manifest file '../../build/simulation/simulation.egg-info/SOURCES.txt'
[3.682s] running build
[3.682s] running build_py
[3.683s] copying simulation/proj4anode2.py -> /home/osboxes/ros2_proj4a/build/simulation/build/lib/simulation
[3.684s] running install
[3.685s] running install_lib
[3.688s] copying /home/osboxes/ros2_proj4a/build/simulation/build/lib/simulation/proj4anode2.py -> /home/osboxes/ros2_proj4a/install/simulation/lib/python3.10/site-packages/simulation
[3.690s] byte-compiling /home/osboxes/ros2_proj4a/install/simulation/lib/python3.10/site-packages/simulation/proj4anode2.py to proj4anode2.cpython-310.pyc
[3.696s] running install_data
[3.698s] running install_egg_info
[3.701s] removing '/home/osboxes/ros2_proj4a/install/simulation/lib/python3.10/site-packages/simulation-0.0.0-py3.10.egg-info' (and everything under it)
[3.702s] Copying ../../build/simulation/simulation.egg-info to /home/osboxes/ros2_proj4a/install/simulation/lib/python3.10/site-packages/simulation-0.0.0-py3.10.egg-info
[3.704s] running install_scripts
[3.796s] Installing proj4a script to /home/osboxes/ros2_proj4a/install/simulation/lib/simulation
[3.799s] writing list of installed files to '/home/osboxes/ros2_proj4a/build/simulation/install.log'
[3.933s] Invoked command in '/home/osboxes/ros2_proj4a/src/simulation' returned '0': PYTHONPATH=/home/osboxes/ros2_proj4a/build/simulation/prefix_override:/home/osboxes/ros2_proj4a/install/simulation/lib/python3.10/site-packages:${PYTHONPATH} /usr/bin/python3 setup.py egg_info --egg-base ../../build/simulation build --build-base /home/osboxes/ros2_proj4a/build/simulation/build install --record /home/osboxes/ros2_proj4a/build/simulation/install.log --single-version-externally-managed
