[2.191s] Invoking command in '/home/osboxes/ros2_proj4a/build/simulation': PYTHONPATH=/home/osboxes/ros2_proj4a/build/simulation/prefix_override:/home/osboxes/ros2_proj4a/install/simulation/lib/python3.10/site-packages:${PYTHONPATH} /usr/bin/python3 setup.py develop --uninstall --editable --build-directory /home/osboxes/ros2_proj4a/build/simulation/build
[3.177s] running develop
[3.874s] Invoked command in '/home/osboxes/ros2_proj4a/build/simulation' returned '0': PYTHONPATH=/home/osboxes/ros2_proj4a/build/simulation/prefix_override:/home/osboxes/ros2_proj4a/install/simulation/lib/python3.10/site-packages:${PYTHONPATH} /usr/bin/python3 setup.py develop --uninstall --editable --build-directory /home/osboxes/ros2_proj4a/build/simulation/build
[3.879s] Invoking command in '/home/osboxes/ros2_proj4a/src/simulation': PYTHONPATH=/home/osboxes/ros2_proj4a/build/simulation/prefix_override:/home/osboxes/ros2_proj4a/install/simulation/lib/python3.10/site-packages:${PYTHONPATH} /usr/bin/python3 setup.py egg_info --egg-base ../../build/simulation build --build-base /home/osboxes/ros2_proj4a/build/simulation/build install --record /home/osboxes/ros2_proj4a/build/simulation/install.log --single-version-externally-managed
[4.797s] running egg_info
[4.798s] writing ../../build/simulation/simulation.egg-info/PKG-INFO
[4.798s] writing dependency_links to ../../build/simulation/simulation.egg-info/dependency_links.txt
[4.799s] writing entry points to ../../build/simulation/simulation.egg-info/entry_points.txt
[4.799s] writing requirements to ../../build/simulation/simulation.egg-info/requires.txt
[4.800s] writing top-level names to ../../build/simulation/simulation.egg-info/top_level.txt
[4.809s] reading manifest file '../../build/simulation/simulation.egg-info/SOURCES.txt'
[4.812s] writing manifest file '../../build/simulation/simulation.egg-info/SOURCES.txt'
[4.813s] running build
[4.813s] running build_py
[4.814s] copying simulation/nav_controller.py -> /home/osboxes/ros2_proj4a/build/simulation/build/lib/simulation
[4.815s] running install
[4.825s] running install_lib
[4.825s] copying /home/osboxes/ros2_proj4a/build/simulation/build/lib/simulation/nav_controller.py -> /home/osboxes/ros2_proj4a/install/simulation/lib/python3.10/site-packages/simulation
[4.825s] byte-compiling /home/osboxes/ros2_proj4a/install/simulation/lib/python3.10/site-packages/simulation/nav_controller.py to nav_controller.cpython-310.pyc
[4.826s] running install_data
[4.828s] running install_egg_info
[4.833s] removing '/home/osboxes/ros2_proj4a/install/simulation/lib/python3.10/site-packages/simulation-0.0.0-py3.10.egg-info' (and everything under it)
[4.833s] Copying ../../build/simulation/simulation.egg-info to /home/osboxes/ros2_proj4a/install/simulation/lib/python3.10/site-packages/simulation-0.0.0-py3.10.egg-info
[4.837s] running install_scripts
[4.912s] Installing nav_controller script to /home/osboxes/ros2_proj4a/install/simulation/lib/simulation
[4.913s] Installing proj4a script to /home/osboxes/ros2_proj4a/install/simulation/lib/simulation
[4.913s] Installing vel_translator script to /home/osboxes/ros2_proj4a/install/simulation/lib/simulation
[4.914s] writing list of installed files to '/home/osboxes/ros2_proj4a/build/simulation/install.log'
[5.045s] Invoked command in '/home/osboxes/ros2_proj4a/src/simulation' returned '0': PYTHONPATH=/home/osboxes/ros2_proj4a/build/simulation/prefix_override:/home/osboxes/ros2_proj4a/install/simulation/lib/python3.10/site-packages:${PYTHONPATH} /usr/bin/python3 setup.py egg_info --egg-base ../../build/simulation build --build-base /home/osboxes/ros2_proj4a/build/simulation/build install --record /home/osboxes/ros2_proj4a/build/simulation/install.log --single-version-externally-managed
