[1.811s] Invoking command in '/home/osboxes/ros2_proj4a/build/simulation': PYTHONPATH=/home/osboxes/ros2_proj4a/build/simulation/prefix_override:/home/osboxes/ros2_proj4a/install/simulation/lib/python3.10/site-packages:${PYTHONPATH} /usr/bin/python3 setup.py develop --uninstall --editable --build-directory /home/osboxes/ros2_proj4a/build/simulation/build
[2.620s] running develop
[3.475s] Invoked command in '/home/osboxes/ros2_proj4a/build/simulation' returned '0': PYTHONPATH=/home/osboxes/ros2_proj4a/build/simulation/prefix_override:/home/osboxes/ros2_proj4a/install/simulation/lib/python3.10/site-packages:${PYTHONPATH} /usr/bin/python3 setup.py develop --uninstall --editable --build-directory /home/osboxes/ros2_proj4a/build/simulation/build
[3.493s] Invoking command in '/home/osboxes/ros2_proj4a/src/simulation': PYTHONPATH=/home/osboxes/ros2_proj4a/build/simulation/prefix_override:/home/osboxes/ros2_proj4a/install/simulation/lib/python3.10/site-packages:${PYTHONPATH} /usr/bin/python3 setup.py egg_info --egg-base ../../build/simulation build --build-base /home/osboxes/ros2_proj4a/build/simulation/build install --record /home/osboxes/ros2_proj4a/build/simulation/install.log --single-version-externally-managed
[4.233s] running egg_info
[4.234s] writing ../../build/simulation/simulation.egg-info/PKG-INFO
[4.235s] writing dependency_links to ../../build/simulation/simulation.egg-info/dependency_links.txt
[4.236s] writing entry points to ../../build/simulation/simulation.egg-info/entry_points.txt
[4.236s] writing requirements to ../../build/simulation/simulation.egg-info/requires.txt
[4.236s] writing top-level names to ../../build/simulation/simulation.egg-info/top_level.txt
[4.240s] reading manifest file '../../build/simulation/simulation.egg-info/SOURCES.txt'
[4.242s] writing manifest file '../../build/simulation/simulation.egg-info/SOURCES.txt'
[4.242s] running build
[4.242s] running build_py
[4.243s] copying simulation/proj4a.py -> /home/osboxes/ros2_proj4a/build/simulation/build/lib/simulation
[4.243s] running install
[4.244s] running install_lib
[4.245s] copying /home/osboxes/ros2_proj4a/build/simulation/build/lib/simulation/proj4a.py -> /home/osboxes/ros2_proj4a/install/simulation/lib/python3.10/site-packages/simulation
[4.247s] byte-compiling /home/osboxes/ros2_proj4a/install/simulation/lib/python3.10/site-packages/simulation/proj4a.py to proj4a.cpython-310.pyc
[4.253s] running install_data
[4.256s] copying urdf/ell.world -> /home/osboxes/ros2_proj4a/install/simulation/share/simulation
[4.257s] copying urdf/rectangle.world -> /home/osboxes/ros2_proj4a/install/simulation/share/simulation
[4.257s] copying urdf/open.world -> /home/osboxes/ros2_proj4a/install/simulation/share/simulation
[4.258s] copying urdf/brick.world -> /home/osboxes/ros2_proj4a/install/simulation/share/simulation
[4.258s] copying urdf/pillars.world -> /home/osboxes/ros2_proj4a/install/simulation/share/simulation
[4.258s] running install_egg_info
[4.260s] removing '/home/osboxes/ros2_proj4a/install/simulation/lib/python3.10/site-packages/simulation-0.0.0-py3.10.egg-info' (and everything under it)
[4.261s] Copying ../../build/simulation/simulation.egg-info to /home/osboxes/ros2_proj4a/install/simulation/lib/python3.10/site-packages/simulation-0.0.0-py3.10.egg-info
[4.264s] running install_scripts
[4.315s] Installing proj4a script to /home/osboxes/ros2_proj4a/install/simulation/lib/simulation
[4.315s] writing list of installed files to '/home/osboxes/ros2_proj4a/build/simulation/install.log'
[4.378s] Invoked command in '/home/osboxes/ros2_proj4a/src/simulation' returned '0': PYTHONPATH=/home/osboxes/ros2_proj4a/build/simulation/prefix_override:/home/osboxes/ros2_proj4a/install/simulation/lib/python3.10/site-packages:${PYTHONPATH} /usr/bin/python3 setup.py egg_info --egg-base ../../build/simulation build --build-base /home/osboxes/ros2_proj4a/build/simulation/build install --record /home/osboxes/ros2_proj4a/build/simulation/install.log --single-version-externally-managed
