[0.975s] Invoking command in '/home/osboxes/ros2_proj4a/build/simulation': PYTHONPATH=/home/osboxes/ros2_proj4a/build/simulation/prefix_override:/home/osboxes/ros2_proj4a/install/simulation/lib/python3.10/site-packages:${PYTHONPATH} /usr/bin/python3 setup.py develop --uninstall --editable --build-directory /home/osboxes/ros2_proj4a/build/simulation/build
[1.327s] running develop
[1.599s] Invoked command in '/home/osboxes/ros2_proj4a/build/simulation' returned '0': PYTHONPATH=/home/osboxes/ros2_proj4a/build/simulation/prefix_override:/home/osboxes/ros2_proj4a/install/simulation/lib/python3.10/site-packages:${PYTHONPATH} /usr/bin/python3 setup.py develop --uninstall --editable --build-directory /home/osboxes/ros2_proj4a/build/simulation/build
[1.601s] Invoking command in '/home/osboxes/ros2_proj4a/src/simulation': PYTHONPATH=/home/osboxes/ros2_proj4a/build/simulation/prefix_override:/home/osboxes/ros2_proj4a/install/simulation/lib/python3.10/site-packages:${PYTHONPATH} /usr/bin/python3 setup.py egg_info --egg-base ../../build/simulation build --build-base /home/osboxes/ros2_proj4a/build/simulation/build install --record /home/osboxes/ros2_proj4a/build/simulation/install.log --single-version-externally-managed
[1.946s] running egg_info
[1.947s] writing ../../build/simulation/simulation.egg-info/PKG-INFO
[1.948s] writing dependency_links to ../../build/simulation/simulation.egg-info/dependency_links.txt
[1.950s] writing entry points to ../../build/simulation/simulation.egg-info/entry_points.txt
[1.950s] writing requirements to ../../build/simulation/simulation.egg-info/requires.txt
[1.951s] writing top-level names to ../../build/simulation/simulation.egg-info/top_level.txt
[1.954s] reading manifest file '../../build/simulation/simulation.egg-info/SOURCES.txt'
[1.956s] writing manifest file '../../build/simulation/simulation.egg-info/SOURCES.txt'
[1.958s] running build
[1.958s] running build_py
[1.959s] running install
[1.959s] running install_lib
[1.969s] running install_data
[1.974s] copying launch/launch.py -> /home/osboxes/ros2_proj4a/install/simulation/share/simulation
[1.975s] running install_egg_info
[1.977s] removing '/home/osboxes/ros2_proj4a/install/simulation/lib/python3.10/site-packages/simulation-0.0.0-py3.10.egg-info' (and everything under it)
[1.979s] Copying ../../build/simulation/simulation.egg-info to /home/osboxes/ros2_proj4a/install/simulation/lib/python3.10/site-packages/simulation-0.0.0-py3.10.egg-info
[1.980s] running install_scripts
[2.015s] Installing proj4a script to /home/osboxes/ros2_proj4a/install/simulation/lib/simulation
[2.016s] writing list of installed files to '/home/osboxes/ros2_proj4a/build/simulation/install.log'
[2.053s] Invoked command in '/home/osboxes/ros2_proj4a/src/simulation' returned '0': PYTHONPATH=/home/osboxes/ros2_proj4a/build/simulation/prefix_override:/home/osboxes/ros2_proj4a/install/simulation/lib/python3.10/site-packages:${PYTHONPATH} /usr/bin/python3 setup.py egg_info --egg-base ../../build/simulation build --build-base /home/osboxes/ros2_proj4a/build/simulation/build install --record /home/osboxes/ros2_proj4a/build/simulation/install.log --single-version-externally-managed
