[1.233s] Invoking command in '/home/osboxes/ros2_proj4a/build/simulation': PYTHONPATH=/home/osboxes/ros2_proj4a/build/simulation/prefix_override:/home/osboxes/ros2_proj4a/install/simulation/lib/python3.10/site-packages:${PYTHONPATH} /usr/bin/python3 setup.py develop --uninstall --editable --build-directory /home/osboxes/ros2_proj4a/build/simulation/build
[1.728s] running develop
[2.107s] Invoked command in '/home/osboxes/ros2_proj4a/build/simulation' returned '0': PYTHONPATH=/home/osboxes/ros2_proj4a/build/simulation/prefix_override:/home/osboxes/ros2_proj4a/install/simulation/lib/python3.10/site-packages:${PYTHONPATH} /usr/bin/python3 setup.py develop --uninstall --editable --build-directory /home/osboxes/ros2_proj4a/build/simulation/build
[2.110s] Invoking command in '/home/osboxes/ros2_proj4a/src/simulation': PYTHONPATH=/home/osboxes/ros2_proj4a/build/simulation/prefix_override:/home/osboxes/ros2_proj4a/install/simulation/lib/python3.10/site-packages:${PYTHONPATH} /usr/bin/python3 setup.py egg_info --egg-base ../../build/simulation build --build-base /home/osboxes/ros2_proj4a/build/simulation/build install --record /home/osboxes/ros2_proj4a/build/simulation/install.log --single-version-externally-managed
[2.562s] running egg_info
[2.563s] writing ../../build/simulation/simulation.egg-info/PKG-INFO
[2.563s] writing dependency_links to ../../build/simulation/simulation.egg-info/dependency_links.txt
[2.563s] writing entry points to ../../build/simulation/simulation.egg-info/entry_points.txt
[2.564s] writing requirements to ../../build/simulation/simulation.egg-info/requires.txt
[2.564s] writing top-level names to ../../build/simulation/simulation.egg-info/top_level.txt
[2.567s] reading manifest file '../../build/simulation/simulation.egg-info/SOURCES.txt'
[2.570s] writing manifest file '../../build/simulation/simulation.egg-info/SOURCES.txt'
[2.570s] running build
[2.570s] running build_py
[2.571s] running install
[2.571s] running install_lib
[2.574s] running install_data
[2.575s] copying launch/launch.py -> /home/osboxes/ros2_proj4a/install/simulation/share/simulation
[2.575s] running install_egg_info
[2.577s] removing '/home/osboxes/ros2_proj4a/install/simulation/lib/python3.10/site-packages/simulation-0.0.0-py3.10.egg-info' (and everything under it)
[2.577s] Copying ../../build/simulation/simulation.egg-info to /home/osboxes/ros2_proj4a/install/simulation/lib/python3.10/site-packages/simulation-0.0.0-py3.10.egg-info
[2.578s] running install_scripts
[2.609s] Installing proj4a script to /home/osboxes/ros2_proj4a/install/simulation/lib/simulation
[2.610s] writing list of installed files to '/home/osboxes/ros2_proj4a/build/simulation/install.log'
[2.642s] Invoked command in '/home/osboxes/ros2_proj4a/src/simulation' returned '0': PYTHONPATH=/home/osboxes/ros2_proj4a/build/simulation/prefix_override:/home/osboxes/ros2_proj4a/install/simulation/lib/python3.10/site-packages:${PYTHONPATH} /usr/bin/python3 setup.py egg_info --egg-base ../../build/simulation build --build-base /home/osboxes/ros2_proj4a/build/simulation/build install --record /home/osboxes/ros2_proj4a/build/simulation/install.log --single-version-externally-managed
