[2.537s] Invoking command in '/home/osboxes/ros2_proj4a/build/simulation': PYTHONPATH=/home/osboxes/ros2_proj4a/build/simulation/prefix_override:/home/osboxes/ros2_proj4a/install/simulation/lib/python3.10/site-packages:${PYTHONPATH} /usr/bin/python3 setup.py develop --uninstall --editable --build-directory /home/osboxes/ros2_proj4a/build/simulation/build
[3.327s] running develop
[3.965s] Invoked command in '/home/osboxes/ros2_proj4a/build/simulation' returned '0': PYTHONPATH=/home/osboxes/ros2_proj4a/build/simulation/prefix_override:/home/osboxes/ros2_proj4a/install/simulation/lib/python3.10/site-packages:${PYTHONPATH} /usr/bin/python3 setup.py develop --uninstall --editable --build-directory /home/osboxes/ros2_proj4a/build/simulation/build
[3.966s] Invoking command in '/home/osboxes/ros2_proj4a/src/simulation': PYTHONPATH=/home/osboxes/ros2_proj4a/build/simulation/prefix_override:/home/osboxes/ros2_proj4a/install/simulation/lib/python3.10/site-packages:${PYTHONPATH} /usr/bin/python3 setup.py egg_info --egg-base ../../build/simulation build --build-base /home/osboxes/ros2_proj4a/build/simulation/build install --record /home/osboxes/ros2_proj4a/build/simulation/install.log --single-version-externally-managed
[4.678s] running egg_info
[4.681s] writing ../../build/simulation/simulation.egg-info/PKG-INFO
[4.682s] writing dependency_links to ../../build/simulation/simulation.egg-info/dependency_links.txt
[4.682s] writing entry points to ../../build/simulation/simulation.egg-info/entry_points.txt
[4.683s] writing requirements to ../../build/simulation/simulation.egg-info/requires.txt
[4.683s] writing top-level names to ../../build/simulation/simulation.egg-info/top_level.txt
[4.687s] reading manifest file '../../build/simulation/simulation.egg-info/SOURCES.txt'
[4.695s] writing manifest file '../../build/simulation/simulation.egg-info/SOURCES.txt'
[4.699s] running build
[4.700s] running build_py
[4.700s] running install
[4.701s] running install_lib
[4.704s] running install_data
[4.709s] running install_egg_info
[4.732s] removing '/home/osboxes/ros2_proj4a/install/simulation/lib/python3.10/site-packages/simulation-0.0.0-py3.10.egg-info' (and everything under it)
[4.735s] Copying ../../build/simulation/simulation.egg-info to /home/osboxes/ros2_proj4a/install/simulation/lib/python3.10/site-packages/simulation-0.0.0-py3.10.egg-info
[4.740s] running install_scripts
[4.810s] Installing proj4a script to /home/osboxes/ros2_proj4a/install/simulation/lib/simulation
[4.811s] writing list of installed files to '/home/osboxes/ros2_proj4a/build/simulation/install.log'
[4.995s] Invoked command in '/home/osboxes/ros2_proj4a/src/simulation' returned '0': PYTHONPATH=/home/osboxes/ros2_proj4a/build/simulation/prefix_override:/home/osboxes/ros2_proj4a/install/simulation/lib/python3.10/site-packages:${PYTHONPATH} /usr/bin/python3 setup.py egg_info --egg-base ../../build/simulation build --build-base /home/osboxes/ros2_proj4a/build/simulation/build install --record /home/osboxes/ros2_proj4a/build/simulation/install.log --single-version-externally-managed
