[1.309s] Invoking command in '/home/osboxes/ros2_proj4a/build/simulation': PYTHONPATH=/home/osboxes/ros2_proj4a/build/simulation/prefix_override:/home/osboxes/ros2_proj4a/install/simulation/lib/python3.10/site-packages:${PYTHONPATH} /usr/bin/python3 setup.py develop --uninstall --editable --build-directory /home/osboxes/ros2_proj4a/build/simulation/build
[1.925s] running develop
[2.280s] Invoked command in '/home/osboxes/ros2_proj4a/build/simulation' returned '0': PYTHONPATH=/home/osboxes/ros2_proj4a/build/simulation/prefix_override:/home/osboxes/ros2_proj4a/install/simulation/lib/python3.10/site-packages:${PYTHONPATH} /usr/bin/python3 setup.py develop --uninstall --editable --build-directory /home/osboxes/ros2_proj4a/build/simulation/build
[2.292s] Invoking command in '/home/osboxes/ros2_proj4a/src/simulation': PYTHONPATH=/home/osboxes/ros2_proj4a/build/simulation/prefix_override:/home/osboxes/ros2_proj4a/install/simulation/lib/python3.10/site-packages:${PYTHONPATH} /usr/bin/python3 setup.py egg_info --egg-base ../../build/simulation build --build-base /home/osboxes/ros2_proj4a/build/simulation/build install --record /home/osboxes/ros2_proj4a/build/simulation/install.log --single-version-externally-managed
[2.851s] running egg_info
[2.856s] writing ../../build/simulation/simulation.egg-info/PKG-INFO
[2.862s] writing dependency_links to ../../build/simulation/simulation.egg-info/dependency_links.txt
[2.866s] writing entry points to ../../build/simulation/simulation.egg-info/entry_points.txt
[2.877s] writing requirements to ../../build/simulation/simulation.egg-info/requires.txt
[2.881s] writing top-level names to ../../build/simulation/simulation.egg-info/top_level.txt
[2.919s] reading manifest file '../../build/simulation/simulation.egg-info/SOURCES.txt'
[2.925s] writing manifest file '../../build/simulation/simulation.egg-info/SOURCES.txt'
[2.931s] running build
[2.932s] running build_py
[2.944s] running install
[2.959s] running install_lib
[2.960s] running install_data
[2.962s] running install_egg_info
[2.967s] removing '/home/osboxes/ros2_proj4a/install/simulation/lib/python3.10/site-packages/simulation-0.0.0-py3.10.egg-info' (and everything under it)
[2.970s] Copying ../../build/simulation/simulation.egg-info to /home/osboxes/ros2_proj4a/install/simulation/lib/python3.10/site-packages/simulation-0.0.0-py3.10.egg-info
[2.977s] running install_scripts
[3.047s] Installing proj4a script to /home/osboxes/ros2_proj4a/install/simulation/lib/simulation
[3.075s] writing list of installed files to '/home/osboxes/ros2_proj4a/build/simulation/install.log'
[3.150s] Invoked command in '/home/osboxes/ros2_proj4a/src/simulation' returned '0': PYTHONPATH=/home/osboxes/ros2_proj4a/build/simulation/prefix_override:/home/osboxes/ros2_proj4a/install/simulation/lib/python3.10/site-packages:${PYTHONPATH} /usr/bin/python3 setup.py egg_info --egg-base ../../build/simulation build --build-base /home/osboxes/ros2_proj4a/build/simulation/build install --record /home/osboxes/ros2_proj4a/build/simulation/install.log --single-version-externally-managed
