[1.628s] Invoking command in '/home/osboxes/ros2_proj4a/build/simulation': PYTHONPATH=/home/osboxes/ros2_proj4a/build/simulation/prefix_override:/home/osboxes/ros2_proj4a/install/simulation/lib/python3.10/site-packages:${PYTHONPATH} /usr/bin/python3 setup.py develop --uninstall --editable --build-directory /home/osboxes/ros2_proj4a/build/simulation/build
[2.069s] running develop
[2.423s] Invoked command in '/home/osboxes/ros2_proj4a/build/simulation' returned '0': PYTHONPATH=/home/osboxes/ros2_proj4a/build/simulation/prefix_override:/home/osboxes/ros2_proj4a/install/simulation/lib/python3.10/site-packages:${PYTHONPATH} /usr/bin/python3 setup.py develop --uninstall --editable --build-directory /home/osboxes/ros2_proj4a/build/simulation/build
[2.426s] Invoking command in '/home/osboxes/ros2_proj4a/src/simulation': PYTHONPATH=/home/osboxes/ros2_proj4a/build/simulation/prefix_override:/home/osboxes/ros2_proj4a/install/simulation/lib/python3.10/site-packages:${PYTHONPATH} /usr/bin/python3 setup.py egg_info --egg-base ../../build/simulation build --build-base /home/osboxes/ros2_proj4a/build/simulation/build install --record /home/osboxes/ros2_proj4a/build/simulation/install.log --single-version-externally-managed
[2.890s] running egg_info
[2.895s] writing ../../build/simulation/simulation.egg-info/PKG-INFO
[2.897s] writing dependency_links to ../../build/simulation/simulation.egg-info/dependency_links.txt
[2.898s] writing entry points to ../../build/simulation/simulation.egg-info/entry_points.txt
[2.898s] writing requirements to ../../build/simulation/simulation.egg-info/requires.txt
[2.900s] writing top-level names to ../../build/simulation/simulation.egg-info/top_level.txt
[2.932s] reading manifest file '../../build/simulation/simulation.egg-info/SOURCES.txt'
[2.938s] writing manifest file '../../build/simulation/simulation.egg-info/SOURCES.txt'
[2.939s] running build
[2.939s] running build_py
[2.945s] copying simulation/nav_controller.py -> /home/osboxes/ros2_proj4a/build/simulation/build/lib/simulation
[2.949s] running install
[2.952s] running install_lib
[2.960s] copying /home/osboxes/ros2_proj4a/build/simulation/build/lib/simulation/nav_controller.py -> /home/osboxes/ros2_proj4a/install/simulation/lib/python3.10/site-packages/simulation
[2.964s] byte-compiling /home/osboxes/ros2_proj4a/install/simulation/lib/python3.10/site-packages/simulation/nav_controller.py to nav_controller.cpython-310.pyc
[2.966s] running install_data
[2.969s] running install_egg_info
[2.977s] removing '/home/osboxes/ros2_proj4a/install/simulation/lib/python3.10/site-packages/simulation-0.0.0-py3.10.egg-info' (and everything under it)
[2.978s] Copying ../../build/simulation/simulation.egg-info to /home/osboxes/ros2_proj4a/install/simulation/lib/python3.10/site-packages/simulation-0.0.0-py3.10.egg-info
[2.981s] running install_scripts
[3.031s] Installing nav_controller script to /home/osboxes/ros2_proj4a/install/simulation/lib/simulation
[3.033s] Installing proj4a script to /home/osboxes/ros2_proj4a/install/simulation/lib/simulation
[3.033s] Installing vel_translator script to /home/osboxes/ros2_proj4a/install/simulation/lib/simulation
[3.035s] writing list of installed files to '/home/osboxes/ros2_proj4a/build/simulation/install.log'
[3.109s] Invoked command in '/home/osboxes/ros2_proj4a/src/simulation' returned '0': PYTHONPATH=/home/osboxes/ros2_proj4a/build/simulation/prefix_override:/home/osboxes/ros2_proj4a/install/simulation/lib/python3.10/site-packages:${PYTHONPATH} /usr/bin/python3 setup.py egg_info --egg-base ../../build/simulation build --build-base /home/osboxes/ros2_proj4a/build/simulation/build install --record /home/osboxes/ros2_proj4a/build/simulation/install.log --single-version-externally-managed
