[0.198s] DEBUG:colcon:Command line arguments: ['/usr/bin/colcon', 'build']
[0.199s] DEBUG:colcon:Parsed command line arguments: Namespace(log_base=None, log_level=None, verb_name='build', build_base='build', install_base='install', merge_install=False, symlink_install=False, test_result_base=None, continue_on_error=False, executor='parallel', parallel_workers=4, event_handlers=None, ignore_user_meta=False, metas=['./colcon.meta'], base_paths=['.'], packages_ignore=None, packages_ignore_regex=None, paths=None, packages_up_to=None, packages_up_to_regex=None, packages_above=None, packages_above_and_dependencies=None, packages_above_depth=None, packages_select_by_dep=None, packages_skip_by_dep=None, packages_skip_up_to=None, packages_select_build_failed=False, packages_skip_build_finished=False, packages_select_test_failures=False, packages_skip_test_passed=False, packages_select=None, packages_skip=None, packages_select_regex=None, packages_skip_regex=None, packages_start=None, packages_end=None, allow_overriding=[], cmake_args=None, cmake_target=None, cmake_target_skip_unavailable=False, cmake_clean_cache=False, cmake_clean_first=False, cmake_force_configure=False, ament_cmake_args=None, catkin_cmake_args=None, catkin_skip_building_tests=False, verb_parser=<colcon_defaults.argument_parser.defaults.DefaultArgumentsDecorator object at 0x7f4b073397b0>, verb_extension=<colcon_core.verb.build.BuildVerb object at 0x7f4b07b446d0>, main=<bound method BuildVerb.main of <colcon_core.verb.build.BuildVerb object at 0x7f4b07b446d0>>)
[0.224s] Level 1:colcon.colcon_core.package_discovery:discover_packages(colcon_meta) check parameters
[0.224s] Level 1:colcon.colcon_core.package_discovery:discover_packages(recursive) check parameters
[0.224s] Level 1:colcon.colcon_core.package_discovery:discover_packages(ignore) check parameters
[0.225s] Level 1:colcon.colcon_core.package_discovery:discover_packages(path) check parameters
[0.225s] Level 1:colcon.colcon_core.package_discovery:discover_packages(colcon_meta) discover
[0.225s] Level 1:colcon.colcon_core.package_discovery:discover_packages(recursive) discover
[0.225s] INFO:colcon.colcon_core.package_discovery:Crawling recursively for packages in '/home/vboxuser/Desktop/CSCE 452/CSCE-452-Project-4/ros2_proj4a'
[0.225s] Level 1:colcon.colcon_core.package_identification:_identify(.) by extensions ['ignore', 'ignore_ament_install']
[0.225s] Level 1:colcon.colcon_core.package_identification:_identify(.) by extension 'ignore'
[0.225s] Level 1:colcon.colcon_core.package_identification:_identify(.) by extension 'ignore_ament_install'
[0.225s] Level 1:colcon.colcon_core.package_identification:_identify(.) by extensions ['colcon_pkg']
[0.225s] Level 1:colcon.colcon_core.package_identification:_identify(.) by extension 'colcon_pkg'
[0.225s] Level 1:colcon.colcon_core.package_identification:_identify(.) by extensions ['colcon_meta']
[0.225s] Level 1:colcon.colcon_core.package_identification:_identify(.) by extension 'colcon_meta'
[0.225s] Level 1:colcon.colcon_core.package_identification:_identify(.) by extensions ['ros']
[0.225s] Level 1:colcon.colcon_core.package_identification:_identify(.) by extension 'ros'
[0.233s] Level 1:colcon.colcon_core.package_identification:_identify(.) by extensions ['cmake', 'python']
[0.233s] Level 1:colcon.colcon_core.package_identification:_identify(.) by extension 'cmake'
[0.233s] Level 1:colcon.colcon_core.package_identification:_identify(.) by extension 'python'
[0.233s] Level 1:colcon.colcon_core.package_identification:_identify(.) by extensions ['python_setup_py']
[0.233s] Level 1:colcon.colcon_core.package_identification:_identify(.) by extension 'python_setup_py'
[0.234s] Level 1:colcon.colcon_core.package_identification:_identify(bags) by extensions ['ignore', 'ignore_ament_install']
[0.234s] Level 1:colcon.colcon_core.package_identification:_identify(bags) by extension 'ignore'
[0.234s] Level 1:colcon.colcon_core.package_identification:_identify(bags) by extension 'ignore_ament_install'
[0.234s] Level 1:colcon.colcon_core.package_identification:_identify(bags) by extensions ['colcon_pkg']
[0.234s] Level 1:colcon.colcon_core.package_identification:_identify(bags) by extension 'colcon_pkg'
[0.234s] Level 1:colcon.colcon_core.package_identification:_identify(bags) by extensions ['colcon_meta']
[0.234s] Level 1:colcon.colcon_core.package_identification:_identify(bags) by extension 'colcon_meta'
[0.234s] Level 1:colcon.colcon_core.package_identification:_identify(bags) by extensions ['ros']
[0.234s] Level 1:colcon.colcon_core.package_identification:_identify(bags) by extension 'ros'
[0.234s] Level 1:colcon.colcon_core.package_identification:_identify(bags) by extensions ['cmake', 'python']
[0.234s] Level 1:colcon.colcon_core.package_identification:_identify(bags) by extension 'cmake'
[0.234s] Level 1:colcon.colcon_core.package_identification:_identify(bags) by extension 'python'
[0.234s] Level 1:colcon.colcon_core.package_identification:_identify(bags) by extensions ['python_setup_py']
[0.234s] Level 1:colcon.colcon_core.package_identification:_identify(bags) by extension 'python_setup_py'
[0.234s] Level 1:colcon.colcon_core.package_identification:_identify(bags/input1) by extensions ['ignore', 'ignore_ament_install']
[0.234s] Level 1:colcon.colcon_core.package_identification:_identify(bags/input1) by extension 'ignore'
[0.234s] Level 1:colcon.colcon_core.package_identification:_identify(bags/input1) by extension 'ignore_ament_install'
[0.234s] Level 1:colcon.colcon_core.package_identification:_identify(bags/input1) by extensions ['colcon_pkg']
[0.234s] Level 1:colcon.colcon_core.package_identification:_identify(bags/input1) by extension 'colcon_pkg'
[0.234s] Level 1:colcon.colcon_core.package_identification:_identify(bags/input1) by extensions ['colcon_meta']
[0.234s] Level 1:colcon.colcon_core.package_identification:_identify(bags/input1) by extension 'colcon_meta'
[0.235s] Level 1:colcon.colcon_core.package_identification:_identify(bags/input1) by extensions ['ros']
[0.235s] Level 1:colcon.colcon_core.package_identification:_identify(bags/input1) by extension 'ros'
[0.235s] Level 1:colcon.colcon_core.package_identification:_identify(bags/input1) by extensions ['cmake', 'python']
[0.235s] Level 1:colcon.colcon_core.package_identification:_identify(bags/input1) by extension 'cmake'
[0.235s] Level 1:colcon.colcon_core.package_identification:_identify(bags/input1) by extension 'python'
[0.235s] Level 1:colcon.colcon_core.package_identification:_identify(bags/input1) by extensions ['python_setup_py']
[0.235s] Level 1:colcon.colcon_core.package_identification:_identify(bags/input1) by extension 'python_setup_py'
[0.235s] Level 1:colcon.colcon_core.package_identification:_identify(bags/input2) by extensions ['ignore', 'ignore_ament_install']
[0.235s] Level 1:colcon.colcon_core.package_identification:_identify(bags/input2) by extension 'ignore'
[0.235s] Level 1:colcon.colcon_core.package_identification:_identify(bags/input2) by extension 'ignore_ament_install'
[0.235s] Level 1:colcon.colcon_core.package_identification:_identify(bags/input2) by extensions ['colcon_pkg']
[0.235s] Level 1:colcon.colcon_core.package_identification:_identify(bags/input2) by extension 'colcon_pkg'
[0.235s] Level 1:colcon.colcon_core.package_identification:_identify(bags/input2) by extensions ['colcon_meta']
[0.235s] Level 1:colcon.colcon_core.package_identification:_identify(bags/input2) by extension 'colcon_meta'
[0.235s] Level 1:colcon.colcon_core.package_identification:_identify(bags/input2) by extensions ['ros']
[0.235s] Level 1:colcon.colcon_core.package_identification:_identify(bags/input2) by extension 'ros'
[0.235s] Level 1:colcon.colcon_core.package_identification:_identify(bags/input2) by extensions ['cmake', 'python']
[0.235s] Level 1:colcon.colcon_core.package_identification:_identify(bags/input2) by extension 'cmake'
[0.235s] Level 1:colcon.colcon_core.package_identification:_identify(bags/input2) by extension 'python'
[0.235s] Level 1:colcon.colcon_core.package_identification:_identify(bags/input2) by extensions ['python_setup_py']
[0.235s] Level 1:colcon.colcon_core.package_identification:_identify(bags/input2) by extension 'python_setup_py'
[0.235s] Level 1:colcon.colcon_core.package_identification:_identify(build) by extensions ['ignore', 'ignore_ament_install']
[0.235s] Level 1:colcon.colcon_core.package_identification:_identify(build) by extension 'ignore'
[0.235s] Level 1:colcon.colcon_core.package_identification:_identify(build) ignored
[0.236s] Level 1:colcon.colcon_core.package_identification:_identify(install) by extensions ['ignore', 'ignore_ament_install']
[0.236s] Level 1:colcon.colcon_core.package_identification:_identify(install) by extension 'ignore'
[0.236s] Level 1:colcon.colcon_core.package_identification:_identify(install) ignored
[0.236s] Level 1:colcon.colcon_core.package_identification:_identify(log) by extensions ['ignore', 'ignore_ament_install']
[0.236s] Level 1:colcon.colcon_core.package_identification:_identify(log) by extension 'ignore'
[0.236s] Level 1:colcon.colcon_core.package_identification:_identify(log) ignored
[0.236s] Level 1:colcon.colcon_core.package_identification:_identify(src) by extensions ['ignore', 'ignore_ament_install']
[0.236s] Level 1:colcon.colcon_core.package_identification:_identify(src) by extension 'ignore'
[0.236s] Level 1:colcon.colcon_core.package_identification:_identify(src) by extension 'ignore_ament_install'
[0.236s] Level 1:colcon.colcon_core.package_identification:_identify(src) by extensions ['colcon_pkg']
[0.236s] Level 1:colcon.colcon_core.package_identification:_identify(src) by extension 'colcon_pkg'
[0.236s] Level 1:colcon.colcon_core.package_identification:_identify(src) by extensions ['colcon_meta']
[0.236s] Level 1:colcon.colcon_core.package_identification:_identify(src) by extension 'colcon_meta'
[0.236s] Level 1:colcon.colcon_core.package_identification:_identify(src) by extensions ['ros']
[0.236s] Level 1:colcon.colcon_core.package_identification:_identify(src) by extension 'ros'
[0.236s] Level 1:colcon.colcon_core.package_identification:_identify(src) by extensions ['cmake', 'python']
[0.236s] Level 1:colcon.colcon_core.package_identification:_identify(src) by extension 'cmake'
[0.236s] Level 1:colcon.colcon_core.package_identification:_identify(src) by extension 'python'
[0.236s] Level 1:colcon.colcon_core.package_identification:_identify(src) by extensions ['python_setup_py']
[0.236s] Level 1:colcon.colcon_core.package_identification:_identify(src) by extension 'python_setup_py'
[0.236s] Level 1:colcon.colcon_core.package_identification:_identify(src/simulation) by extensions ['ignore', 'ignore_ament_install']
[0.237s] Level 1:colcon.colcon_core.package_identification:_identify(src/simulation) by extension 'ignore'
[0.237s] Level 1:colcon.colcon_core.package_identification:_identify(src/simulation) by extension 'ignore_ament_install'
[0.237s] Level 1:colcon.colcon_core.package_identification:_identify(src/simulation) by extensions ['colcon_pkg']
[0.237s] Level 1:colcon.colcon_core.package_identification:_identify(src/simulation) by extension 'colcon_pkg'
[0.237s] Level 1:colcon.colcon_core.package_identification:_identify(src/simulation) by extensions ['colcon_meta']
[0.237s] Level 1:colcon.colcon_core.package_identification:_identify(src/simulation) by extension 'colcon_meta'
[0.237s] Level 1:colcon.colcon_core.package_identification:_identify(src/simulation) by extensions ['ros']
[0.237s] Level 1:colcon.colcon_core.package_identification:_identify(src/simulation) by extension 'ros'
[0.238s] DEBUG:colcon.colcon_core.package_identification:Package 'src/simulation' with type 'ros.ament_python' and name 'simulation'
[0.239s] Level 1:colcon.colcon_core.package_discovery:discover_packages(recursive) using defaults
[0.239s] Level 1:colcon.colcon_core.package_discovery:discover_packages(ignore) discover
[0.239s] Level 1:colcon.colcon_core.package_discovery:discover_packages(ignore) using defaults
[0.239s] Level 1:colcon.colcon_core.package_discovery:discover_packages(path) discover
[0.239s] Level 1:colcon.colcon_core.package_discovery:discover_packages(path) using defaults
[0.254s] Level 1:colcon.colcon_core.package_discovery:discover_packages(prefix_path) check parameters
[0.255s] Level 1:colcon.colcon_core.package_discovery:discover_packages(prefix_path) discover
[0.256s] DEBUG:colcon.colcon_installed_package_information.package_discovery:Found 1 installed packages in /home/vboxuser/Desktop/CSCE 452/CSCE-452-Project-4/ros2_proj4a/install
[0.257s] DEBUG:colcon.colcon_installed_package_information.package_discovery:Found 270 installed packages in /opt/ros/humble
[0.259s] Level 1:colcon.colcon_core.package_discovery:discover_packages(prefix_path) using defaults
[0.296s] Level 5:colcon.colcon_core.verb:set package 'simulation' build argument 'cmake_args' from command line to 'None'
[0.296s] Level 5:colcon.colcon_core.verb:set package 'simulation' build argument 'cmake_target' from command line to 'None'
[0.296s] Level 5:colcon.colcon_core.verb:set package 'simulation' build argument 'cmake_target_skip_unavailable' from command line to 'False'
[0.296s] Level 5:colcon.colcon_core.verb:set package 'simulation' build argument 'cmake_clean_cache' from command line to 'False'
[0.296s] Level 5:colcon.colcon_core.verb:set package 'simulation' build argument 'cmake_clean_first' from command line to 'False'
[0.296s] Level 5:colcon.colcon_core.verb:set package 'simulation' build argument 'cmake_force_configure' from command line to 'False'
[0.296s] Level 5:colcon.colcon_core.verb:set package 'simulation' build argument 'ament_cmake_args' from command line to 'None'
[0.296s] Level 5:colcon.colcon_core.verb:set package 'simulation' build argument 'catkin_cmake_args' from command line to 'None'
[0.296s] Level 5:colcon.colcon_core.verb:set package 'simulation' build argument 'catkin_skip_building_tests' from command line to 'False'
[0.297s] DEBUG:colcon.colcon_core.verb:Building package 'simulation' with the following arguments: {'ament_cmake_args': None, 'build_base': '/home/vboxuser/Desktop/CSCE 452/CSCE-452-Project-4/ros2_proj4a/build/simulation', 'catkin_cmake_args': None, 'catkin_skip_building_tests': False, 'cmake_args': None, 'cmake_clean_cache': False, 'cmake_clean_first': False, 'cmake_force_configure': False, 'cmake_target': None, 'cmake_target_skip_unavailable': False, 'install_base': '/home/vboxuser/Desktop/CSCE 452/CSCE-452-Project-4/ros2_proj4a/install/simulation', 'merge_install': False, 'path': '/home/vboxuser/Desktop/CSCE 452/CSCE-452-Project-4/ros2_proj4a/src/simulation', 'symlink_install': False, 'test_result_base': None}
[0.297s] INFO:colcon.colcon_core.executor:Executing jobs using 'parallel' executor
[0.300s] DEBUG:colcon.colcon_parallel_executor.executor.parallel:run_until_complete
[0.300s] INFO:colcon.colcon_ros.task.ament_python.build:Building ROS package in '/home/vboxuser/Desktop/CSCE 452/CSCE-452-Project-4/ros2_proj4a/src/simulation' with build type 'ament_python'
[0.301s] Level 1:colcon.colcon_core.shell:create_environment_hook('simulation', 'ament_prefix_path')
[0.303s] INFO:colcon.colcon_core.plugin_system:Skipping extension 'colcon_core.shell.bat': Not used on non-Windows systems
[0.304s] INFO:colcon.colcon_core.shell:Creating environment hook '/home/vboxuser/Desktop/CSCE 452/CSCE-452-Project-4/ros2_proj4a/install/simulation/share/simulation/hook/ament_prefix_path.ps1'
[0.304s] INFO:colcon.colcon_core.shell:Creating environment descriptor '/home/vboxuser/Desktop/CSCE 452/CSCE-452-Project-4/ros2_proj4a/install/simulation/share/simulation/hook/ament_prefix_path.dsv'
[0.305s] INFO:colcon.colcon_core.shell:Creating environment hook '/home/vboxuser/Desktop/CSCE 452/CSCE-452-Project-4/ros2_proj4a/install/simulation/share/simulation/hook/ament_prefix_path.sh'
[0.307s] INFO:colcon.colcon_core.shell:Skip shell extension 'powershell' for command environment: Not usable outside of PowerShell
[0.307s] DEBUG:colcon.colcon_core.shell:Skip shell extension 'dsv' for command environment
[0.459s] INFO:colcon.colcon_core.task.python.build:Building Python package in '/home/vboxuser/Desktop/CSCE 452/CSCE-452-Project-4/ros2_proj4a/src/simulation'
[0.463s] INFO:colcon.colcon_core.shell:Skip shell extension 'powershell' for command environment: Not usable outside of PowerShell
[0.465s] DEBUG:colcon.colcon_core.shell:Skip shell extension 'dsv' for command environment
[0.697s] DEBUG:colcon.colcon_core.event_handler.log_command:Invoking command in '/home/vboxuser/Desktop/CSCE 452/CSCE-452-Project-4/ros2_proj4a/src/simulation': PYTHONPATH=/home/vboxuser/Desktop/CSCE 452/CSCE-452-Project-4/ros2_proj4a/build/simulation/prefix_override:/home/vboxuser/Desktop/CSCE 452/CSCE-452-Project-4/ros2_proj4a/install/simulation/lib/python3.10/site-packages:${PYTHONPATH} /usr/bin/python3 setup.py egg_info --egg-base ../../build/simulation build --build-base /home/vboxuser/Desktop/CSCE 452/CSCE-452-Project-4/ros2_proj4a/build/simulation/build install --record /home/vboxuser/Desktop/CSCE 452/CSCE-452-Project-4/ros2_proj4a/build/simulation/install.log --single-version-externally-managed
[0.848s] Level 1:colcon.colcon_core.environment:checking '/home/vboxuser/Desktop/CSCE 452/CSCE-452-Project-4/ros2_proj4a/install/simulation' for CMake module files
[0.850s] Level 1:colcon.colcon_core.environment:checking '/home/vboxuser/Desktop/CSCE 452/CSCE-452-Project-4/ros2_proj4a/install/simulation' for CMake config files
[0.851s] DEBUG:colcon.colcon_core.event_handler.log_command:Invoked command in '/home/vboxuser/Desktop/CSCE 452/CSCE-452-Project-4/ros2_proj4a/src/simulation' returned '0': PYTHONPATH=/home/vboxuser/Desktop/CSCE 452/CSCE-452-Project-4/ros2_proj4a/build/simulation/prefix_override:/home/vboxuser/Desktop/CSCE 452/CSCE-452-Project-4/ros2_proj4a/install/simulation/lib/python3.10/site-packages:${PYTHONPATH} /usr/bin/python3 setup.py egg_info --egg-base ../../build/simulation build --build-base /home/vboxuser/Desktop/CSCE 452/CSCE-452-Project-4/ros2_proj4a/build/simulation/build install --record /home/vboxuser/Desktop/CSCE 452/CSCE-452-Project-4/ros2_proj4a/build/simulation/install.log --single-version-externally-managed
[0.854s] Level 1:colcon.colcon_core.environment:checking '/home/vboxuser/Desktop/CSCE 452/CSCE-452-Project-4/ros2_proj4a/install/simulation/lib'
[0.854s] Level 1:colcon.colcon_core.environment:checking '/home/vboxuser/Desktop/CSCE 452/CSCE-452-Project-4/ros2_proj4a/install/simulation/bin'
[0.854s] Level 1:colcon.colcon_core.environment:checking '/home/vboxuser/Desktop/CSCE 452/CSCE-452-Project-4/ros2_proj4a/install/simulation/lib/pkgconfig/simulation.pc'
[0.854s] Level 1:colcon.colcon_core.environment:checking '/home/vboxuser/Desktop/CSCE 452/CSCE-452-Project-4/ros2_proj4a/install/simulation/lib/python3.10/site-packages'
[0.854s] Level 1:colcon.colcon_core.shell:create_environment_hook('simulation', 'pythonpath')
[0.855s] INFO:colcon.colcon_core.shell:Creating environment hook '/home/vboxuser/Desktop/CSCE 452/CSCE-452-Project-4/ros2_proj4a/install/simulation/share/simulation/hook/pythonpath.ps1'
[0.856s] INFO:colcon.colcon_core.shell:Creating environment descriptor '/home/vboxuser/Desktop/CSCE 452/CSCE-452-Project-4/ros2_proj4a/install/simulation/share/simulation/hook/pythonpath.dsv'
[0.856s] INFO:colcon.colcon_core.shell:Creating environment hook '/home/vboxuser/Desktop/CSCE 452/CSCE-452-Project-4/ros2_proj4a/install/simulation/share/simulation/hook/pythonpath.sh'
[0.857s] Level 1:colcon.colcon_core.environment:checking '/home/vboxuser/Desktop/CSCE 452/CSCE-452-Project-4/ros2_proj4a/install/simulation/bin'
[0.857s] Level 1:colcon.colcon_core.environment:create_environment_scripts_only(simulation)
[0.858s] INFO:colcon.colcon_core.shell:Creating package script '/home/vboxuser/Desktop/CSCE 452/CSCE-452-Project-4/ros2_proj4a/install/simulation/share/simulation/package.ps1'
[0.868s] INFO:colcon.colcon_core.shell:Creating package descriptor '/home/vboxuser/Desktop/CSCE 452/CSCE-452-Project-4/ros2_proj4a/install/simulation/share/simulation/package.dsv'
[0.869s] INFO:colcon.colcon_core.shell:Creating package script '/home/vboxuser/Desktop/CSCE 452/CSCE-452-Project-4/ros2_proj4a/install/simulation/share/simulation/package.sh'
[0.870s] INFO:colcon.colcon_core.shell:Creating package script '/home/vboxuser/Desktop/CSCE 452/CSCE-452-Project-4/ros2_proj4a/install/simulation/share/simulation/package.bash'
[0.870s] INFO:colcon.colcon_core.shell:Creating package script '/home/vboxuser/Desktop/CSCE 452/CSCE-452-Project-4/ros2_proj4a/install/simulation/share/simulation/package.zsh'
[0.871s] Level 1:colcon.colcon_core.environment:create_file_with_runtime_dependencies(/home/vboxuser/Desktop/CSCE 452/CSCE-452-Project-4/ros2_proj4a/install/simulation/share/colcon-core/packages/simulation)
[0.872s] DEBUG:colcon.colcon_parallel_executor.executor.parallel:closing loop
[0.872s] DEBUG:colcon.colcon_parallel_executor.executor.parallel:loop closed
[0.872s] DEBUG:colcon.colcon_parallel_executor.executor.parallel:run_until_complete finished with '0'
[0.872s] DEBUG:colcon.colcon_core.event_reactor:joining thread
[0.878s] INFO:colcon.colcon_core.plugin_system:Skipping extension 'colcon_notification.desktop_notification.terminal_notifier': Not used on non-Darwin systems
[0.878s] INFO:colcon.colcon_core.plugin_system:Skipping extension 'colcon_notification.desktop_notification.win32': Not used on non-Windows systems
[0.878s] INFO:colcon.colcon_notification.desktop_notification:Sending desktop notification using 'notify2'
[0.890s] DEBUG:colcon.colcon_core.event_reactor:joined thread
[0.891s] INFO:colcon.colcon_core.shell:Creating prefix script '/home/vboxuser/Desktop/CSCE 452/CSCE-452-Project-4/ros2_proj4a/install/local_setup.ps1'
[0.892s] INFO:colcon.colcon_core.shell:Creating prefix util module '/home/vboxuser/Desktop/CSCE 452/CSCE-452-Project-4/ros2_proj4a/install/_local_setup_util_ps1.py'
[0.893s] INFO:colcon.colcon_core.shell:Creating prefix chain script '/home/vboxuser/Desktop/CSCE 452/CSCE-452-Project-4/ros2_proj4a/install/setup.ps1'
[0.894s] INFO:colcon.colcon_core.shell:Creating prefix script '/home/vboxuser/Desktop/CSCE 452/CSCE-452-Project-4/ros2_proj4a/install/local_setup.sh'
[0.894s] INFO:colcon.colcon_core.shell:Creating prefix util module '/home/vboxuser/Desktop/CSCE 452/CSCE-452-Project-4/ros2_proj4a/install/_local_setup_util_sh.py'
[0.895s] INFO:colcon.colcon_core.shell:Creating prefix chain script '/home/vboxuser/Desktop/CSCE 452/CSCE-452-Project-4/ros2_proj4a/install/setup.sh'
[0.896s] INFO:colcon.colcon_core.shell:Creating prefix script '/home/vboxuser/Desktop/CSCE 452/CSCE-452-Project-4/ros2_proj4a/install/local_setup.bash'
[0.901s] INFO:colcon.colcon_core.shell:Creating prefix chain script '/home/vboxuser/Desktop/CSCE 452/CSCE-452-Project-4/ros2_proj4a/install/setup.bash'
[0.902s] INFO:colcon.colcon_core.shell:Creating prefix script '/home/vboxuser/Desktop/CSCE 452/CSCE-452-Project-4/ros2_proj4a/install/local_setup.zsh'
[0.902s] INFO:colcon.colcon_core.shell:Creating prefix chain script '/home/vboxuser/Desktop/CSCE 452/CSCE-452-Project-4/ros2_proj4a/install/setup.zsh'
