[0.391s] Invoking command in '/home/vboxuser/Desktop/CSCE 452/CSCE-452-Project-4/ros2_proj4a/src/simulation': PYTHONPATH=/home/vboxuser/Desktop/CSCE 452/CSCE-452-Project-4/ros2_proj4a/build/simulation/prefix_override:/home/vboxuser/Desktop/CSCE 452/CSCE-452-Project-4/ros2_proj4a/install/simulation/lib/python3.10/site-packages:${PYTHONPATH} /usr/bin/python3 setup.py egg_info --egg-base ../../build/simulation build --build-base /home/vboxuser/Desktop/CSCE 452/CSCE-452-Project-4/ros2_proj4a/build/simulation/build install --record /home/vboxuser/Desktop/CSCE 452/CSCE-452-Project-4/ros2_proj4a/build/simulation/install.log --single-version-externally-managed
[0.542s] running egg_info
[0.544s] writing ../../build/simulation/simulation.egg-info/PKG-INFO
[0.544s] writing dependency_links to ../../build/simulation/simulation.egg-info/dependency_links.txt
[0.544s] writing entry points to ../../build/simulation/simulation.egg-info/entry_points.txt
[0.545s] writing requirements to ../../build/simulation/simulation.egg-info/requires.txt
[0.545s] writing top-level names to ../../build/simulation/simulation.egg-info/top_level.txt
[0.546s] reading manifest file '../../build/simulation/simulation.egg-info/SOURCES.txt'
[0.547s] writing manifest file '../../build/simulation/simulation.egg-info/SOURCES.txt'
[0.547s] running build
[0.547s] running build_py
[0.547s] copying simulation/proj4a.py -> /home/vboxuser/Desktop/CSCE 452/CSCE-452-Project-4/ros2_proj4a/build/simulation/build/lib/simulation
[0.547s] running install
[0.547s] /usr/lib/python3/dist-packages/setuptools/command/install.py:34: SetuptoolsDeprecationWarning: setup.py install is deprecated. Use build and pip and other standards-based tools.
[0.548s]   warnings.warn(
[0.548s] running install_lib
[0.548s] copying /home/vboxuser/Desktop/CSCE 452/CSCE-452-Project-4/ros2_proj4a/build/simulation/build/lib/simulation/proj4a.py -> /home/vboxuser/Desktop/CSCE 452/CSCE-452-Project-4/ros2_proj4a/install/simulation/lib/python3.10/site-packages/simulation
[0.549s] byte-compiling /home/vboxuser/Desktop/CSCE 452/CSCE-452-Project-4/ros2_proj4a/install/simulation/lib/python3.10/site-packages/simulation/proj4a.py to proj4a.cpython-310.pyc
[0.550s] running install_data
[0.550s] running install_egg_info
[0.552s] removing '/home/vboxuser/Desktop/CSCE 452/CSCE-452-Project-4/ros2_proj4a/install/simulation/lib/python3.10/site-packages/simulation-0.0.0-py3.10.egg-info' (and everything under it)
[0.556s] Copying ../../build/simulation/simulation.egg-info to /home/vboxuser/Desktop/CSCE 452/CSCE-452-Project-4/ros2_proj4a/install/simulation/lib/python3.10/site-packages/simulation-0.0.0-py3.10.egg-info
[0.556s] running install_scripts
[0.569s] Installing proj4a script to /home/vboxuser/Desktop/CSCE 452/CSCE-452-Project-4/ros2_proj4a/install/simulation/lib/simulation
[0.569s] writing list of installed files to '/home/vboxuser/Desktop/CSCE 452/CSCE-452-Project-4/ros2_proj4a/build/simulation/install.log'
[0.598s] Invoked command in '/home/vboxuser/Desktop/CSCE 452/CSCE-452-Project-4/ros2_proj4a/src/simulation' returned '0': PYTHONPATH=/home/vboxuser/Desktop/CSCE 452/CSCE-452-Project-4/ros2_proj4a/build/simulation/prefix_override:/home/vboxuser/Desktop/CSCE 452/CSCE-452-Project-4/ros2_proj4a/install/simulation/lib/python3.10/site-packages:${PYTHONPATH} /usr/bin/python3 setup.py egg_info --egg-base ../../build/simulation build --build-base /home/vboxuser/Desktop/CSCE 452/CSCE-452-Project-4/ros2_proj4a/build/simulation/build install --record /home/vboxuser/Desktop/CSCE 452/CSCE-452-Project-4/ros2_proj4a/build/simulation/install.log --single-version-externally-managed
