[2.216s] Invoking command in '/home/osboxes/ros2_proj4a/build/simulation': PYTHONPATH=/home/osboxes/ros2_proj4a/build/simulation/prefix_override:/home/osboxes/ros2_proj4a/install/simulation/lib/python3.10/site-packages:${PYTHONPATH} /usr/bin/python3 setup.py develop --uninstall --editable --build-directory /home/osboxes/ros2_proj4a/build/simulation/build
[3.110s] running develop
[3.741s] Invoked command in '/home/osboxes/ros2_proj4a/build/simulation' returned '0': PYTHONPATH=/home/osboxes/ros2_proj4a/build/simulation/prefix_override:/home/osboxes/ros2_proj4a/install/simulation/lib/python3.10/site-packages:${PYTHONPATH} /usr/bin/python3 setup.py develop --uninstall --editable --build-directory /home/osboxes/ros2_proj4a/build/simulation/build
[3.745s] Invoking command in '/home/osboxes/ros2_proj4a/src/simulation': PYTHONPATH=/home/osboxes/ros2_proj4a/build/simulation/prefix_override:/home/osboxes/ros2_proj4a/install/simulation/lib/python3.10/site-packages:${PYTHONPATH} /usr/bin/python3 setup.py egg_info --egg-base ../../build/simulation build --build-base /home/osboxes/ros2_proj4a/build/simulation/build install --record /home/osboxes/ros2_proj4a/build/simulation/install.log --single-version-externally-managed
[4.596s] running egg_info
[4.597s] writing ../../build/simulation/simulation.egg-info/PKG-INFO
[4.598s] writing dependency_links to ../../build/simulation/simulation.egg-info/dependency_links.txt
[4.598s] writing entry points to ../../build/simulation/simulation.egg-info/entry_points.txt
[4.599s] writing requirements to ../../build/simulation/simulation.egg-info/requires.txt
[4.599s] writing top-level names to ../../build/simulation/simulation.egg-info/top_level.txt
[4.604s] reading manifest file '../../build/simulation/simulation.egg-info/SOURCES.txt'
[4.609s] writing manifest file '../../build/simulation/simulation.egg-info/SOURCES.txt'
[4.610s] running build
[4.610s] running build_py
[4.611s] running install
[4.614s] running install_lib
[4.616s] running install_data
[4.618s] copying urdf/example.world -> /home/osboxes/ros2_proj4a/install/simulation/share/simulation
[4.618s] running install_egg_info
[4.622s] removing '/home/osboxes/ros2_proj4a/install/simulation/lib/python3.10/site-packages/simulation-0.0.0-py3.10.egg-info' (and everything under it)
[4.622s] Copying ../../build/simulation/simulation.egg-info to /home/osboxes/ros2_proj4a/install/simulation/lib/python3.10/site-packages/simulation-0.0.0-py3.10.egg-info
[4.624s] running install_scripts
[4.690s] Installing nav_controller script to /home/osboxes/ros2_proj4a/install/simulation/lib/simulation
[4.691s] Installing proj4a script to /home/osboxes/ros2_proj4a/install/simulation/lib/simulation
[4.691s] Installing vel_translator script to /home/osboxes/ros2_proj4a/install/simulation/lib/simulation
[4.692s] writing list of installed files to '/home/osboxes/ros2_proj4a/build/simulation/install.log'
[4.802s] Invoked command in '/home/osboxes/ros2_proj4a/src/simulation' returned '0': PYTHONPATH=/home/osboxes/ros2_proj4a/build/simulation/prefix_override:/home/osboxes/ros2_proj4a/install/simulation/lib/python3.10/site-packages:${PYTHONPATH} /usr/bin/python3 setup.py egg_info --egg-base ../../build/simulation build --build-base /home/osboxes/ros2_proj4a/build/simulation/build install --record /home/osboxes/ros2_proj4a/build/simulation/install.log --single-version-externally-managed
