[0.975s] Invoking command in '/home/osboxes/ros2_proj4a/build/simulation': PYTHONPATH=/home/osboxes/ros2_proj4a/build/simulation/prefix_override:/home/osboxes/ros2_proj4a/install/simulation/lib/python3.10/site-packages:${PYTHONPATH} /usr/bin/python3 setup.py develop --uninstall --editable --build-directory /home/osboxes/ros2_proj4a/build/simulation/build
[1.340s] running develop
[1.604s] Invoked command in '/home/osboxes/ros2_proj4a/build/simulation' returned '0': PYTHONPATH=/home/osboxes/ros2_proj4a/build/simulation/prefix_override:/home/osboxes/ros2_proj4a/install/simulation/lib/python3.10/site-packages:${PYTHONPATH} /usr/bin/python3 setup.py develop --uninstall --editable --build-directory /home/osboxes/ros2_proj4a/build/simulation/build
[1.605s] Invoking command in '/home/osboxes/ros2_proj4a/src/simulation': PYTHONPATH=/home/osboxes/ros2_proj4a/build/simulation/prefix_override:/home/osboxes/ros2_proj4a/install/simulation/lib/python3.10/site-packages:${PYTHONPATH} /usr/bin/python3 setup.py egg_info --egg-base ../../build/simulation build --build-base /home/osboxes/ros2_proj4a/build/simulation/build install --record /home/osboxes/ros2_proj4a/build/simulation/install.log --single-version-externally-managed
[1.946s] running egg_info
[1.946s] writing ../../build/simulation/simulation.egg-info/PKG-INFO
[1.946s] writing dependency_links to ../../build/simulation/simulation.egg-info/dependency_links.txt
[1.948s] writing entry points to ../../build/simulation/simulation.egg-info/entry_points.txt
[1.948s] writing requirements to ../../build/simulation/simulation.egg-info/requires.txt
[1.949s] writing top-level names to ../../build/simulation/simulation.egg-info/top_level.txt
[1.949s] reading manifest file '../../build/simulation/simulation.egg-info/SOURCES.txt'
[1.950s] writing manifest file '../../build/simulation/simulation.egg-info/SOURCES.txt'
[1.951s] running build
[1.952s] running build_py
[1.952s] running install
[1.953s] running install_lib
[1.954s] running install_data
[1.955s] copying launch/launch.py -> /home/osboxes/ros2_proj4a/install/simulation/share/simulation
[1.956s] running install_egg_info
[1.964s] removing '/home/osboxes/ros2_proj4a/install/simulation/lib/python3.10/site-packages/simulation-0.0.0-py3.10.egg-info' (and everything under it)
[1.965s] Copying ../../build/simulation/simulation.egg-info to /home/osboxes/ros2_proj4a/install/simulation/lib/python3.10/site-packages/simulation-0.0.0-py3.10.egg-info
[1.967s] running install_scripts
[1.995s] Installing proj4a script to /home/osboxes/ros2_proj4a/install/simulation/lib/simulation
[1.995s] writing list of installed files to '/home/osboxes/ros2_proj4a/build/simulation/install.log'
[2.043s] Invoked command in '/home/osboxes/ros2_proj4a/src/simulation' returned '0': PYTHONPATH=/home/osboxes/ros2_proj4a/build/simulation/prefix_override:/home/osboxes/ros2_proj4a/install/simulation/lib/python3.10/site-packages:${PYTHONPATH} /usr/bin/python3 setup.py egg_info --egg-base ../../build/simulation build --build-base /home/osboxes/ros2_proj4a/build/simulation/build install --record /home/osboxes/ros2_proj4a/build/simulation/install.log --single-version-externally-managed
