[1.165s] Invoking command in '/home/osboxes/ros2_proj4a/build/simulation': PYTHONPATH=/home/osboxes/ros2_proj4a/build/simulation/prefix_override:/home/osboxes/ros2_proj4a/install/simulation/lib/python3.10/site-packages:${PYTHONPATH} /usr/bin/python3 setup.py develop --uninstall --editable --build-directory /home/osboxes/ros2_proj4a/build/simulation/build
[1.810s] running develop
[2.289s] Invoked command in '/home/osboxes/ros2_proj4a/build/simulation' returned '0': PYTHONPATH=/home/osboxes/ros2_proj4a/build/simulation/prefix_override:/home/osboxes/ros2_proj4a/install/simulation/lib/python3.10/site-packages:${PYTHONPATH} /usr/bin/python3 setup.py develop --uninstall --editable --build-directory /home/osboxes/ros2_proj4a/build/simulation/build
[2.290s] Invoking command in '/home/osboxes/ros2_proj4a/src/simulation': PYTHONPATH=/home/osboxes/ros2_proj4a/build/simulation/prefix_override:/home/osboxes/ros2_proj4a/install/simulation/lib/python3.10/site-packages:${PYTHONPATH} /usr/bin/python3 setup.py egg_info --egg-base ../../build/simulation build --build-base /home/osboxes/ros2_proj4a/build/simulation/build install --record /home/osboxes/ros2_proj4a/build/simulation/install.log --single-version-externally-managed
[2.874s] running egg_info
[2.876s] writing ../../build/simulation/simulation.egg-info/PKG-INFO
[2.877s] writing dependency_links to ../../build/simulation/simulation.egg-info/dependency_links.txt
[2.878s] writing entry points to ../../build/simulation/simulation.egg-info/entry_points.txt
[2.879s] writing requirements to ../../build/simulation/simulation.egg-info/requires.txt
[2.879s] writing top-level names to ../../build/simulation/simulation.egg-info/top_level.txt
[2.885s] reading manifest file '../../build/simulation/simulation.egg-info/SOURCES.txt'
[2.888s] writing manifest file '../../build/simulation/simulation.egg-info/SOURCES.txt'
[2.888s] running build
[2.889s] running build_py
[2.890s] running install
[2.890s] running install_lib
[2.893s] running install_data
[2.894s] copying launch/launch.py -> /home/osboxes/ros2_proj4a/install/simulation/share/simulation
[2.894s] running install_egg_info
[2.901s] removing '/home/osboxes/ros2_proj4a/install/simulation/lib/python3.10/site-packages/simulation-0.0.0-py3.10.egg-info' (and everything under it)
[2.901s] Copying ../../build/simulation/simulation.egg-info to /home/osboxes/ros2_proj4a/install/simulation/lib/python3.10/site-packages/simulation-0.0.0-py3.10.egg-info
[2.904s] running install_scripts
[2.960s] Installing proj4a script to /home/osboxes/ros2_proj4a/install/simulation/lib/simulation
[2.961s] writing list of installed files to '/home/osboxes/ros2_proj4a/build/simulation/install.log'
[3.048s] Invoked command in '/home/osboxes/ros2_proj4a/src/simulation' returned '0': PYTHONPATH=/home/osboxes/ros2_proj4a/build/simulation/prefix_override:/home/osboxes/ros2_proj4a/install/simulation/lib/python3.10/site-packages:${PYTHONPATH} /usr/bin/python3 setup.py egg_info --egg-base ../../build/simulation build --build-base /home/osboxes/ros2_proj4a/build/simulation/build install --record /home/osboxes/ros2_proj4a/build/simulation/install.log --single-version-externally-managed
