[2.336s] Invoking command in '/home/osboxes/ros2_proj4a/build/simulation': PYTHONPATH=/home/osboxes/ros2_proj4a/build/simulation/prefix_override:/home/osboxes/ros2_proj4a/install/simulation/lib/python3.10/site-packages:${PYTHONPATH} /usr/bin/python3 setup.py develop --uninstall --editable --build-directory /home/osboxes/ros2_proj4a/build/simulation/build
[3.253s] running develop
[3.867s] Invoked command in '/home/osboxes/ros2_proj4a/build/simulation' returned '0': PYTHONPATH=/home/osboxes/ros2_proj4a/build/simulation/prefix_override:/home/osboxes/ros2_proj4a/install/simulation/lib/python3.10/site-packages:${PYTHONPATH} /usr/bin/python3 setup.py develop --uninstall --editable --build-directory /home/osboxes/ros2_proj4a/build/simulation/build
[3.874s] Invoking command in '/home/osboxes/ros2_proj4a/src/simulation': PYTHONPATH=/home/osboxes/ros2_proj4a/build/simulation/prefix_override:/home/osboxes/ros2_proj4a/install/simulation/lib/python3.10/site-packages:${PYTHONPATH} /usr/bin/python3 setup.py egg_info --egg-base ../../build/simulation build --build-base /home/osboxes/ros2_proj4a/build/simulation/build install --record /home/osboxes/ros2_proj4a/build/simulation/install.log --single-version-externally-managed
[4.646s] running egg_info
[4.647s] writing ../../build/simulation/simulation.egg-info/PKG-INFO
[4.649s] writing dependency_links to ../../build/simulation/simulation.egg-info/dependency_links.txt
[4.649s] writing entry points to ../../build/simulation/simulation.egg-info/entry_points.txt
[4.649s] writing requirements to ../../build/simulation/simulation.egg-info/requires.txt
[4.649s] writing top-level names to ../../build/simulation/simulation.egg-info/top_level.txt
[4.653s] reading manifest file '../../build/simulation/simulation.egg-info/SOURCES.txt'
[4.658s] writing manifest file '../../build/simulation/simulation.egg-info/SOURCES.txt'
[4.658s] running build
[4.658s] running build_py
[4.662s] running install
[4.662s] running install_lib
[4.675s] running install_data
[4.676s] copying urdf/example.world -> /home/osboxes/ros2_proj4a/install/simulation/share/simulation
[4.676s] running install_egg_info
[4.676s] removing '/home/osboxes/ros2_proj4a/install/simulation/lib/python3.10/site-packages/simulation-0.0.0-py3.10.egg-info' (and everything under it)
[4.677s] Copying ../../build/simulation/simulation.egg-info to /home/osboxes/ros2_proj4a/install/simulation/lib/python3.10/site-packages/simulation-0.0.0-py3.10.egg-info
[4.678s] running install_scripts
[4.741s] Installing nav_controller script to /home/osboxes/ros2_proj4a/install/simulation/lib/simulation
[4.742s] Installing proj4a script to /home/osboxes/ros2_proj4a/install/simulation/lib/simulation
[4.742s] Installing vel_translator script to /home/osboxes/ros2_proj4a/install/simulation/lib/simulation
[4.743s] writing list of installed files to '/home/osboxes/ros2_proj4a/build/simulation/install.log'
[4.896s] Invoked command in '/home/osboxes/ros2_proj4a/src/simulation' returned '0': PYTHONPATH=/home/osboxes/ros2_proj4a/build/simulation/prefix_override:/home/osboxes/ros2_proj4a/install/simulation/lib/python3.10/site-packages:${PYTHONPATH} /usr/bin/python3 setup.py egg_info --egg-base ../../build/simulation build --build-base /home/osboxes/ros2_proj4a/build/simulation/build install --record /home/osboxes/ros2_proj4a/build/simulation/install.log --single-version-externally-managed
