[2.448s] Invoking command in '/home/osboxes/ros2_proj4a/build/simulation': PYTHONPATH=/home/osboxes/ros2_proj4a/build/simulation/prefix_override:/home/osboxes/ros2_proj4a/install/simulation/lib/python3.10/site-packages:${PYTHONPATH} /usr/bin/python3 setup.py develop --uninstall --editable --build-directory /home/osboxes/ros2_proj4a/build/simulation/build
[3.356s] running develop
[4.029s] Invoked command in '/home/osboxes/ros2_proj4a/build/simulation' returned '0': PYTHONPATH=/home/osboxes/ros2_proj4a/build/simulation/prefix_override:/home/osboxes/ros2_proj4a/install/simulation/lib/python3.10/site-packages:${PYTHONPATH} /usr/bin/python3 setup.py develop --uninstall --editable --build-directory /home/osboxes/ros2_proj4a/build/simulation/build
[4.034s] Invoking command in '/home/osboxes/ros2_proj4a/src/simulation': PYTHONPATH=/home/osboxes/ros2_proj4a/build/simulation/prefix_override:/home/osboxes/ros2_proj4a/install/simulation/lib/python3.10/site-packages:${PYTHONPATH} /usr/bin/python3 setup.py egg_info --egg-base ../../build/simulation build --build-base /home/osboxes/ros2_proj4a/build/simulation/build install --record /home/osboxes/ros2_proj4a/build/simulation/install.log --single-version-externally-managed
[4.951s] running egg_info
[4.953s] writing ../../build/simulation/simulation.egg-info/PKG-INFO
[4.953s] writing dependency_links to ../../build/simulation/simulation.egg-info/dependency_links.txt
[4.954s] writing entry points to ../../build/simulation/simulation.egg-info/entry_points.txt
[4.954s] writing requirements to ../../build/simulation/simulation.egg-info/requires.txt
[4.954s] writing top-level names to ../../build/simulation/simulation.egg-info/top_level.txt
[4.959s] reading manifest file '../../build/simulation/simulation.egg-info/SOURCES.txt'
[4.967s] writing manifest file '../../build/simulation/simulation.egg-info/SOURCES.txt'
[4.967s] running build
[4.968s] running build_py
[4.968s] running install
[4.973s] running install_lib
[4.976s] running install_data
[4.987s] running install_egg_info
[4.991s] removing '/home/osboxes/ros2_proj4a/install/simulation/lib/python3.10/site-packages/simulation-0.0.0-py3.10.egg-info' (and everything under it)
[4.991s] Copying ../../build/simulation/simulation.egg-info to /home/osboxes/ros2_proj4a/install/simulation/lib/python3.10/site-packages/simulation-0.0.0-py3.10.egg-info
[4.994s] running install_scripts
[5.067s] Installing nav_controller script to /home/osboxes/ros2_proj4a/install/simulation/lib/simulation
[5.068s] Installing proj4a script to /home/osboxes/ros2_proj4a/install/simulation/lib/simulation
[5.069s] Installing vel_translator script to /home/osboxes/ros2_proj4a/install/simulation/lib/simulation
[5.072s] writing list of installed files to '/home/osboxes/ros2_proj4a/build/simulation/install.log'
[5.191s] Invoked command in '/home/osboxes/ros2_proj4a/src/simulation' returned '0': PYTHONPATH=/home/osboxes/ros2_proj4a/build/simulation/prefix_override:/home/osboxes/ros2_proj4a/install/simulation/lib/python3.10/site-packages:${PYTHONPATH} /usr/bin/python3 setup.py egg_info --egg-base ../../build/simulation build --build-base /home/osboxes/ros2_proj4a/build/simulation/build install --record /home/osboxes/ros2_proj4a/build/simulation/install.log --single-version-externally-managed
