[0.577s] Invoking command in '/home/osboxes/ros2_proj4a/build/simulation': PYTHONPATH=/home/osboxes/ros2_proj4a/build/simulation/prefix_override:/home/osboxes/ros2_proj4a/install/simulation/lib/python3.10/site-packages:${PYTHONPATH} /usr/bin/python3 setup.py develop --uninstall --editable --build-directory /home/osboxes/ros2_proj4a/build/simulation/build
[0.937s] running develop
[1.423s] Invoked command in '/home/osboxes/ros2_proj4a/build/simulation' returned '0': PYTHONPATH=/home/osboxes/ros2_proj4a/build/simulation/prefix_override:/home/osboxes/ros2_proj4a/install/simulation/lib/python3.10/site-packages:${PYTHONPATH} /usr/bin/python3 setup.py develop --uninstall --editable --build-directory /home/osboxes/ros2_proj4a/build/simulation/build
[1.424s] Invoking command in '/home/osboxes/ros2_proj4a/src/simulation': PYTHONPATH=/home/osboxes/ros2_proj4a/build/simulation/prefix_override:/home/osboxes/ros2_proj4a/install/simulation/lib/python3.10/site-packages:${PYTHONPATH} /usr/bin/python3 setup.py egg_info --egg-base ../../build/simulation build --build-base /home/osboxes/ros2_proj4a/build/simulation/build install --record /home/osboxes/ros2_proj4a/build/simulation/install.log --single-version-externally-managed
[1.498s] running egg_info
[1.502s] writing ../../build/simulation/simulation.egg-info/PKG-INFO
[1.503s] writing dependency_links to ../../build/simulation/simulation.egg-info/dependency_links.txt
[1.504s] writing entry points to ../../build/simulation/simulation.egg-info/entry_points.txt
[1.504s] writing requirements to ../../build/simulation/simulation.egg-info/requires.txt
[1.505s] writing top-level names to ../../build/simulation/simulation.egg-info/top_level.txt
[1.508s] reading manifest file '../../build/simulation/simulation.egg-info/SOURCES.txt'
[1.509s] writing manifest file '../../build/simulation/simulation.egg-info/SOURCES.txt'
[1.509s] running build
[1.510s] running build_py
[1.510s] copying simulation/proj4a.py -> /home/osboxes/ros2_proj4a/build/simulation/build/lib/simulation
[1.510s] running install
[1.510s] running install_lib
[1.511s] copying /home/osboxes/ros2_proj4a/build/simulation/build/lib/simulation/proj4a.py -> /home/osboxes/ros2_proj4a/install/simulation/lib/python3.10/site-packages/simulation
[1.511s] byte-compiling /home/osboxes/ros2_proj4a/install/simulation/lib/python3.10/site-packages/simulation/proj4a.py to proj4a.cpython-310.pyc
[1.515s] running install_data
[1.516s] running install_egg_info
[1.518s] removing '/home/osboxes/ros2_proj4a/install/simulation/lib/python3.10/site-packages/simulation-0.0.0-py3.10.egg-info' (and everything under it)
[1.518s] Copying ../../build/simulation/simulation.egg-info to /home/osboxes/ros2_proj4a/install/simulation/lib/python3.10/site-packages/simulation-0.0.0-py3.10.egg-info
[1.519s] running install_scripts
[1.539s] Installing proj4a script to /home/osboxes/ros2_proj4a/install/simulation/lib/simulation
[1.541s] writing list of installed files to '/home/osboxes/ros2_proj4a/build/simulation/install.log'
[1.589s] Invoked command in '/home/osboxes/ros2_proj4a/src/simulation' returned '0': PYTHONPATH=/home/osboxes/ros2_proj4a/build/simulation/prefix_override:/home/osboxes/ros2_proj4a/install/simulation/lib/python3.10/site-packages:${PYTHONPATH} /usr/bin/python3 setup.py egg_info --egg-base ../../build/simulation build --build-base /home/osboxes/ros2_proj4a/build/simulation/build install --record /home/osboxes/ros2_proj4a/build/simulation/install.log --single-version-externally-managed
