[1.307s] Invoking command in '/home/osboxes/ros2_proj4a/build/simulation': PYTHONPATH=/home/osboxes/ros2_proj4a/build/simulation/prefix_override:/home/osboxes/ros2_proj4a/install/simulation/lib/python3.10/site-packages:${PYTHONPATH} /usr/bin/python3 setup.py develop --uninstall --editable --build-directory /home/osboxes/ros2_proj4a/build/simulation/build
[1.822s] running develop
[2.208s] Invoked command in '/home/osboxes/ros2_proj4a/build/simulation' returned '0': PYTHONPATH=/home/osboxes/ros2_proj4a/build/simulation/prefix_override:/home/osboxes/ros2_proj4a/install/simulation/lib/python3.10/site-packages:${PYTHONPATH} /usr/bin/python3 setup.py develop --uninstall --editable --build-directory /home/osboxes/ros2_proj4a/build/simulation/build
[2.209s] Invoking command in '/home/osboxes/ros2_proj4a/src/simulation': PYTHONPATH=/home/osboxes/ros2_proj4a/build/simulation/prefix_override:/home/osboxes/ros2_proj4a/install/simulation/lib/python3.10/site-packages:${PYTHONPATH} /usr/bin/python3 setup.py egg_info --egg-base ../../build/simulation build --build-base /home/osboxes/ros2_proj4a/build/simulation/build install --record /home/osboxes/ros2_proj4a/build/simulation/install.log --single-version-externally-managed
[2.675s] running egg_info
[2.676s] writing ../../build/simulation/simulation.egg-info/PKG-INFO
[2.677s] writing dependency_links to ../../build/simulation/simulation.egg-info/dependency_links.txt
[2.677s] writing entry points to ../../build/simulation/simulation.egg-info/entry_points.txt
[2.679s] writing requirements to ../../build/simulation/simulation.egg-info/requires.txt
[2.679s] writing top-level names to ../../build/simulation/simulation.egg-info/top_level.txt
[2.681s] reading manifest file '../../build/simulation/simulation.egg-info/SOURCES.txt'
[2.683s] writing manifest file '../../build/simulation/simulation.egg-info/SOURCES.txt'
[2.683s] running build
[2.683s] running build_py
[2.683s] copying simulation/proj4a.py -> /home/osboxes/ros2_proj4a/build/simulation/build/lib/simulation
[2.684s] running install
[2.684s] running install_lib
[2.685s] copying /home/osboxes/ros2_proj4a/build/simulation/build/lib/simulation/proj4a.py -> /home/osboxes/ros2_proj4a/install/simulation/lib/python3.10/site-packages/simulation
[2.686s] byte-compiling /home/osboxes/ros2_proj4a/install/simulation/lib/python3.10/site-packages/simulation/proj4a.py to proj4a.cpython-310.pyc
[2.689s] running install_data
[2.690s] copying urdf/windy.world -> /home/osboxes/ros2_proj4a/install/simulation/share/simulation
[2.690s] running install_egg_info
[2.695s] removing '/home/osboxes/ros2_proj4a/install/simulation/lib/python3.10/site-packages/simulation-0.0.0-py3.10.egg-info' (and everything under it)
[2.695s] Copying ../../build/simulation/simulation.egg-info to /home/osboxes/ros2_proj4a/install/simulation/lib/python3.10/site-packages/simulation-0.0.0-py3.10.egg-info
[2.696s] running install_scripts
[2.731s] Installing nav_controller script to /home/osboxes/ros2_proj4a/install/simulation/lib/simulation
[2.731s] Installing proj4a script to /home/osboxes/ros2_proj4a/install/simulation/lib/simulation
[2.732s] Installing vel_translator script to /home/osboxes/ros2_proj4a/install/simulation/lib/simulation
[2.732s] writing list of installed files to '/home/osboxes/ros2_proj4a/build/simulation/install.log'
[2.788s] Invoked command in '/home/osboxes/ros2_proj4a/src/simulation' returned '0': PYTHONPATH=/home/osboxes/ros2_proj4a/build/simulation/prefix_override:/home/osboxes/ros2_proj4a/install/simulation/lib/python3.10/site-packages:${PYTHONPATH} /usr/bin/python3 setup.py egg_info --egg-base ../../build/simulation build --build-base /home/osboxes/ros2_proj4a/build/simulation/build install --record /home/osboxes/ros2_proj4a/build/simulation/install.log --single-version-externally-managed
