[1.312s] Invoking command in '/home/osboxes/ros2_proj4a/build/simulation': PYTHONPATH=/home/osboxes/ros2_proj4a/build/simulation/prefix_override:/home/osboxes/ros2_proj4a/install/simulation/lib/python3.10/site-packages:${PYTHONPATH} /usr/bin/python3 setup.py develop --uninstall --editable --build-directory /home/osboxes/ros2_proj4a/build/simulation/build
[1.898s] running develop
[2.309s] Invoked command in '/home/osboxes/ros2_proj4a/build/simulation' returned '0': PYTHONPATH=/home/osboxes/ros2_proj4a/build/simulation/prefix_override:/home/osboxes/ros2_proj4a/install/simulation/lib/python3.10/site-packages:${PYTHONPATH} /usr/bin/python3 setup.py develop --uninstall --editable --build-directory /home/osboxes/ros2_proj4a/build/simulation/build
[2.310s] Invoking command in '/home/osboxes/ros2_proj4a/src/simulation': PYTHONPATH=/home/osboxes/ros2_proj4a/build/simulation/prefix_override:/home/osboxes/ros2_proj4a/install/simulation/lib/python3.10/site-packages:${PYTHONPATH} /usr/bin/python3 setup.py egg_info --egg-base ../../build/simulation build --build-base /home/osboxes/ros2_proj4a/build/simulation/build install --record /home/osboxes/ros2_proj4a/build/simulation/install.log --single-version-externally-managed
[2.622s] running egg_info
[2.624s] writing ../../build/simulation/simulation.egg-info/PKG-INFO
[2.631s] writing dependency_links to ../../build/simulation/simulation.egg-info/dependency_links.txt
[2.635s] writing entry points to ../../build/simulation/simulation.egg-info/entry_points.txt
[2.637s] writing requirements to ../../build/simulation/simulation.egg-info/requires.txt
[2.639s] writing top-level names to ../../build/simulation/simulation.egg-info/top_level.txt
[2.651s] reading manifest file '../../build/simulation/simulation.egg-info/SOURCES.txt'
[2.653s] writing manifest file '../../build/simulation/simulation.egg-info/SOURCES.txt'
[2.677s] running build
[2.679s] running build_py
[2.681s] copying simulation/proj4a.py -> /home/osboxes/ros2_proj4a/build/simulation/build/lib/simulation
[2.691s] running install
[2.693s] running install_lib
[2.700s] copying /home/osboxes/ros2_proj4a/build/simulation/build/lib/simulation/proj4a.py -> /home/osboxes/ros2_proj4a/install/simulation/lib/python3.10/site-packages/simulation
[2.708s] byte-compiling /home/osboxes/ros2_proj4a/install/simulation/lib/python3.10/site-packages/simulation/proj4a.py to proj4a.cpython-310.pyc
[2.715s] running install_data
[2.720s] copying urdf/pillars.world -> /home/osboxes/ros2_proj4a/install/simulation/share/simulation
[2.725s] running install_egg_info
[2.732s] removing '/home/osboxes/ros2_proj4a/install/simulation/lib/python3.10/site-packages/simulation-0.0.0-py3.10.egg-info' (and everything under it)
[2.736s] Copying ../../build/simulation/simulation.egg-info to /home/osboxes/ros2_proj4a/install/simulation/lib/python3.10/site-packages/simulation-0.0.0-py3.10.egg-info
[2.739s] running install_scripts
[2.790s] Installing proj4a script to /home/osboxes/ros2_proj4a/install/simulation/lib/simulation
[2.796s] writing list of installed files to '/home/osboxes/ros2_proj4a/build/simulation/install.log'
[2.836s] Invoked command in '/home/osboxes/ros2_proj4a/src/simulation' returned '0': PYTHONPATH=/home/osboxes/ros2_proj4a/build/simulation/prefix_override:/home/osboxes/ros2_proj4a/install/simulation/lib/python3.10/site-packages:${PYTHONPATH} /usr/bin/python3 setup.py egg_info --egg-base ../../build/simulation build --build-base /home/osboxes/ros2_proj4a/build/simulation/build install --record /home/osboxes/ros2_proj4a/build/simulation/install.log --single-version-externally-managed
