[2.476s] Invoking command in '/home/osboxes/ros2_proj4a/build/simulation': PYTHONPATH=/home/osboxes/ros2_proj4a/build/simulation/prefix_override:/home/osboxes/ros2_proj4a/install/simulation/lib/python3.10/site-packages:${PYTHONPATH} /usr/bin/python3 setup.py develop --uninstall --editable --build-directory /home/osboxes/ros2_proj4a/build/simulation/build
[3.487s] running develop
[4.247s] Invoked command in '/home/osboxes/ros2_proj4a/build/simulation' returned '0': PYTHONPATH=/home/osboxes/ros2_proj4a/build/simulation/prefix_override:/home/osboxes/ros2_proj4a/install/simulation/lib/python3.10/site-packages:${PYTHONPATH} /usr/bin/python3 setup.py develop --uninstall --editable --build-directory /home/osboxes/ros2_proj4a/build/simulation/build
[4.253s] Invoking command in '/home/osboxes/ros2_proj4a/src/simulation': PYTHONPATH=/home/osboxes/ros2_proj4a/build/simulation/prefix_override:/home/osboxes/ros2_proj4a/install/simulation/lib/python3.10/site-packages:${PYTHONPATH} /usr/bin/python3 setup.py egg_info --egg-base ../../build/simulation build --build-base /home/osboxes/ros2_proj4a/build/simulation/build install --record /home/osboxes/ros2_proj4a/build/simulation/install.log --single-version-externally-managed
[5.260s] running egg_info
[5.266s] writing ../../build/simulation/simulation.egg-info/PKG-INFO
[5.268s] writing dependency_links to ../../build/simulation/simulation.egg-info/dependency_links.txt
[5.270s] writing entry points to ../../build/simulation/simulation.egg-info/entry_points.txt
[5.272s] writing requirements to ../../build/simulation/simulation.egg-info/requires.txt
[5.276s] writing top-level names to ../../build/simulation/simulation.egg-info/top_level.txt
[5.284s] reading manifest file '../../build/simulation/simulation.egg-info/SOURCES.txt'
[5.297s] writing manifest file '../../build/simulation/simulation.egg-info/SOURCES.txt'
[5.306s] running build
[5.310s] running build_py
[5.315s] running install
[5.319s] running install_lib
[5.327s] running install_data
[5.334s] copying launch/launch.py -> /home/osboxes/ros2_proj4a/install/simulation/share/simulation
[5.336s] running install_egg_info
[5.340s] removing '/home/osboxes/ros2_proj4a/install/simulation/lib/python3.10/site-packages/simulation-0.0.0-py3.10.egg-info' (and everything under it)
[5.352s] Copying ../../build/simulation/simulation.egg-info to /home/osboxes/ros2_proj4a/install/simulation/lib/python3.10/site-packages/simulation-0.0.0-py3.10.egg-info
[5.360s] running install_scripts
[5.450s] Installing disc_robot script to /home/osboxes/ros2_proj4a/install/simulation/lib/simulation
[5.456s] Installing proj4a script to /home/osboxes/ros2_proj4a/install/simulation/lib/simulation
[5.465s] writing list of installed files to '/home/osboxes/ros2_proj4a/build/simulation/install.log'
[5.689s] Invoked command in '/home/osboxes/ros2_proj4a/src/simulation' returned '0': PYTHONPATH=/home/osboxes/ros2_proj4a/build/simulation/prefix_override:/home/osboxes/ros2_proj4a/install/simulation/lib/python3.10/site-packages:${PYTHONPATH} /usr/bin/python3 setup.py egg_info --egg-base ../../build/simulation build --build-base /home/osboxes/ros2_proj4a/build/simulation/build install --record /home/osboxes/ros2_proj4a/build/simulation/install.log --single-version-externally-managed
