[1.057s] Invoking command in '/home/osboxes/ros2_proj4a/build/simulation': PYTHONPATH=/home/osboxes/ros2_proj4a/build/simulation/prefix_override:/home/osboxes/ros2_proj4a/install/simulation/lib/python3.10/site-packages:${PYTHONPATH} /usr/bin/python3 setup.py develop --uninstall --editable --build-directory /home/osboxes/ros2_proj4a/build/simulation/build
[1.415s] running develop
[1.678s] Invoked command in '/home/osboxes/ros2_proj4a/build/simulation' returned '0': PYTHONPATH=/home/osboxes/ros2_proj4a/build/simulation/prefix_override:/home/osboxes/ros2_proj4a/install/simulation/lib/python3.10/site-packages:${PYTHONPATH} /usr/bin/python3 setup.py develop --uninstall --editable --build-directory /home/osboxes/ros2_proj4a/build/simulation/build
[1.680s] Invoking command in '/home/osboxes/ros2_proj4a/src/simulation': PYTHONPATH=/home/osboxes/ros2_proj4a/build/simulation/prefix_override:/home/osboxes/ros2_proj4a/install/simulation/lib/python3.10/site-packages:${PYTHONPATH} /usr/bin/python3 setup.py egg_info --egg-base ../../build/simulation build --build-base /home/osboxes/ros2_proj4a/build/simulation/build install --record /home/osboxes/ros2_proj4a/build/simulation/install.log --single-version-externally-managed
[2.048s] running egg_info
[2.049s] writing ../../build/simulation/simulation.egg-info/PKG-INFO
[2.051s] writing dependency_links to ../../build/simulation/simulation.egg-info/dependency_links.txt
[2.052s] writing entry points to ../../build/simulation/simulation.egg-info/entry_points.txt
[2.053s] writing requirements to ../../build/simulation/simulation.egg-info/requires.txt
[2.054s] writing top-level names to ../../build/simulation/simulation.egg-info/top_level.txt
[2.057s] reading manifest file '../../build/simulation/simulation.egg-info/SOURCES.txt'
[2.058s] writing manifest file '../../build/simulation/simulation.egg-info/SOURCES.txt'
[2.059s] running build
[2.059s] running build_py
[2.060s] running install
[2.068s] running install_lib
[2.070s] running install_data
[2.072s] copying launch/launch.py -> /home/osboxes/ros2_proj4a/install/simulation/share/simulation
[2.073s] running install_egg_info
[2.075s] removing '/home/osboxes/ros2_proj4a/install/simulation/lib/python3.10/site-packages/simulation-0.0.0-py3.10.egg-info' (and everything under it)
[2.076s] Copying ../../build/simulation/simulation.egg-info to /home/osboxes/ros2_proj4a/install/simulation/lib/python3.10/site-packages/simulation-0.0.0-py3.10.egg-info
[2.077s] running install_scripts
[2.106s] Installing disc_robot script to /home/osboxes/ros2_proj4a/install/simulation/lib/simulation
[2.121s] Installing project4a script to /home/osboxes/ros2_proj4a/install/simulation/lib/simulation
[2.123s] writing list of installed files to '/home/osboxes/ros2_proj4a/build/simulation/install.log'
[2.154s] Invoked command in '/home/osboxes/ros2_proj4a/src/simulation' returned '0': PYTHONPATH=/home/osboxes/ros2_proj4a/build/simulation/prefix_override:/home/osboxes/ros2_proj4a/install/simulation/lib/python3.10/site-packages:${PYTHONPATH} /usr/bin/python3 setup.py egg_info --egg-base ../../build/simulation build --build-base /home/osboxes/ros2_proj4a/build/simulation/build install --record /home/osboxes/ros2_proj4a/build/simulation/install.log --single-version-externally-managed
