[1.320s] DEBUG:colcon:Command line arguments: ['/usr/bin/colcon', 'build']
[1.320s] DEBUG:colcon:Parsed command line arguments: Namespace(log_base=None, log_level=None, verb_name='build', build_base='build', install_base='install', merge_install=False, symlink_install=False, test_result_base=None, continue_on_error=False, executor='parallel', parallel_workers=3, event_handlers=None, ignore_user_meta=False, metas=['./colcon.meta'], base_paths=['.'], packages_ignore=None, packages_ignore_regex=None, paths=None, packages_up_to=None, packages_up_to_regex=None, packages_above=None, packages_above_and_dependencies=None, packages_above_depth=None, packages_select_by_dep=None, packages_skip_by_dep=None, packages_skip_up_to=None, packages_select_build_failed=False, packages_skip_build_finished=False, packages_select_test_failures=False, packages_skip_test_passed=False, packages_select=None, packages_skip=None, packages_select_regex=None, packages_skip_regex=None, packages_start=None, packages_end=None, allow_overriding=[], cmake_args=None, cmake_target=None, cmake_target_skip_unavailable=False, cmake_clean_cache=False, cmake_clean_first=False, cmake_force_configure=False, ament_cmake_args=None, catkin_cmake_args=None, catkin_skip_building_tests=False, verb_parser=<colcon_defaults.argument_parser.defaults.DefaultArgumentsDecorator object at 0x7f38a508cc40>, verb_extension=<colcon_core.verb.build.BuildVerb object at 0x7f38a508c6d0>, main=<bound method BuildVerb.main of <colcon_core.verb.build.BuildVerb object at 0x7f38a508c6d0>>)
[1.406s] Level 1:colcon.colcon_core.package_discovery:discover_packages(colcon_meta) check parameters
[1.407s] Level 1:colcon.colcon_core.package_discovery:discover_packages(recursive) check parameters
[1.407s] Level 1:colcon.colcon_core.package_discovery:discover_packages(ignore) check parameters
[1.407s] Level 1:colcon.colcon_core.package_discovery:discover_packages(path) check parameters
[1.407s] Level 1:colcon.colcon_core.package_discovery:discover_packages(colcon_meta) discover
[1.407s] Level 1:colcon.colcon_core.package_discovery:discover_packages(recursive) discover
[1.407s] INFO:colcon.colcon_core.package_discovery:Crawling recursively for packages in '/home/osboxes/ros2_proj4a'
[1.407s] Level 1:colcon.colcon_core.package_identification:_identify(.) by extensions ['ignore', 'ignore_ament_install']
[1.407s] Level 1:colcon.colcon_core.package_identification:_identify(.) by extension 'ignore'
[1.407s] Level 1:colcon.colcon_core.package_identification:_identify(.) by extension 'ignore_ament_install'
[1.408s] Level 1:colcon.colcon_core.package_identification:_identify(.) by extensions ['colcon_pkg']
[1.408s] Level 1:colcon.colcon_core.package_identification:_identify(.) by extension 'colcon_pkg'
[1.408s] Level 1:colcon.colcon_core.package_identification:_identify(.) by extensions ['colcon_meta']
[1.408s] Level 1:colcon.colcon_core.package_identification:_identify(.) by extension 'colcon_meta'
[1.408s] Level 1:colcon.colcon_core.package_identification:_identify(.) by extensions ['ros']
[1.408s] Level 1:colcon.colcon_core.package_identification:_identify(.) by extension 'ros'
[1.457s] Level 1:colcon.colcon_core.package_identification:_identify(.) by extensions ['cmake', 'python']
[1.457s] Level 1:colcon.colcon_core.package_identification:_identify(.) by extension 'cmake'
[1.457s] Level 1:colcon.colcon_core.package_identification:_identify(.) by extension 'python'
[1.457s] Level 1:colcon.colcon_core.package_identification:_identify(.) by extensions ['python_setup_py']
[1.458s] Level 1:colcon.colcon_core.package_identification:_identify(.) by extension 'python_setup_py'
[1.458s] Level 1:colcon.colcon_core.package_identification:_identify(bags) by extensions ['ignore', 'ignore_ament_install']
[1.458s] Level 1:colcon.colcon_core.package_identification:_identify(bags) by extension 'ignore'
[1.458s] Level 1:colcon.colcon_core.package_identification:_identify(bags) by extension 'ignore_ament_install'
[1.458s] Level 1:colcon.colcon_core.package_identification:_identify(bags) by extensions ['colcon_pkg']
[1.458s] Level 1:colcon.colcon_core.package_identification:_identify(bags) by extension 'colcon_pkg'
[1.459s] Level 1:colcon.colcon_core.package_identification:_identify(bags) by extensions ['colcon_meta']
[1.459s] Level 1:colcon.colcon_core.package_identification:_identify(bags) by extension 'colcon_meta'
[1.459s] Level 1:colcon.colcon_core.package_identification:_identify(bags) by extensions ['ros']
[1.459s] Level 1:colcon.colcon_core.package_identification:_identify(bags) by extension 'ros'
[1.459s] Level 1:colcon.colcon_core.package_identification:_identify(bags) by extensions ['cmake', 'python']
[1.459s] Level 1:colcon.colcon_core.package_identification:_identify(bags) by extension 'cmake'
[1.459s] Level 1:colcon.colcon_core.package_identification:_identify(bags) by extension 'python'
[1.459s] Level 1:colcon.colcon_core.package_identification:_identify(bags) by extensions ['python_setup_py']
[1.459s] Level 1:colcon.colcon_core.package_identification:_identify(bags) by extension 'python_setup_py'
[1.460s] Level 1:colcon.colcon_core.package_identification:_identify(bags/input1) by extensions ['ignore', 'ignore_ament_install']
[1.460s] Level 1:colcon.colcon_core.package_identification:_identify(bags/input1) by extension 'ignore'
[1.460s] Level 1:colcon.colcon_core.package_identification:_identify(bags/input1) by extension 'ignore_ament_install'
[1.460s] Level 1:colcon.colcon_core.package_identification:_identify(bags/input1) by extensions ['colcon_pkg']
[1.460s] Level 1:colcon.colcon_core.package_identification:_identify(bags/input1) by extension 'colcon_pkg'
[1.461s] Level 1:colcon.colcon_core.package_identification:_identify(bags/input1) by extensions ['colcon_meta']
[1.461s] Level 1:colcon.colcon_core.package_identification:_identify(bags/input1) by extension 'colcon_meta'
[1.461s] Level 1:colcon.colcon_core.package_identification:_identify(bags/input1) by extensions ['ros']
[1.461s] Level 1:colcon.colcon_core.package_identification:_identify(bags/input1) by extension 'ros'
[1.461s] Level 1:colcon.colcon_core.package_identification:_identify(bags/input1) by extensions ['cmake', 'python']
[1.461s] Level 1:colcon.colcon_core.package_identification:_identify(bags/input1) by extension 'cmake'
[1.462s] Level 1:colcon.colcon_core.package_identification:_identify(bags/input1) by extension 'python'
[1.462s] Level 1:colcon.colcon_core.package_identification:_identify(bags/input1) by extensions ['python_setup_py']
[1.462s] Level 1:colcon.colcon_core.package_identification:_identify(bags/input1) by extension 'python_setup_py'
[1.463s] Level 1:colcon.colcon_core.package_identification:_identify(bags/input2) by extensions ['ignore', 'ignore_ament_install']
[1.463s] Level 1:colcon.colcon_core.package_identification:_identify(bags/input2) by extension 'ignore'
[1.463s] Level 1:colcon.colcon_core.package_identification:_identify(bags/input2) by extension 'ignore_ament_install'
[1.464s] Level 1:colcon.colcon_core.package_identification:_identify(bags/input2) by extensions ['colcon_pkg']
[1.464s] Level 1:colcon.colcon_core.package_identification:_identify(bags/input2) by extension 'colcon_pkg'
[1.464s] Level 1:colcon.colcon_core.package_identification:_identify(bags/input2) by extensions ['colcon_meta']
[1.464s] Level 1:colcon.colcon_core.package_identification:_identify(bags/input2) by extension 'colcon_meta'
[1.464s] Level 1:colcon.colcon_core.package_identification:_identify(bags/input2) by extensions ['ros']
[1.465s] Level 1:colcon.colcon_core.package_identification:_identify(bags/input2) by extension 'ros'
[1.466s] Level 1:colcon.colcon_core.package_identification:_identify(bags/input2) by extensions ['cmake', 'python']
[1.466s] Level 1:colcon.colcon_core.package_identification:_identify(bags/input2) by extension 'cmake'
[1.466s] Level 1:colcon.colcon_core.package_identification:_identify(bags/input2) by extension 'python'
[1.466s] Level 1:colcon.colcon_core.package_identification:_identify(bags/input2) by extensions ['python_setup_py']
[1.466s] Level 1:colcon.colcon_core.package_identification:_identify(bags/input2) by extension 'python_setup_py'
[1.466s] Level 1:colcon.colcon_core.package_identification:_identify(bags/input3) by extensions ['ignore', 'ignore_ament_install']
[1.467s] Level 1:colcon.colcon_core.package_identification:_identify(bags/input3) by extension 'ignore'
[1.467s] Level 1:colcon.colcon_core.package_identification:_identify(bags/input3) by extension 'ignore_ament_install'
[1.467s] Level 1:colcon.colcon_core.package_identification:_identify(bags/input3) by extensions ['colcon_pkg']
[1.467s] Level 1:colcon.colcon_core.package_identification:_identify(bags/input3) by extension 'colcon_pkg'
[1.467s] Level 1:colcon.colcon_core.package_identification:_identify(bags/input3) by extensions ['colcon_meta']
[1.467s] Level 1:colcon.colcon_core.package_identification:_identify(bags/input3) by extension 'colcon_meta'
[1.468s] Level 1:colcon.colcon_core.package_identification:_identify(bags/input3) by extensions ['ros']
[1.468s] Level 1:colcon.colcon_core.package_identification:_identify(bags/input3) by extension 'ros'
[1.468s] Level 1:colcon.colcon_core.package_identification:_identify(bags/input3) by extensions ['cmake', 'python']
[1.468s] Level 1:colcon.colcon_core.package_identification:_identify(bags/input3) by extension 'cmake'
[1.468s] Level 1:colcon.colcon_core.package_identification:_identify(bags/input3) by extension 'python'
[1.468s] Level 1:colcon.colcon_core.package_identification:_identify(bags/input3) by extensions ['python_setup_py']
[1.468s] Level 1:colcon.colcon_core.package_identification:_identify(bags/input3) by extension 'python_setup_py'
[1.469s] Level 1:colcon.colcon_core.package_identification:_identify(bags/input4) by extensions ['ignore', 'ignore_ament_install']
[1.469s] Level 1:colcon.colcon_core.package_identification:_identify(bags/input4) by extension 'ignore'
[1.469s] Level 1:colcon.colcon_core.package_identification:_identify(bags/input4) by extension 'ignore_ament_install'
[1.469s] Level 1:colcon.colcon_core.package_identification:_identify(bags/input4) by extensions ['colcon_pkg']
[1.470s] Level 1:colcon.colcon_core.package_identification:_identify(bags/input4) by extension 'colcon_pkg'
[1.470s] Level 1:colcon.colcon_core.package_identification:_identify(bags/input4) by extensions ['colcon_meta']
[1.470s] Level 1:colcon.colcon_core.package_identification:_identify(bags/input4) by extension 'colcon_meta'
[1.470s] Level 1:colcon.colcon_core.package_identification:_identify(bags/input4) by extensions ['ros']
[1.470s] Level 1:colcon.colcon_core.package_identification:_identify(bags/input4) by extension 'ros'
[1.470s] Level 1:colcon.colcon_core.package_identification:_identify(bags/input4) by extensions ['cmake', 'python']
[1.470s] Level 1:colcon.colcon_core.package_identification:_identify(bags/input4) by extension 'cmake'
[1.470s] Level 1:colcon.colcon_core.package_identification:_identify(bags/input4) by extension 'python'
[1.470s] Level 1:colcon.colcon_core.package_identification:_identify(bags/input4) by extensions ['python_setup_py']
[1.470s] Level 1:colcon.colcon_core.package_identification:_identify(bags/input4) by extension 'python_setup_py'
[1.471s] Level 1:colcon.colcon_core.package_identification:_identify(bags/input5) by extensions ['ignore', 'ignore_ament_install']
[1.471s] Level 1:colcon.colcon_core.package_identification:_identify(bags/input5) by extension 'ignore'
[1.471s] Level 1:colcon.colcon_core.package_identification:_identify(bags/input5) by extension 'ignore_ament_install'
[1.471s] Level 1:colcon.colcon_core.package_identification:_identify(bags/input5) by extensions ['colcon_pkg']
[1.472s] Level 1:colcon.colcon_core.package_identification:_identify(bags/input5) by extension 'colcon_pkg'
[1.472s] Level 1:colcon.colcon_core.package_identification:_identify(bags/input5) by extensions ['colcon_meta']
[1.472s] Level 1:colcon.colcon_core.package_identification:_identify(bags/input5) by extension 'colcon_meta'
[1.472s] Level 1:colcon.colcon_core.package_identification:_identify(bags/input5) by extensions ['ros']
[1.472s] Level 1:colcon.colcon_core.package_identification:_identify(bags/input5) by extension 'ros'
[1.472s] Level 1:colcon.colcon_core.package_identification:_identify(bags/input5) by extensions ['cmake', 'python']
[1.472s] Level 1:colcon.colcon_core.package_identification:_identify(bags/input5) by extension 'cmake'
[1.472s] Level 1:colcon.colcon_core.package_identification:_identify(bags/input5) by extension 'python'
[1.472s] Level 1:colcon.colcon_core.package_identification:_identify(bags/input5) by extensions ['python_setup_py']
[1.472s] Level 1:colcon.colcon_core.package_identification:_identify(bags/input5) by extension 'python_setup_py'
[1.473s] Level 1:colcon.colcon_core.package_identification:_identify(build) by extensions ['ignore', 'ignore_ament_install']
[1.473s] Level 1:colcon.colcon_core.package_identification:_identify(build) by extension 'ignore'
[1.473s] Level 1:colcon.colcon_core.package_identification:_identify(build) ignored
[1.473s] Level 1:colcon.colcon_core.package_identification:_identify(install) by extensions ['ignore', 'ignore_ament_install']
[1.474s] Level 1:colcon.colcon_core.package_identification:_identify(install) by extension 'ignore'
[1.474s] Level 1:colcon.colcon_core.package_identification:_identify(install) ignored
[1.475s] Level 1:colcon.colcon_core.package_identification:_identify(log) by extensions ['ignore', 'ignore_ament_install']
[1.475s] Level 1:colcon.colcon_core.package_identification:_identify(log) by extension 'ignore'
[1.475s] Level 1:colcon.colcon_core.package_identification:_identify(log) ignored
[1.476s] Level 1:colcon.colcon_core.package_identification:_identify(src) by extensions ['ignore', 'ignore_ament_install']
[1.476s] Level 1:colcon.colcon_core.package_identification:_identify(src) by extension 'ignore'
[1.476s] Level 1:colcon.colcon_core.package_identification:_identify(src) by extension 'ignore_ament_install'
[1.476s] Level 1:colcon.colcon_core.package_identification:_identify(src) by extensions ['colcon_pkg']
[1.476s] Level 1:colcon.colcon_core.package_identification:_identify(src) by extension 'colcon_pkg'
[1.476s] Level 1:colcon.colcon_core.package_identification:_identify(src) by extensions ['colcon_meta']
[1.476s] Level 1:colcon.colcon_core.package_identification:_identify(src) by extension 'colcon_meta'
[1.476s] Level 1:colcon.colcon_core.package_identification:_identify(src) by extensions ['ros']
[1.477s] Level 1:colcon.colcon_core.package_identification:_identify(src) by extension 'ros'
[1.477s] Level 1:colcon.colcon_core.package_identification:_identify(src) by extensions ['cmake', 'python']
[1.477s] Level 1:colcon.colcon_core.package_identification:_identify(src) by extension 'cmake'
[1.477s] Level 1:colcon.colcon_core.package_identification:_identify(src) by extension 'python'
[1.477s] Level 1:colcon.colcon_core.package_identification:_identify(src) by extensions ['python_setup_py']
[1.477s] Level 1:colcon.colcon_core.package_identification:_identify(src) by extension 'python_setup_py'
[1.478s] Level 1:colcon.colcon_core.package_identification:_identify(src/simulation) by extensions ['ignore', 'ignore_ament_install']
[1.478s] Level 1:colcon.colcon_core.package_identification:_identify(src/simulation) by extension 'ignore'
[1.478s] Level 1:colcon.colcon_core.package_identification:_identify(src/simulation) by extension 'ignore_ament_install'
[1.478s] Level 1:colcon.colcon_core.package_identification:_identify(src/simulation) by extensions ['colcon_pkg']
[1.478s] Level 1:colcon.colcon_core.package_identification:_identify(src/simulation) by extension 'colcon_pkg'
[1.478s] Level 1:colcon.colcon_core.package_identification:_identify(src/simulation) by extensions ['colcon_meta']
[1.479s] Level 1:colcon.colcon_core.package_identification:_identify(src/simulation) by extension 'colcon_meta'
[1.479s] Level 1:colcon.colcon_core.package_identification:_identify(src/simulation) by extensions ['ros']
[1.479s] Level 1:colcon.colcon_core.package_identification:_identify(src/simulation) by extension 'ros'
[1.484s] DEBUG:colcon.colcon_core.package_identification:Package 'src/simulation' with type 'ros.ament_python' and name 'simulation'
[1.485s] Level 1:colcon.colcon_core.package_discovery:discover_packages(recursive) using defaults
[1.485s] Level 1:colcon.colcon_core.package_discovery:discover_packages(ignore) discover
[1.485s] Level 1:colcon.colcon_core.package_discovery:discover_packages(ignore) using defaults
[1.485s] Level 1:colcon.colcon_core.package_discovery:discover_packages(path) discover
[1.485s] Level 1:colcon.colcon_core.package_discovery:discover_packages(path) using defaults
[1.576s] Level 1:colcon.colcon_core.package_discovery:discover_packages(prefix_path) check parameters
[1.576s] Level 1:colcon.colcon_core.package_discovery:discover_packages(prefix_path) discover
[1.584s] DEBUG:colcon.colcon_installed_package_information.package_discovery:Found 1 installed packages in /home/osboxes/ros2_proj4a/install
[1.590s] DEBUG:colcon.colcon_installed_package_information.package_discovery:Found 2 installed packages in /home/osboxes/install
[1.600s] DEBUG:colcon.colcon_installed_package_information.package_discovery:Found 284 installed packages in /opt/ros/humble
[1.604s] Level 1:colcon.colcon_core.package_discovery:discover_packages(prefix_path) using defaults
[1.836s] Level 5:colcon.colcon_core.verb:set package 'simulation' build argument 'cmake_args' from command line to 'None'
[1.837s] Level 5:colcon.colcon_core.verb:set package 'simulation' build argument 'cmake_target' from command line to 'None'
[1.837s] Level 5:colcon.colcon_core.verb:set package 'simulation' build argument 'cmake_target_skip_unavailable' from command line to 'False'
[1.838s] Level 5:colcon.colcon_core.verb:set package 'simulation' build argument 'cmake_clean_cache' from command line to 'False'
[1.838s] Level 5:colcon.colcon_core.verb:set package 'simulation' build argument 'cmake_clean_first' from command line to 'False'
[1.838s] Level 5:colcon.colcon_core.verb:set package 'simulation' build argument 'cmake_force_configure' from command line to 'False'
[1.838s] Level 5:colcon.colcon_core.verb:set package 'simulation' build argument 'ament_cmake_args' from command line to 'None'
[1.838s] Level 5:colcon.colcon_core.verb:set package 'simulation' build argument 'catkin_cmake_args' from command line to 'None'
[1.838s] Level 5:colcon.colcon_core.verb:set package 'simulation' build argument 'catkin_skip_building_tests' from command line to 'False'
[1.838s] DEBUG:colcon.colcon_core.verb:Building package 'simulation' with the following arguments: {'ament_cmake_args': None, 'build_base': '/home/osboxes/ros2_proj4a/build/simulation', 'catkin_cmake_args': None, 'catkin_skip_building_tests': False, 'cmake_args': None, 'cmake_clean_cache': False, 'cmake_clean_first': False, 'cmake_force_configure': False, 'cmake_target': None, 'cmake_target_skip_unavailable': False, 'install_base': '/home/osboxes/ros2_proj4a/install/simulation', 'merge_install': False, 'path': '/home/osboxes/ros2_proj4a/src/simulation', 'symlink_install': False, 'test_result_base': None}
[1.841s] INFO:colcon.colcon_core.executor:Executing jobs using 'parallel' executor
[1.855s] DEBUG:colcon.colcon_parallel_executor.executor.parallel:run_until_complete
[1.856s] INFO:colcon.colcon_ros.task.ament_python.build:Building ROS package in '/home/osboxes/ros2_proj4a/src/simulation' with build type 'ament_python'
[1.856s] Level 1:colcon.colcon_core.shell:create_environment_hook('simulation', 'ament_prefix_path')
[1.875s] INFO:colcon.colcon_core.plugin_system:Skipping extension 'colcon_core.shell.bat': Not used on non-Windows systems
[1.876s] INFO:colcon.colcon_core.shell:Creating environment hook '/home/osboxes/ros2_proj4a/install/simulation/share/simulation/hook/ament_prefix_path.ps1'
[1.878s] INFO:colcon.colcon_core.shell:Creating environment descriptor '/home/osboxes/ros2_proj4a/install/simulation/share/simulation/hook/ament_prefix_path.dsv'
[1.879s] INFO:colcon.colcon_core.shell:Creating environment hook '/home/osboxes/ros2_proj4a/install/simulation/share/simulation/hook/ament_prefix_path.sh'
[1.885s] INFO:colcon.colcon_core.shell:Skip shell extension 'powershell' for command environment: Not usable outside of PowerShell
[1.885s] DEBUG:colcon.colcon_core.shell:Skip shell extension 'dsv' for command environment
[2.884s] INFO:colcon.colcon_core.task.python.build:Building Python package in '/home/osboxes/ros2_proj4a/src/simulation'
[2.888s] INFO:colcon.colcon_core.shell:Skip shell extension 'powershell' for command environment: Not usable outside of PowerShell
[2.888s] DEBUG:colcon.colcon_core.shell:Skip shell extension 'dsv' for command environment
[4.344s] DEBUG:colcon.colcon_core.event_handler.log_command:Invoking command in '/home/osboxes/ros2_proj4a/build/simulation': PYTHONPATH=/home/osboxes/ros2_proj4a/build/simulation/prefix_override:/home/osboxes/ros2_proj4a/install/simulation/lib/python3.10/site-packages:${PYTHONPATH} /usr/bin/python3 setup.py develop --uninstall --editable --build-directory /home/osboxes/ros2_proj4a/build/simulation/build
[5.844s] DEBUG:colcon.colcon_core.event_handler.log_command:Invoked command in '/home/osboxes/ros2_proj4a/build/simulation' returned '0': PYTHONPATH=/home/osboxes/ros2_proj4a/build/simulation/prefix_override:/home/osboxes/ros2_proj4a/install/simulation/lib/python3.10/site-packages:${PYTHONPATH} /usr/bin/python3 setup.py develop --uninstall --editable --build-directory /home/osboxes/ros2_proj4a/build/simulation/build
[5.854s] DEBUG:colcon.colcon_core.event_handler.log_command:Invoking command in '/home/osboxes/ros2_proj4a/src/simulation': PYTHONPATH=/home/osboxes/ros2_proj4a/build/simulation/prefix_override:/home/osboxes/ros2_proj4a/install/simulation/lib/python3.10/site-packages:${PYTHONPATH} /usr/bin/python3 setup.py egg_info --egg-base ../../build/simulation build --build-base /home/osboxes/ros2_proj4a/build/simulation/build install --record /home/osboxes/ros2_proj4a/build/simulation/install.log --single-version-externally-managed
[7.019s] DEBUG:colcon.colcon_core.event_handler.log_command:Invoked command in '/home/osboxes/ros2_proj4a/src/simulation' returned '0': PYTHONPATH=/home/osboxes/ros2_proj4a/build/simulation/prefix_override:/home/osboxes/ros2_proj4a/install/simulation/lib/python3.10/site-packages:${PYTHONPATH} /usr/bin/python3 setup.py egg_info --egg-base ../../build/simulation build --build-base /home/osboxes/ros2_proj4a/build/simulation/build install --record /home/osboxes/ros2_proj4a/build/simulation/install.log --single-version-externally-managed
[7.042s] Level 1:colcon.colcon_core.environment:checking '/home/osboxes/ros2_proj4a/install/simulation' for CMake module files
[7.043s] Level 1:colcon.colcon_core.environment:checking '/home/osboxes/ros2_proj4a/install/simulation' for CMake config files
[7.045s] Level 1:colcon.colcon_core.environment:checking '/home/osboxes/ros2_proj4a/install/simulation/lib'
[7.045s] Level 1:colcon.colcon_core.environment:checking '/home/osboxes/ros2_proj4a/install/simulation/bin'
[7.046s] Level 1:colcon.colcon_core.environment:checking '/home/osboxes/ros2_proj4a/install/simulation/lib/pkgconfig/simulation.pc'
[7.046s] Level 1:colcon.colcon_core.environment:checking '/home/osboxes/ros2_proj4a/install/simulation/lib/python3.10/site-packages'
[7.046s] Level 1:colcon.colcon_core.shell:create_environment_hook('simulation', 'pythonpath')
[7.050s] INFO:colcon.colcon_core.shell:Creating environment hook '/home/osboxes/ros2_proj4a/install/simulation/share/simulation/hook/pythonpath.ps1'
[7.051s] INFO:colcon.colcon_core.shell:Creating environment descriptor '/home/osboxes/ros2_proj4a/install/simulation/share/simulation/hook/pythonpath.dsv'
[7.052s] INFO:colcon.colcon_core.shell:Creating environment hook '/home/osboxes/ros2_proj4a/install/simulation/share/simulation/hook/pythonpath.sh'
[7.054s] Level 1:colcon.colcon_core.environment:checking '/home/osboxes/ros2_proj4a/install/simulation/bin'
[7.055s] Level 1:colcon.colcon_core.environment:create_environment_scripts_only(simulation)
[7.061s] INFO:colcon.colcon_core.shell:Creating package script '/home/osboxes/ros2_proj4a/install/simulation/share/simulation/package.ps1'
[7.067s] INFO:colcon.colcon_core.shell:Creating package descriptor '/home/osboxes/ros2_proj4a/install/simulation/share/simulation/package.dsv'
[7.070s] INFO:colcon.colcon_core.shell:Creating package script '/home/osboxes/ros2_proj4a/install/simulation/share/simulation/package.sh'
[7.076s] INFO:colcon.colcon_core.shell:Creating package script '/home/osboxes/ros2_proj4a/install/simulation/share/simulation/package.bash'
[7.078s] INFO:colcon.colcon_core.shell:Creating package script '/home/osboxes/ros2_proj4a/install/simulation/share/simulation/package.zsh'
[7.080s] Level 1:colcon.colcon_core.environment:create_file_with_runtime_dependencies(/home/osboxes/ros2_proj4a/install/simulation/share/colcon-core/packages/simulation)
[7.081s] DEBUG:colcon.colcon_parallel_executor.executor.parallel:closing loop
[7.082s] DEBUG:colcon.colcon_parallel_executor.executor.parallel:loop closed
[7.082s] DEBUG:colcon.colcon_parallel_executor.executor.parallel:run_until_complete finished with '0'
[7.082s] DEBUG:colcon.colcon_core.event_reactor:joining thread
[7.111s] INFO:colcon.colcon_core.plugin_system:Skipping extension 'colcon_notification.desktop_notification.terminal_notifier': Not used on non-Darwin systems
[7.111s] INFO:colcon.colcon_core.plugin_system:Skipping extension 'colcon_notification.desktop_notification.win32': Not used on non-Windows systems
[7.111s] INFO:colcon.colcon_notification.desktop_notification:Sending desktop notification using 'notify2'
[7.158s] DEBUG:colcon.colcon_core.event_reactor:joined thread
[7.161s] INFO:colcon.colcon_core.shell:Creating prefix script '/home/osboxes/ros2_proj4a/install/local_setup.ps1'
[7.163s] INFO:colcon.colcon_core.shell:Creating prefix util module '/home/osboxes/ros2_proj4a/install/_local_setup_util_ps1.py'
[7.167s] INFO:colcon.colcon_core.shell:Creating prefix chain script '/home/osboxes/ros2_proj4a/install/setup.ps1'
[7.177s] INFO:colcon.colcon_core.shell:Creating prefix script '/home/osboxes/ros2_proj4a/install/local_setup.sh'
[7.180s] INFO:colcon.colcon_core.shell:Creating prefix util module '/home/osboxes/ros2_proj4a/install/_local_setup_util_sh.py'
[7.189s] INFO:colcon.colcon_core.shell:Creating prefix chain script '/home/osboxes/ros2_proj4a/install/setup.sh'
[7.197s] INFO:colcon.colcon_core.shell:Creating prefix script '/home/osboxes/ros2_proj4a/install/local_setup.bash'
[7.205s] INFO:colcon.colcon_core.shell:Creating prefix chain script '/home/osboxes/ros2_proj4a/install/setup.bash'
[7.210s] INFO:colcon.colcon_core.shell:Creating prefix script '/home/osboxes/ros2_proj4a/install/local_setup.zsh'
[7.211s] INFO:colcon.colcon_core.shell:Creating prefix chain script '/home/osboxes/ros2_proj4a/install/setup.zsh'
