[1.203s] Invoking command in '/home/osboxes/ros2_proj4a/build/simulation': PYTHONPATH=/home/osboxes/ros2_proj4a/build/simulation/prefix_override:/home/osboxes/ros2_proj4a/install/simulation/lib/python3.10/site-packages:${PYTHONPATH} /usr/bin/python3 setup.py develop --uninstall --editable --build-directory /home/osboxes/ros2_proj4a/build/simulation/build
[1.696s] running develop
[2.074s] Invoked command in '/home/osboxes/ros2_proj4a/build/simulation' returned '0': PYTHONPATH=/home/osboxes/ros2_proj4a/build/simulation/prefix_override:/home/osboxes/ros2_proj4a/install/simulation/lib/python3.10/site-packages:${PYTHONPATH} /usr/bin/python3 setup.py develop --uninstall --editable --build-directory /home/osboxes/ros2_proj4a/build/simulation/build
[2.076s] Invoking command in '/home/osboxes/ros2_proj4a/src/simulation': PYTHONPATH=/home/osboxes/ros2_proj4a/build/simulation/prefix_override:/home/osboxes/ros2_proj4a/install/simulation/lib/python3.10/site-packages:${PYTHONPATH} /usr/bin/python3 setup.py egg_info --egg-base ../../build/simulation build --build-base /home/osboxes/ros2_proj4a/build/simulation/build install --record /home/osboxes/ros2_proj4a/build/simulation/install.log --single-version-externally-managed
[2.538s] running egg_info
[2.539s] writing ../../build/simulation/simulation.egg-info/PKG-INFO
[2.539s] writing dependency_links to ../../build/simulation/simulation.egg-info/dependency_links.txt
[2.539s] writing entry points to ../../build/simulation/simulation.egg-info/entry_points.txt
[2.540s] writing requirements to ../../build/simulation/simulation.egg-info/requires.txt
[2.540s] writing top-level names to ../../build/simulation/simulation.egg-info/top_level.txt
[2.543s] reading manifest file '../../build/simulation/simulation.egg-info/SOURCES.txt'
[2.545s] writing manifest file '../../build/simulation/simulation.egg-info/SOURCES.txt'
[2.545s] running build
[2.545s] running build_py
[2.545s] running install
[2.546s] running install_lib
[2.548s] running install_data
[2.549s] copying launch/launch.py -> /home/osboxes/ros2_proj4a/install/simulation/share/simulation
[2.550s] running install_egg_info
[2.553s] removing '/home/osboxes/ros2_proj4a/install/simulation/lib/python3.10/site-packages/simulation-0.0.0-py3.10.egg-info' (and everything under it)
[2.553s] Copying ../../build/simulation/simulation.egg-info to /home/osboxes/ros2_proj4a/install/simulation/lib/python3.10/site-packages/simulation-0.0.0-py3.10.egg-info
[2.555s] running install_scripts
[2.588s] Installing proj4a script to /home/osboxes/ros2_proj4a/install/simulation/lib/simulation
[2.589s] writing list of installed files to '/home/osboxes/ros2_proj4a/build/simulation/install.log'
[2.626s] Invoked command in '/home/osboxes/ros2_proj4a/src/simulation' returned '0': PYTHONPATH=/home/osboxes/ros2_proj4a/build/simulation/prefix_override:/home/osboxes/ros2_proj4a/install/simulation/lib/python3.10/site-packages:${PYTHONPATH} /usr/bin/python3 setup.py egg_info --egg-base ../../build/simulation build --build-base /home/osboxes/ros2_proj4a/build/simulation/build install --record /home/osboxes/ros2_proj4a/build/simulation/install.log --single-version-externally-managed
