[1.874s] Invoking command in '/home/osboxes/ros2_proj4a/build/simulation': PYTHONPATH=/home/osboxes/ros2_proj4a/build/simulation/prefix_override:/home/osboxes/ros2_proj4a/install/simulation/lib/python3.10/site-packages:${PYTHONPATH} /usr/bin/python3 setup.py develop --uninstall --editable --build-directory /home/osboxes/ros2_proj4a/build/simulation/build
[2.578s] running develop
[3.124s] Invoked command in '/home/osboxes/ros2_proj4a/build/simulation' returned '0': PYTHONPATH=/home/osboxes/ros2_proj4a/build/simulation/prefix_override:/home/osboxes/ros2_proj4a/install/simulation/lib/python3.10/site-packages:${PYTHONPATH} /usr/bin/python3 setup.py develop --uninstall --editable --build-directory /home/osboxes/ros2_proj4a/build/simulation/build
[3.124s] Invoking command in '/home/osboxes/ros2_proj4a/src/simulation': PYTHONPATH=/home/osboxes/ros2_proj4a/build/simulation/prefix_override:/home/osboxes/ros2_proj4a/install/simulation/lib/python3.10/site-packages:${PYTHONPATH} /usr/bin/python3 setup.py egg_info --egg-base ../../build/simulation build --build-base /home/osboxes/ros2_proj4a/build/simulation/build install --record /home/osboxes/ros2_proj4a/build/simulation/install.log --single-version-externally-managed
[3.785s] running egg_info
[3.786s] writing ../../build/simulation/simulation.egg-info/PKG-INFO
[3.791s] writing dependency_links to ../../build/simulation/simulation.egg-info/dependency_links.txt
[3.791s] writing entry points to ../../build/simulation/simulation.egg-info/entry_points.txt
[3.792s] writing requirements to ../../build/simulation/simulation.egg-info/requires.txt
[3.792s] writing top-level names to ../../build/simulation/simulation.egg-info/top_level.txt
[3.793s] reading manifest file '../../build/simulation/simulation.egg-info/SOURCES.txt'
[3.796s] writing manifest file '../../build/simulation/simulation.egg-info/SOURCES.txt'
[3.796s] running build
[3.797s] running build_py
[3.799s] copying simulation/proj4a.py -> /home/osboxes/ros2_proj4a/build/simulation/build/lib/simulation
[3.799s] running install
[3.800s] running install_lib
[3.800s] copying /home/osboxes/ros2_proj4a/build/simulation/build/lib/simulation/proj4a.py -> /home/osboxes/ros2_proj4a/install/simulation/lib/python3.10/site-packages/simulation
[3.801s] byte-compiling /home/osboxes/ros2_proj4a/install/simulation/lib/python3.10/site-packages/simulation/proj4a.py to proj4a.cpython-310.pyc
[3.818s] running install_data
[3.819s] running install_egg_info
[3.821s] removing '/home/osboxes/ros2_proj4a/install/simulation/lib/python3.10/site-packages/simulation-0.0.0-py3.10.egg-info' (and everything under it)
[3.821s] Copying ../../build/simulation/simulation.egg-info to /home/osboxes/ros2_proj4a/install/simulation/lib/python3.10/site-packages/simulation-0.0.0-py3.10.egg-info
[3.822s] running install_scripts
[3.855s] Installing proj4a script to /home/osboxes/ros2_proj4a/install/simulation/lib/simulation
[3.860s] writing list of installed files to '/home/osboxes/ros2_proj4a/build/simulation/install.log'
[3.964s] Invoked command in '/home/osboxes/ros2_proj4a/src/simulation' returned '0': PYTHONPATH=/home/osboxes/ros2_proj4a/build/simulation/prefix_override:/home/osboxes/ros2_proj4a/install/simulation/lib/python3.10/site-packages:${PYTHONPATH} /usr/bin/python3 setup.py egg_info --egg-base ../../build/simulation build --build-base /home/osboxes/ros2_proj4a/build/simulation/build install --record /home/osboxes/ros2_proj4a/build/simulation/install.log --single-version-externally-managed
