[2.049s] DEBUG:colcon:Command line arguments: ['/usr/bin/colcon', 'build']
[2.050s] DEBUG:colcon:Parsed command line arguments: Namespace(log_base=None, log_level=None, verb_name='build', build_base='build', install_base='install', merge_install=False, symlink_install=False, test_result_base=None, continue_on_error=False, executor='parallel', parallel_workers=5, event_handlers=None, ignore_user_meta=False, metas=['./colcon.meta'], base_paths=['.'], packages_ignore=None, packages_ignore_regex=None, paths=None, packages_up_to=None, packages_up_to_regex=None, packages_above=None, packages_above_and_dependencies=None, packages_above_depth=None, packages_select_by_dep=None, packages_skip_by_dep=None, packages_skip_up_to=None, packages_select_build_failed=False, packages_skip_build_finished=False, packages_select_test_failures=False, packages_skip_test_passed=False, packages_select=None, packages_skip=None, packages_select_regex=None, packages_skip_regex=None, packages_start=None, packages_end=None, allow_overriding=[], cmake_args=None, cmake_target=None, cmake_target_skip_unavailable=False, cmake_clean_cache=False, cmake_clean_first=False, cmake_force_configure=False, ament_cmake_args=None, catkin_cmake_args=None, catkin_skip_building_tests=False, verb_parser=<colcon_defaults.argument_parser.defaults.DefaultArgumentsDecorator object at 0x7f5dd14acd00>, verb_extension=<colcon_core.verb.build.BuildVerb object at 0x7f5dd14ac790>, main=<bound method BuildVerb.main of <colcon_core.verb.build.BuildVerb object at 0x7f5dd14ac790>>)
[2.190s] Level 1:colcon.colcon_core.package_discovery:discover_packages(colcon_meta) check parameters
[2.190s] Level 1:colcon.colcon_core.package_discovery:discover_packages(recursive) check parameters
[2.195s] Level 1:colcon.colcon_core.package_discovery:discover_packages(ignore) check parameters
[2.195s] Level 1:colcon.colcon_core.package_discovery:discover_packages(path) check parameters
[2.195s] Level 1:colcon.colcon_core.package_discovery:discover_packages(colcon_meta) discover
[2.195s] Level 1:colcon.colcon_core.package_discovery:discover_packages(recursive) discover
[2.195s] INFO:colcon.colcon_core.package_discovery:Crawling recursively for packages in '/home/osboxes/ros2_proj4a'
[2.196s] Level 1:colcon.colcon_core.package_identification:_identify(.) by extensions ['ignore', 'ignore_ament_install']
[2.196s] Level 1:colcon.colcon_core.package_identification:_identify(.) by extension 'ignore'
[2.197s] Level 1:colcon.colcon_core.package_identification:_identify(.) by extension 'ignore_ament_install'
[2.197s] Level 1:colcon.colcon_core.package_identification:_identify(.) by extensions ['colcon_pkg']
[2.197s] Level 1:colcon.colcon_core.package_identification:_identify(.) by extension 'colcon_pkg'
[2.197s] Level 1:colcon.colcon_core.package_identification:_identify(.) by extensions ['colcon_meta']
[2.197s] Level 1:colcon.colcon_core.package_identification:_identify(.) by extension 'colcon_meta'
[2.197s] Level 1:colcon.colcon_core.package_identification:_identify(.) by extensions ['ros']
[2.197s] Level 1:colcon.colcon_core.package_identification:_identify(.) by extension 'ros'
[2.271s] Level 1:colcon.colcon_core.package_identification:_identify(.) by extensions ['cmake', 'python']
[2.271s] Level 1:colcon.colcon_core.package_identification:_identify(.) by extension 'cmake'
[2.271s] Level 1:colcon.colcon_core.package_identification:_identify(.) by extension 'python'
[2.271s] Level 1:colcon.colcon_core.package_identification:_identify(.) by extensions ['python_setup_py']
[2.271s] Level 1:colcon.colcon_core.package_identification:_identify(.) by extension 'python_setup_py'
[2.272s] Level 1:colcon.colcon_core.package_identification:_identify(bags) by extensions ['ignore', 'ignore_ament_install']
[2.272s] Level 1:colcon.colcon_core.package_identification:_identify(bags) by extension 'ignore'
[2.272s] Level 1:colcon.colcon_core.package_identification:_identify(bags) by extension 'ignore_ament_install'
[2.273s] Level 1:colcon.colcon_core.package_identification:_identify(bags) by extensions ['colcon_pkg']
[2.273s] Level 1:colcon.colcon_core.package_identification:_identify(bags) by extension 'colcon_pkg'
[2.273s] Level 1:colcon.colcon_core.package_identification:_identify(bags) by extensions ['colcon_meta']
[2.273s] Level 1:colcon.colcon_core.package_identification:_identify(bags) by extension 'colcon_meta'
[2.273s] Level 1:colcon.colcon_core.package_identification:_identify(bags) by extensions ['ros']
[2.273s] Level 1:colcon.colcon_core.package_identification:_identify(bags) by extension 'ros'
[2.277s] Level 1:colcon.colcon_core.package_identification:_identify(bags) by extensions ['cmake', 'python']
[2.278s] Level 1:colcon.colcon_core.package_identification:_identify(bags) by extension 'cmake'
[2.278s] Level 1:colcon.colcon_core.package_identification:_identify(bags) by extension 'python'
[2.279s] Level 1:colcon.colcon_core.package_identification:_identify(bags) by extensions ['python_setup_py']
[2.279s] Level 1:colcon.colcon_core.package_identification:_identify(bags) by extension 'python_setup_py'
[2.280s] Level 1:colcon.colcon_core.package_identification:_identify(bags/input1) by extensions ['ignore', 'ignore_ament_install']
[2.280s] Level 1:colcon.colcon_core.package_identification:_identify(bags/input1) by extension 'ignore'
[2.280s] Level 1:colcon.colcon_core.package_identification:_identify(bags/input1) by extension 'ignore_ament_install'
[2.280s] Level 1:colcon.colcon_core.package_identification:_identify(bags/input1) by extensions ['colcon_pkg']
[2.280s] Level 1:colcon.colcon_core.package_identification:_identify(bags/input1) by extension 'colcon_pkg'
[2.281s] Level 1:colcon.colcon_core.package_identification:_identify(bags/input1) by extensions ['colcon_meta']
[2.281s] Level 1:colcon.colcon_core.package_identification:_identify(bags/input1) by extension 'colcon_meta'
[2.281s] Level 1:colcon.colcon_core.package_identification:_identify(bags/input1) by extensions ['ros']
[2.281s] Level 1:colcon.colcon_core.package_identification:_identify(bags/input1) by extension 'ros'
[2.281s] Level 1:colcon.colcon_core.package_identification:_identify(bags/input1) by extensions ['cmake', 'python']
[2.281s] Level 1:colcon.colcon_core.package_identification:_identify(bags/input1) by extension 'cmake'
[2.281s] Level 1:colcon.colcon_core.package_identification:_identify(bags/input1) by extension 'python'
[2.282s] Level 1:colcon.colcon_core.package_identification:_identify(bags/input1) by extensions ['python_setup_py']
[2.282s] Level 1:colcon.colcon_core.package_identification:_identify(bags/input1) by extension 'python_setup_py'
[2.282s] Level 1:colcon.colcon_core.package_identification:_identify(bags/input2) by extensions ['ignore', 'ignore_ament_install']
[2.283s] Level 1:colcon.colcon_core.package_identification:_identify(bags/input2) by extension 'ignore'
[2.283s] Level 1:colcon.colcon_core.package_identification:_identify(bags/input2) by extension 'ignore_ament_install'
[2.283s] Level 1:colcon.colcon_core.package_identification:_identify(bags/input2) by extensions ['colcon_pkg']
[2.283s] Level 1:colcon.colcon_core.package_identification:_identify(bags/input2) by extension 'colcon_pkg'
[2.283s] Level 1:colcon.colcon_core.package_identification:_identify(bags/input2) by extensions ['colcon_meta']
[2.284s] Level 1:colcon.colcon_core.package_identification:_identify(bags/input2) by extension 'colcon_meta'
[2.284s] Level 1:colcon.colcon_core.package_identification:_identify(bags/input2) by extensions ['ros']
[2.284s] Level 1:colcon.colcon_core.package_identification:_identify(bags/input2) by extension 'ros'
[2.284s] Level 1:colcon.colcon_core.package_identification:_identify(bags/input2) by extensions ['cmake', 'python']
[2.284s] Level 1:colcon.colcon_core.package_identification:_identify(bags/input2) by extension 'cmake'
[2.284s] Level 1:colcon.colcon_core.package_identification:_identify(bags/input2) by extension 'python'
[2.285s] Level 1:colcon.colcon_core.package_identification:_identify(bags/input2) by extensions ['python_setup_py']
[2.285s] Level 1:colcon.colcon_core.package_identification:_identify(bags/input2) by extension 'python_setup_py'
[2.285s] Level 1:colcon.colcon_core.package_identification:_identify(build) by extensions ['ignore', 'ignore_ament_install']
[2.286s] Level 1:colcon.colcon_core.package_identification:_identify(build) by extension 'ignore'
[2.286s] Level 1:colcon.colcon_core.package_identification:_identify(build) ignored
[2.286s] Level 1:colcon.colcon_core.package_identification:_identify(install) by extensions ['ignore', 'ignore_ament_install']
[2.287s] Level 1:colcon.colcon_core.package_identification:_identify(install) by extension 'ignore'
[2.287s] Level 1:colcon.colcon_core.package_identification:_identify(install) ignored
[2.288s] Level 1:colcon.colcon_core.package_identification:_identify(log) by extensions ['ignore', 'ignore_ament_install']
[2.288s] Level 1:colcon.colcon_core.package_identification:_identify(log) by extension 'ignore'
[2.288s] Level 1:colcon.colcon_core.package_identification:_identify(log) ignored
[2.288s] Level 1:colcon.colcon_core.package_identification:_identify(src) by extensions ['ignore', 'ignore_ament_install']
[2.289s] Level 1:colcon.colcon_core.package_identification:_identify(src) by extension 'ignore'
[2.289s] Level 1:colcon.colcon_core.package_identification:_identify(src) by extension 'ignore_ament_install'
[2.289s] Level 1:colcon.colcon_core.package_identification:_identify(src) by extensions ['colcon_pkg']
[2.289s] Level 1:colcon.colcon_core.package_identification:_identify(src) by extension 'colcon_pkg'
[2.289s] Level 1:colcon.colcon_core.package_identification:_identify(src) by extensions ['colcon_meta']
[2.289s] Level 1:colcon.colcon_core.package_identification:_identify(src) by extension 'colcon_meta'
[2.289s] Level 1:colcon.colcon_core.package_identification:_identify(src) by extensions ['ros']
[2.289s] Level 1:colcon.colcon_core.package_identification:_identify(src) by extension 'ros'
[2.292s] Level 1:colcon.colcon_core.package_identification:_identify(src) by extensions ['cmake', 'python']
[2.292s] Level 1:colcon.colcon_core.package_identification:_identify(src) by extension 'cmake'
[2.292s] Level 1:colcon.colcon_core.package_identification:_identify(src) by extension 'python'
[2.292s] Level 1:colcon.colcon_core.package_identification:_identify(src) by extensions ['python_setup_py']
[2.292s] Level 1:colcon.colcon_core.package_identification:_identify(src) by extension 'python_setup_py'
[2.293s] Level 1:colcon.colcon_core.package_identification:_identify(src/simulation) by extensions ['ignore', 'ignore_ament_install']
[2.293s] Level 1:colcon.colcon_core.package_identification:_identify(src/simulation) by extension 'ignore'
[2.294s] Level 1:colcon.colcon_core.package_identification:_identify(src/simulation) by extension 'ignore_ament_install'
[2.294s] Level 1:colcon.colcon_core.package_identification:_identify(src/simulation) by extensions ['colcon_pkg']
[2.294s] Level 1:colcon.colcon_core.package_identification:_identify(src/simulation) by extension 'colcon_pkg'
[2.294s] Level 1:colcon.colcon_core.package_identification:_identify(src/simulation) by extensions ['colcon_meta']
[2.294s] Level 1:colcon.colcon_core.package_identification:_identify(src/simulation) by extension 'colcon_meta'
[2.294s] Level 1:colcon.colcon_core.package_identification:_identify(src/simulation) by extensions ['ros']
[2.294s] Level 1:colcon.colcon_core.package_identification:_identify(src/simulation) by extension 'ros'
[2.306s] DEBUG:colcon.colcon_core.package_identification:Package 'src/simulation' with type 'ros.ament_python' and name 'simulation'
[2.307s] Level 1:colcon.colcon_core.package_discovery:discover_packages(recursive) using defaults
[2.307s] Level 1:colcon.colcon_core.package_discovery:discover_packages(ignore) discover
[2.307s] Level 1:colcon.colcon_core.package_discovery:discover_packages(ignore) using defaults
[2.307s] Level 1:colcon.colcon_core.package_discovery:discover_packages(path) discover
[2.307s] Level 1:colcon.colcon_core.package_discovery:discover_packages(path) using defaults
[2.482s] Level 1:colcon.colcon_core.package_discovery:discover_packages(prefix_path) check parameters
[2.482s] Level 1:colcon.colcon_core.package_discovery:discover_packages(prefix_path) discover
[2.493s] DEBUG:colcon.colcon_installed_package_information.package_discovery:Found 1 installed packages in /home/osboxes/ros2_proj4a/install
[2.496s] DEBUG:colcon.colcon_installed_package_information.package_discovery:Found 2 installed packages in /home/osboxes/install
[2.500s] DEBUG:colcon.colcon_installed_package_information.package_discovery:Found 284 installed packages in /opt/ros/humble
[2.502s] Level 1:colcon.colcon_core.package_discovery:discover_packages(prefix_path) using defaults
[2.787s] Level 5:colcon.colcon_core.verb:set package 'simulation' build argument 'cmake_args' from command line to 'None'
[2.787s] Level 5:colcon.colcon_core.verb:set package 'simulation' build argument 'cmake_target' from command line to 'None'
[2.787s] Level 5:colcon.colcon_core.verb:set package 'simulation' build argument 'cmake_target_skip_unavailable' from command line to 'False'
[2.787s] Level 5:colcon.colcon_core.verb:set package 'simulation' build argument 'cmake_clean_cache' from command line to 'False'
[2.787s] Level 5:colcon.colcon_core.verb:set package 'simulation' build argument 'cmake_clean_first' from command line to 'False'
[2.787s] Level 5:colcon.colcon_core.verb:set package 'simulation' build argument 'cmake_force_configure' from command line to 'False'
[2.787s] Level 5:colcon.colcon_core.verb:set package 'simulation' build argument 'ament_cmake_args' from command line to 'None'
[2.787s] Level 5:colcon.colcon_core.verb:set package 'simulation' build argument 'catkin_cmake_args' from command line to 'None'
[2.788s] Level 5:colcon.colcon_core.verb:set package 'simulation' build argument 'catkin_skip_building_tests' from command line to 'False'
[2.788s] DEBUG:colcon.colcon_core.verb:Building package 'simulation' with the following arguments: {'ament_cmake_args': None, 'build_base': '/home/osboxes/ros2_proj4a/build/simulation', 'catkin_cmake_args': None, 'catkin_skip_building_tests': False, 'cmake_args': None, 'cmake_clean_cache': False, 'cmake_clean_first': False, 'cmake_force_configure': False, 'cmake_target': None, 'cmake_target_skip_unavailable': False, 'install_base': '/home/osboxes/ros2_proj4a/install/simulation', 'merge_install': False, 'path': '/home/osboxes/ros2_proj4a/src/simulation', 'symlink_install': False, 'test_result_base': None}
[2.789s] INFO:colcon.colcon_core.executor:Executing jobs using 'parallel' executor
[2.805s] DEBUG:colcon.colcon_parallel_executor.executor.parallel:run_until_complete
[2.806s] INFO:colcon.colcon_ros.task.ament_python.build:Building ROS package in '/home/osboxes/ros2_proj4a/src/simulation' with build type 'ament_python'
[2.806s] Level 1:colcon.colcon_core.shell:create_environment_hook('simulation', 'ament_prefix_path')
[2.820s] INFO:colcon.colcon_core.plugin_system:Skipping extension 'colcon_core.shell.bat': Not used on non-Windows systems
[2.821s] INFO:colcon.colcon_core.shell:Creating environment hook '/home/osboxes/ros2_proj4a/install/simulation/share/simulation/hook/ament_prefix_path.ps1'
[2.823s] INFO:colcon.colcon_core.shell:Creating environment descriptor '/home/osboxes/ros2_proj4a/install/simulation/share/simulation/hook/ament_prefix_path.dsv'
[2.834s] INFO:colcon.colcon_core.shell:Creating environment hook '/home/osboxes/ros2_proj4a/install/simulation/share/simulation/hook/ament_prefix_path.sh'
[2.852s] INFO:colcon.colcon_core.shell:Skip shell extension 'powershell' for command environment: Not usable outside of PowerShell
[2.852s] DEBUG:colcon.colcon_core.shell:Skip shell extension 'dsv' for command environment
[3.884s] INFO:colcon.colcon_core.task.python.build:Building Python package in '/home/osboxes/ros2_proj4a/src/simulation'
[3.887s] INFO:colcon.colcon_core.shell:Skip shell extension 'powershell' for command environment: Not usable outside of PowerShell
[3.888s] DEBUG:colcon.colcon_core.shell:Skip shell extension 'dsv' for command environment
[5.361s] DEBUG:colcon.colcon_core.event_handler.log_command:Invoking command in '/home/osboxes/ros2_proj4a/build/simulation': PYTHONPATH=/home/osboxes/ros2_proj4a/build/simulation/prefix_override:/home/osboxes/ros2_proj4a/install/simulation/lib/python3.10/site-packages:${PYTHONPATH} /usr/bin/python3 setup.py develop --uninstall --editable --build-directory /home/osboxes/ros2_proj4a/build/simulation/build
[6.725s] DEBUG:colcon.colcon_core.event_handler.log_command:Invoked command in '/home/osboxes/ros2_proj4a/build/simulation' returned '0': PYTHONPATH=/home/osboxes/ros2_proj4a/build/simulation/prefix_override:/home/osboxes/ros2_proj4a/install/simulation/lib/python3.10/site-packages:${PYTHONPATH} /usr/bin/python3 setup.py develop --uninstall --editable --build-directory /home/osboxes/ros2_proj4a/build/simulation/build
[6.726s] DEBUG:colcon.colcon_core.event_handler.log_command:Invoking command in '/home/osboxes/ros2_proj4a/src/simulation': PYTHONPATH=/home/osboxes/ros2_proj4a/build/simulation/prefix_override:/home/osboxes/ros2_proj4a/install/simulation/lib/python3.10/site-packages:${PYTHONPATH} /usr/bin/python3 setup.py egg_info --egg-base ../../build/simulation build --build-base /home/osboxes/ros2_proj4a/build/simulation/build install --record /home/osboxes/ros2_proj4a/build/simulation/install.log --single-version-externally-managed
[7.593s] DEBUG:colcon.colcon_core.event_handler.log_command:Invoked command in '/home/osboxes/ros2_proj4a/src/simulation' returned '0': PYTHONPATH=/home/osboxes/ros2_proj4a/build/simulation/prefix_override:/home/osboxes/ros2_proj4a/install/simulation/lib/python3.10/site-packages:${PYTHONPATH} /usr/bin/python3 setup.py egg_info --egg-base ../../build/simulation build --build-base /home/osboxes/ros2_proj4a/build/simulation/build install --record /home/osboxes/ros2_proj4a/build/simulation/install.log --single-version-externally-managed
[7.636s] Level 1:colcon.colcon_core.environment:checking '/home/osboxes/ros2_proj4a/install/simulation' for CMake module files
[7.637s] Level 1:colcon.colcon_core.environment:checking '/home/osboxes/ros2_proj4a/install/simulation' for CMake config files
[7.648s] Level 1:colcon.colcon_core.environment:checking '/home/osboxes/ros2_proj4a/install/simulation/lib'
[7.648s] Level 1:colcon.colcon_core.environment:checking '/home/osboxes/ros2_proj4a/install/simulation/bin'
[7.649s] Level 1:colcon.colcon_core.environment:checking '/home/osboxes/ros2_proj4a/install/simulation/lib/pkgconfig/simulation.pc'
[7.649s] Level 1:colcon.colcon_core.environment:checking '/home/osboxes/ros2_proj4a/install/simulation/lib/python3.10/site-packages'
[7.649s] Level 1:colcon.colcon_core.shell:create_environment_hook('simulation', 'pythonpath')
[7.651s] INFO:colcon.colcon_core.shell:Creating environment hook '/home/osboxes/ros2_proj4a/install/simulation/share/simulation/hook/pythonpath.ps1'
[7.652s] INFO:colcon.colcon_core.shell:Creating environment descriptor '/home/osboxes/ros2_proj4a/install/simulation/share/simulation/hook/pythonpath.dsv'
[7.654s] INFO:colcon.colcon_core.shell:Creating environment hook '/home/osboxes/ros2_proj4a/install/simulation/share/simulation/hook/pythonpath.sh'
[7.693s] Level 1:colcon.colcon_core.environment:checking '/home/osboxes/ros2_proj4a/install/simulation/bin'
[7.693s] Level 1:colcon.colcon_core.environment:create_environment_scripts_only(simulation)
[7.700s] INFO:colcon.colcon_core.shell:Creating package script '/home/osboxes/ros2_proj4a/install/simulation/share/simulation/package.ps1'
[7.710s] INFO:colcon.colcon_core.shell:Creating package descriptor '/home/osboxes/ros2_proj4a/install/simulation/share/simulation/package.dsv'
[7.732s] INFO:colcon.colcon_core.shell:Creating package script '/home/osboxes/ros2_proj4a/install/simulation/share/simulation/package.sh'
[7.737s] INFO:colcon.colcon_core.shell:Creating package script '/home/osboxes/ros2_proj4a/install/simulation/share/simulation/package.bash'
[7.739s] INFO:colcon.colcon_core.shell:Creating package script '/home/osboxes/ros2_proj4a/install/simulation/share/simulation/package.zsh'
[7.745s] Level 1:colcon.colcon_core.environment:create_file_with_runtime_dependencies(/home/osboxes/ros2_proj4a/install/simulation/share/colcon-core/packages/simulation)
[7.748s] DEBUG:colcon.colcon_parallel_executor.executor.parallel:closing loop
[7.748s] DEBUG:colcon.colcon_parallel_executor.executor.parallel:loop closed
[7.748s] DEBUG:colcon.colcon_parallel_executor.executor.parallel:run_until_complete finished with '0'
[7.748s] DEBUG:colcon.colcon_core.event_reactor:joining thread
[7.790s] INFO:colcon.colcon_core.plugin_system:Skipping extension 'colcon_notification.desktop_notification.terminal_notifier': Not used on non-Darwin systems
[7.791s] INFO:colcon.colcon_core.plugin_system:Skipping extension 'colcon_notification.desktop_notification.win32': Not used on non-Windows systems
[7.791s] INFO:colcon.colcon_notification.desktop_notification:Sending desktop notification using 'notify2'
[8.009s] DEBUG:colcon.colcon_core.event_reactor:joined thread
[8.014s] INFO:colcon.colcon_core.shell:Creating prefix script '/home/osboxes/ros2_proj4a/install/local_setup.ps1'
[8.016s] INFO:colcon.colcon_core.shell:Creating prefix util module '/home/osboxes/ros2_proj4a/install/_local_setup_util_ps1.py'
[8.020s] INFO:colcon.colcon_core.shell:Creating prefix chain script '/home/osboxes/ros2_proj4a/install/setup.ps1'
[8.032s] INFO:colcon.colcon_core.shell:Creating prefix script '/home/osboxes/ros2_proj4a/install/local_setup.sh'
[8.034s] INFO:colcon.colcon_core.shell:Creating prefix util module '/home/osboxes/ros2_proj4a/install/_local_setup_util_sh.py'
[8.036s] INFO:colcon.colcon_core.shell:Creating prefix chain script '/home/osboxes/ros2_proj4a/install/setup.sh'
[8.052s] INFO:colcon.colcon_core.shell:Creating prefix script '/home/osboxes/ros2_proj4a/install/local_setup.bash'
[8.055s] INFO:colcon.colcon_core.shell:Creating prefix chain script '/home/osboxes/ros2_proj4a/install/setup.bash'
[8.066s] INFO:colcon.colcon_core.shell:Creating prefix script '/home/osboxes/ros2_proj4a/install/local_setup.zsh'
[8.083s] INFO:colcon.colcon_core.shell:Creating prefix chain script '/home/osboxes/ros2_proj4a/install/setup.zsh'
