[1.212s] Invoking command in '/home/osboxes/ros2_proj4a/build/simulation': PYTHONPATH=/home/osboxes/ros2_proj4a/build/simulation/prefix_override:/home/osboxes/ros2_proj4a/install/simulation/lib/python3.10/site-packages:${PYTHONPATH} /usr/bin/python3 setup.py develop --uninstall --editable --build-directory /home/osboxes/ros2_proj4a/build/simulation/build
[1.715s] running develop
[2.103s] Invoked command in '/home/osboxes/ros2_proj4a/build/simulation' returned '0': PYTHONPATH=/home/osboxes/ros2_proj4a/build/simulation/prefix_override:/home/osboxes/ros2_proj4a/install/simulation/lib/python3.10/site-packages:${PYTHONPATH} /usr/bin/python3 setup.py develop --uninstall --editable --build-directory /home/osboxes/ros2_proj4a/build/simulation/build
[2.106s] Invoking command in '/home/osboxes/ros2_proj4a/src/simulation': PYTHONPATH=/home/osboxes/ros2_proj4a/build/simulation/prefix_override:/home/osboxes/ros2_proj4a/install/simulation/lib/python3.10/site-packages:${PYTHONPATH} /usr/bin/python3 setup.py egg_info --egg-base ../../build/simulation build --build-base /home/osboxes/ros2_proj4a/build/simulation/build install --record /home/osboxes/ros2_proj4a/build/simulation/install.log --single-version-externally-managed
[2.580s] running egg_info
[2.581s] writing ../../build/simulation/simulation.egg-info/PKG-INFO
[2.581s] writing dependency_links to ../../build/simulation/simulation.egg-info/dependency_links.txt
[2.582s] writing entry points to ../../build/simulation/simulation.egg-info/entry_points.txt
[2.582s] writing requirements to ../../build/simulation/simulation.egg-info/requires.txt
[2.582s] writing top-level names to ../../build/simulation/simulation.egg-info/top_level.txt
[2.584s] reading manifest file '../../build/simulation/simulation.egg-info/SOURCES.txt'
[2.586s] writing manifest file '../../build/simulation/simulation.egg-info/SOURCES.txt'
[2.586s] running build
[2.586s] running build_py
[2.587s] running install
[2.587s] running install_lib
[2.589s] running install_data
[2.590s] copying launch/launch.py -> /home/osboxes/ros2_proj4a/install/simulation/share/simulation
[2.590s] running install_egg_info
[2.592s] removing '/home/osboxes/ros2_proj4a/install/simulation/lib/python3.10/site-packages/simulation-0.0.0-py3.10.egg-info' (and everything under it)
[2.593s] Copying ../../build/simulation/simulation.egg-info to /home/osboxes/ros2_proj4a/install/simulation/lib/python3.10/site-packages/simulation-0.0.0-py3.10.egg-info
[2.594s] running install_scripts
[2.625s] Installing proj4a script to /home/osboxes/ros2_proj4a/install/simulation/lib/simulation
[2.625s] writing list of installed files to '/home/osboxes/ros2_proj4a/build/simulation/install.log'
[2.680s] Invoked command in '/home/osboxes/ros2_proj4a/src/simulation' returned '0': PYTHONPATH=/home/osboxes/ros2_proj4a/build/simulation/prefix_override:/home/osboxes/ros2_proj4a/install/simulation/lib/python3.10/site-packages:${PYTHONPATH} /usr/bin/python3 setup.py egg_info --egg-base ../../build/simulation build --build-base /home/osboxes/ros2_proj4a/build/simulation/build install --record /home/osboxes/ros2_proj4a/build/simulation/install.log --single-version-externally-managed
