[2.864s] Invoking command in '/home/osboxes/ros2_proj4a/build/simulation': PYTHONPATH=/home/osboxes/ros2_proj4a/build/simulation/prefix_override:/home/osboxes/ros2_proj4a/install/simulation/lib/python3.10/site-packages:${PYTHONPATH} /usr/bin/python3 setup.py develop --uninstall --editable --build-directory /home/osboxes/ros2_proj4a/build/simulation/build
[3.860s] running develop
[4.552s] Invoked command in '/home/osboxes/ros2_proj4a/build/simulation' returned '0': PYTHONPATH=/home/osboxes/ros2_proj4a/build/simulation/prefix_override:/home/osboxes/ros2_proj4a/install/simulation/lib/python3.10/site-packages:${PYTHONPATH} /usr/bin/python3 setup.py develop --uninstall --editable --build-directory /home/osboxes/ros2_proj4a/build/simulation/build
[4.554s] Invoking command in '/home/osboxes/ros2_proj4a/src/simulation': PYTHONPATH=/home/osboxes/ros2_proj4a/build/simulation/prefix_override:/home/osboxes/ros2_proj4a/install/simulation/lib/python3.10/site-packages:${PYTHONPATH} /usr/bin/python3 setup.py egg_info --egg-base ../../build/simulation build --build-base /home/osboxes/ros2_proj4a/build/simulation/build install --record /home/osboxes/ros2_proj4a/build/simulation/install.log --single-version-externally-managed
[5.389s] running egg_info
[5.391s] writing ../../build/simulation/simulation.egg-info/PKG-INFO
[5.392s] writing dependency_links to ../../build/simulation/simulation.egg-info/dependency_links.txt
[5.392s] writing entry points to ../../build/simulation/simulation.egg-info/entry_points.txt
[5.394s] writing requirements to ../../build/simulation/simulation.egg-info/requires.txt
[5.395s] writing top-level names to ../../build/simulation/simulation.egg-info/top_level.txt
[5.403s] reading manifest file '../../build/simulation/simulation.egg-info/SOURCES.txt'
[5.405s] writing manifest file '../../build/simulation/simulation.egg-info/SOURCES.txt'
[5.407s] running build
[5.407s] running build_py
[5.407s] copying simulation/nav_controller.py -> /home/osboxes/ros2_proj4a/build/simulation/build/lib/simulation
[5.407s] copying simulation/vel_translator.py -> /home/osboxes/ros2_proj4a/build/simulation/build/lib/simulation
[5.407s] running install
[5.408s] running install_lib
[5.412s] copying /home/osboxes/ros2_proj4a/build/simulation/build/lib/simulation/nav_controller.py -> /home/osboxes/ros2_proj4a/install/simulation/lib/python3.10/site-packages/simulation
[5.413s] copying /home/osboxes/ros2_proj4a/build/simulation/build/lib/simulation/vel_translator.py -> /home/osboxes/ros2_proj4a/install/simulation/lib/python3.10/site-packages/simulation
[5.415s] byte-compiling /home/osboxes/ros2_proj4a/install/simulation/lib/python3.10/site-packages/simulation/nav_controller.py to nav_controller.cpython-310.pyc
[5.424s] byte-compiling /home/osboxes/ros2_proj4a/install/simulation/lib/python3.10/site-packages/simulation/vel_translator.py to vel_translator.cpython-310.pyc
[5.427s] running install_data
[5.428s] running install_egg_info
[5.431s] removing '/home/osboxes/ros2_proj4a/install/simulation/lib/python3.10/site-packages/simulation-0.0.0-py3.10.egg-info' (and everything under it)
[5.431s] Copying ../../build/simulation/simulation.egg-info to /home/osboxes/ros2_proj4a/install/simulation/lib/python3.10/site-packages/simulation-0.0.0-py3.10.egg-info
[5.434s] running install_scripts
[5.494s] Installing nav_controller script to /home/osboxes/ros2_proj4a/install/simulation/lib/simulation
[5.495s] Installing proj4a script to /home/osboxes/ros2_proj4a/install/simulation/lib/simulation
[5.495s] Installing vel_translator script to /home/osboxes/ros2_proj4a/install/simulation/lib/simulation
[5.496s] writing list of installed files to '/home/osboxes/ros2_proj4a/build/simulation/install.log'
[5.603s] Invoked command in '/home/osboxes/ros2_proj4a/src/simulation' returned '0': PYTHONPATH=/home/osboxes/ros2_proj4a/build/simulation/prefix_override:/home/osboxes/ros2_proj4a/install/simulation/lib/python3.10/site-packages:${PYTHONPATH} /usr/bin/python3 setup.py egg_info --egg-base ../../build/simulation build --build-base /home/osboxes/ros2_proj4a/build/simulation/build install --record /home/osboxes/ros2_proj4a/build/simulation/install.log --single-version-externally-managed
