[1.237s] Invoking command in '/home/osboxes/ros2_proj4a/build/simulation': PYTHONPATH=/home/osboxes/ros2_proj4a/build/simulation/prefix_override:/home/osboxes/ros2_proj4a/install/simulation/lib/python3.10/site-packages:${PYTHONPATH} /usr/bin/python3 setup.py develop --uninstall --editable --build-directory /home/osboxes/ros2_proj4a/build/simulation/build
[1.743s] running develop
[2.126s] Invoked command in '/home/osboxes/ros2_proj4a/build/simulation' returned '0': PYTHONPATH=/home/osboxes/ros2_proj4a/build/simulation/prefix_override:/home/osboxes/ros2_proj4a/install/simulation/lib/python3.10/site-packages:${PYTHONPATH} /usr/bin/python3 setup.py develop --uninstall --editable --build-directory /home/osboxes/ros2_proj4a/build/simulation/build
[2.126s] Invoking command in '/home/osboxes/ros2_proj4a/src/simulation': PYTHONPATH=/home/osboxes/ros2_proj4a/build/simulation/prefix_override:/home/osboxes/ros2_proj4a/install/simulation/lib/python3.10/site-packages:${PYTHONPATH} /usr/bin/python3 setup.py egg_info --egg-base ../../build/simulation build --build-base /home/osboxes/ros2_proj4a/build/simulation/build install --record /home/osboxes/ros2_proj4a/build/simulation/install.log --single-version-externally-managed
[2.600s] running egg_info
[2.601s] writing ../../build/simulation/simulation.egg-info/PKG-INFO
[2.601s] writing dependency_links to ../../build/simulation/simulation.egg-info/dependency_links.txt
[2.602s] writing entry points to ../../build/simulation/simulation.egg-info/entry_points.txt
[2.602s] writing requirements to ../../build/simulation/simulation.egg-info/requires.txt
[2.602s] writing top-level names to ../../build/simulation/simulation.egg-info/top_level.txt
[2.605s] reading manifest file '../../build/simulation/simulation.egg-info/SOURCES.txt'
[2.607s] writing manifest file '../../build/simulation/simulation.egg-info/SOURCES.txt'
[2.607s] running build
[2.607s] running build_py
[2.607s] running install
[2.608s] running install_lib
[2.610s] running install_data
[2.611s] copying urdf/open.world -> /home/osboxes/ros2_proj4a/install/simulation/share/simulation
[2.612s] running install_egg_info
[2.615s] removing '/home/osboxes/ros2_proj4a/install/simulation/lib/python3.10/site-packages/simulation-0.0.0-py3.10.egg-info' (and everything under it)
[2.615s] Copying ../../build/simulation/simulation.egg-info to /home/osboxes/ros2_proj4a/install/simulation/lib/python3.10/site-packages/simulation-0.0.0-py3.10.egg-info
[2.617s] running install_scripts
[2.647s] Installing proj4a script to /home/osboxes/ros2_proj4a/install/simulation/lib/simulation
[2.647s] writing list of installed files to '/home/osboxes/ros2_proj4a/build/simulation/install.log'
[2.685s] Invoked command in '/home/osboxes/ros2_proj4a/src/simulation' returned '0': PYTHONPATH=/home/osboxes/ros2_proj4a/build/simulation/prefix_override:/home/osboxes/ros2_proj4a/install/simulation/lib/python3.10/site-packages:${PYTHONPATH} /usr/bin/python3 setup.py egg_info --egg-base ../../build/simulation build --build-base /home/osboxes/ros2_proj4a/build/simulation/build install --record /home/osboxes/ros2_proj4a/build/simulation/install.log --single-version-externally-managed
