[2.905s] Invoking command in '/home/osboxes/ros2_proj4a/build/simulation': PYTHONPATH=/home/osboxes/ros2_proj4a/build/simulation/prefix_override:/home/osboxes/ros2_proj4a/install/simulation/lib/python3.10/site-packages:${PYTHONPATH} /usr/bin/python3 setup.py develop --uninstall --editable --build-directory /home/osboxes/ros2_proj4a/build/simulation/build
[3.901s] running develop
[4.685s] Invoked command in '/home/osboxes/ros2_proj4a/build/simulation' returned '0': PYTHONPATH=/home/osboxes/ros2_proj4a/build/simulation/prefix_override:/home/osboxes/ros2_proj4a/install/simulation/lib/python3.10/site-packages:${PYTHONPATH} /usr/bin/python3 setup.py develop --uninstall --editable --build-directory /home/osboxes/ros2_proj4a/build/simulation/build
[4.701s] Invoking command in '/home/osboxes/ros2_proj4a/src/simulation': PYTHONPATH=/home/osboxes/ros2_proj4a/build/simulation/prefix_override:/home/osboxes/ros2_proj4a/install/simulation/lib/python3.10/site-packages:${PYTHONPATH} /usr/bin/python3 setup.py egg_info --egg-base ../../build/simulation build --build-base /home/osboxes/ros2_proj4a/build/simulation/build install --record /home/osboxes/ros2_proj4a/build/simulation/install.log --single-version-externally-managed
[5.838s] running egg_info
[5.840s] writing ../../build/simulation/simulation.egg-info/PKG-INFO
[5.841s] writing dependency_links to ../../build/simulation/simulation.egg-info/dependency_links.txt
[5.843s] writing entry points to ../../build/simulation/simulation.egg-info/entry_points.txt
[5.845s] writing requirements to ../../build/simulation/simulation.egg-info/requires.txt
[5.846s] writing top-level names to ../../build/simulation/simulation.egg-info/top_level.txt
[5.853s] reading manifest file '../../build/simulation/simulation.egg-info/SOURCES.txt'
[5.857s] writing manifest file '../../build/simulation/simulation.egg-info/SOURCES.txt'
[5.859s] running build
[5.860s] running build_py
[5.860s] copying simulation/nav_controller.py -> /home/osboxes/ros2_proj4a/build/simulation/build/lib/simulation
[5.860s] running install
[5.861s] running install_lib
[5.864s] copying /home/osboxes/ros2_proj4a/build/simulation/build/lib/simulation/nav_controller.py -> /home/osboxes/ros2_proj4a/install/simulation/lib/python3.10/site-packages/simulation
[5.873s] byte-compiling /home/osboxes/ros2_proj4a/install/simulation/lib/python3.10/site-packages/simulation/nav_controller.py to nav_controller.cpython-310.pyc
[5.889s] running install_data
[5.889s] running install_egg_info
[5.890s] removing '/home/osboxes/ros2_proj4a/install/simulation/lib/python3.10/site-packages/simulation-0.0.0-py3.10.egg-info' (and everything under it)
[5.890s] Copying ../../build/simulation/simulation.egg-info to /home/osboxes/ros2_proj4a/install/simulation/lib/python3.10/site-packages/simulation-0.0.0-py3.10.egg-info
[5.895s] running install_scripts
[5.966s] Installing nav_controller script to /home/osboxes/ros2_proj4a/install/simulation/lib/simulation
[5.967s] Installing proj4a script to /home/osboxes/ros2_proj4a/install/simulation/lib/simulation
[5.969s] Installing vel_translator script to /home/osboxes/ros2_proj4a/install/simulation/lib/simulation
[5.973s] writing list of installed files to '/home/osboxes/ros2_proj4a/build/simulation/install.log'
[6.119s] Invoked command in '/home/osboxes/ros2_proj4a/src/simulation' returned '0': PYTHONPATH=/home/osboxes/ros2_proj4a/build/simulation/prefix_override:/home/osboxes/ros2_proj4a/install/simulation/lib/python3.10/site-packages:${PYTHONPATH} /usr/bin/python3 setup.py egg_info --egg-base ../../build/simulation build --build-base /home/osboxes/ros2_proj4a/build/simulation/build install --record /home/osboxes/ros2_proj4a/build/simulation/install.log --single-version-externally-managed
