[1.039s] Invoking command in '/home/osboxes/ros2_proj4a/build/simulation': PYTHONPATH=/home/osboxes/ros2_proj4a/build/simulation/prefix_override:/home/osboxes/ros2_proj4a/install/simulation/lib/python3.10/site-packages:${PYTHONPATH} /usr/bin/python3 setup.py develop --uninstall --editable --build-directory /home/osboxes/ros2_proj4a/build/simulation/build
[1.418s] running develop
[1.707s] Invoked command in '/home/osboxes/ros2_proj4a/build/simulation' returned '0': PYTHONPATH=/home/osboxes/ros2_proj4a/build/simulation/prefix_override:/home/osboxes/ros2_proj4a/install/simulation/lib/python3.10/site-packages:${PYTHONPATH} /usr/bin/python3 setup.py develop --uninstall --editable --build-directory /home/osboxes/ros2_proj4a/build/simulation/build
[1.710s] Invoking command in '/home/osboxes/ros2_proj4a/src/simulation': PYTHONPATH=/home/osboxes/ros2_proj4a/build/simulation/prefix_override:/home/osboxes/ros2_proj4a/install/simulation/lib/python3.10/site-packages:${PYTHONPATH} /usr/bin/python3 setup.py egg_info --egg-base ../../build/simulation build --build-base /home/osboxes/ros2_proj4a/build/simulation/build install --record /home/osboxes/ros2_proj4a/build/simulation/install.log --single-version-externally-managed
[2.056s] running egg_info
[2.057s] writing ../../build/simulation/simulation.egg-info/PKG-INFO
[2.058s] writing dependency_links to ../../build/simulation/simulation.egg-info/dependency_links.txt
[2.060s] writing entry points to ../../build/simulation/simulation.egg-info/entry_points.txt
[2.066s] writing requirements to ../../build/simulation/simulation.egg-info/requires.txt
[2.068s] writing top-level names to ../../build/simulation/simulation.egg-info/top_level.txt
[2.073s] reading manifest file '../../build/simulation/simulation.egg-info/SOURCES.txt'
[2.074s] writing manifest file '../../build/simulation/simulation.egg-info/SOURCES.txt'
[2.076s] running build
[2.076s] running build_py
[2.077s] running install
[2.078s] running install_lib
[2.082s] running install_data
[2.083s] copying launch/launch.py -> /home/osboxes/ros2_proj4a/install/simulation/share/simulation
[2.084s] running install_egg_info
[2.087s] removing '/home/osboxes/ros2_proj4a/install/simulation/lib/python3.10/site-packages/simulation-0.0.0-py3.10.egg-info' (and everything under it)
[2.088s] Copying ../../build/simulation/simulation.egg-info to /home/osboxes/ros2_proj4a/install/simulation/lib/python3.10/site-packages/simulation-0.0.0-py3.10.egg-info
[2.090s] running install_scripts
[2.114s] Installing disc_robot script to /home/osboxes/ros2_proj4a/install/simulation/lib/simulation
[2.115s] Installing project4a script to /home/osboxes/ros2_proj4a/install/simulation/lib/simulation
[2.116s] writing list of installed files to '/home/osboxes/ros2_proj4a/build/simulation/install.log'
[2.144s] Invoked command in '/home/osboxes/ros2_proj4a/src/simulation' returned '0': PYTHONPATH=/home/osboxes/ros2_proj4a/build/simulation/prefix_override:/home/osboxes/ros2_proj4a/install/simulation/lib/python3.10/site-packages:${PYTHONPATH} /usr/bin/python3 setup.py egg_info --egg-base ../../build/simulation build --build-base /home/osboxes/ros2_proj4a/build/simulation/build install --record /home/osboxes/ros2_proj4a/build/simulation/install.log --single-version-externally-managed
